Performing C SOURCE FILE Test CMAKE_HAVE_LIBC_PTHREAD failed with the following output:
Change Dir: /home/membo/upmem-lib-membo/upmem-2021.3.0-Linux-x86_64/src/backends/build/CMakeFiles/CMakeTmp

Run Build Command(s):/usr/bin/make cmTC_6ccdb/fast && /usr/bin/make -f CMakeFiles/cmTC_6ccdb.dir/build.make CMakeFiles/cmTC_6ccdb.dir/build
make[1]: Entering directory '/home/membo/upmem-lib-membo/upmem-2021.3.0-Linux-x86_64/src/backends/build/CMakeFiles/CMakeTmp'
Building C object CMakeFiles/cmTC_6ccdb.dir/src.c.o
/usr/bin/cc   -Wall -Werror -Wextra -std=gnu11  -DCMAKE_HAVE_LIBC_PTHREAD   -o CMakeFiles/cmTC_6ccdb.dir/src.c.o   -c /home/membo/upmem-lib-membo/upmem-2021.3.0-Linux-x86_64/src/backends/build/CMakeFiles/CMakeTmp/src.c
Linking C executable cmTC_6ccdb
/usr/bin/cmake -E cmake_link_script CMakeFiles/cmTC_6ccdb.dir/link.txt --verbose=1
/usr/bin/cc  -Wall -Werror -Wextra -std=gnu11  -DCMAKE_HAVE_LIBC_PTHREAD  -Wl,--enable-new-dtags  CMakeFiles/cmTC_6ccdb.dir/src.c.o  -o cmTC_6ccdb 
/usr/bin/ld: CMakeFiles/cmTC_6ccdb.dir/src.c.o: in function `main':
src.c:(.text+0x46): undefined reference to `pthread_create'
/usr/bin/ld: src.c:(.text+0x52): undefined reference to `pthread_detach'
/usr/bin/ld: src.c:(.text+0x63): undefined reference to `pthread_join'
collect2: error: ld returned 1 exit status
make[1]: *** [CMakeFiles/cmTC_6ccdb.dir/build.make:87: cmTC_6ccdb] Error 1
make[1]: Leaving directory '/home/membo/upmem-lib-membo/upmem-2021.3.0-Linux-x86_64/src/backends/build/CMakeFiles/CMakeTmp'
make: *** [Makefile:121: cmTC_6ccdb/fast] Error 2


Source file was:
#include <pthread.h>

void* test_func(void* data)
{
  return data;
}

int main(void)
{
  pthread_t thread;
  pthread_create(&thread, NULL, test_func, NULL);
  pthread_detach(thread);
  pthread_join(thread, NULL);
  pthread_atfork(NULL, NULL, NULL);
  pthread_exit(NULL);

  return 0;
}

Determining if the function pthread_create exists in the pthreads failed with the following output:
Change Dir: /home/membo/upmem-lib-membo/upmem-2021.3.0-Linux-x86_64/src/backends/build/CMakeFiles/CMakeTmp

Run Build Command(s):/usr/bin/make cmTC_b22ec/fast && /usr/bin/make -f CMakeFiles/cmTC_b22ec.dir/build.make CMakeFiles/cmTC_b22ec.dir/build
make[1]: Entering directory '/home/membo/upmem-lib-membo/upmem-2021.3.0-Linux-x86_64/src/backends/build/CMakeFiles/CMakeTmp'
Building C object CMakeFiles/cmTC_b22ec.dir/CheckFunctionExists.c.o
/usr/bin/cc   -Wall -Werror -Wextra -std=gnu11  -DCHECK_FUNCTION_EXISTS=pthread_create   -o CMakeFiles/cmTC_b22ec.dir/CheckFunctionExists.c.o   -c /usr/share/cmake-3.16/Modules/CheckFunctionExists.c
Linking C executable cmTC_b22ec
/usr/bin/cmake -E cmake_link_script CMakeFiles/cmTC_b22ec.dir/link.txt --verbose=1
/usr/bin/cc  -Wall -Werror -Wextra -std=gnu11  -DCHECK_FUNCTION_EXISTS=pthread_create  -Wl,--enable-new-dtags  CMakeFiles/cmTC_b22ec.dir/CheckFunctionExists.c.o  -o cmTC_b22ec  -lpthreads 
/usr/bin/ld: cannot find -lpthreads
collect2: error: ld returned 1 exit status
make[1]: *** [CMakeFiles/cmTC_b22ec.dir/build.make:87: cmTC_b22ec] Error 1
make[1]: Leaving directory '/home/membo/upmem-lib-membo/upmem-2021.3.0-Linux-x86_64/src/backends/build/CMakeFiles/CMakeTmp'
make: *** [Makefile:121: cmTC_b22ec/fast] Error 2



Performing C SOURCE FILE Test C_HAS_SSE1_1 failed with the following compile output:
Change Dir: /home/membo/upmem-lib-membo/upmem-2021.3.0-Linux-x86_64/src/backends/build/CMakeFiles/CMakeTmp

Run Build Command(s):/usr/bin/make cmTC_eecee/fast && /usr/bin/make -f CMakeFiles/cmTC_eecee.dir/build.make CMakeFiles/cmTC_eecee.dir/build
make[1]: Entering directory '/home/membo/upmem-lib-membo/upmem-2021.3.0-Linux-x86_64/src/backends/build/CMakeFiles/CMakeTmp'
Building C object CMakeFiles/cmTC_eecee.dir/src.c.o
/usr/bin/cc   -Wall -Werror -Wextra -std=gnu11  -DC_HAS_SSE1_1   -o CMakeFiles/cmTC_eecee.dir/src.c.o   -c /home/membo/upmem-lib-membo/upmem-2021.3.0-Linux-x86_64/src/backends/build/CMakeFiles/CMakeTmp/src.c
/home/membo/upmem-lib-membo/upmem-2021.3.0-Linux-x86_64/src/backends/build/CMakeFiles/CMakeTmp/src.c: In function ‘main’:
/home/membo/upmem-lib-membo/upmem-2021.3.0-Linux-x86_64/src/backends/build/CMakeFiles/CMakeTmp/src.c:5:12: error: variable ‘a’ set but not used [-Werror=unused-but-set-variable]
     __m128 a;
            ^
cc1: all warnings being treated as errors
make[1]: *** [CMakeFiles/cmTC_eecee.dir/build.make:66: CMakeFiles/cmTC_eecee.dir/src.c.o] Error 1
make[1]: Leaving directory '/home/membo/upmem-lib-membo/upmem-2021.3.0-Linux-x86_64/src/backends/build/CMakeFiles/CMakeTmp'
make: *** [Makefile:121: cmTC_eecee/fast] Error 2


...and run output:

Return value: 1
Source file was:

  #include <xmmintrin.h>
  int main()
  {
    __m128 a;
    float vals[4] = {0,0,0,0};
    a = _mm_loadu_ps(vals);
    return 0;
  }
Performing C SOURCE FILE Test C_COMPILES_SSE1_1 failed with the following output:
Change Dir: /home/membo/upmem-lib-membo/upmem-2021.3.0-Linux-x86_64/src/backends/build/CMakeFiles/CMakeTmp

Run Build Command(s):/usr/bin/make cmTC_2a075/fast && /usr/bin/make -f CMakeFiles/cmTC_2a075.dir/build.make CMakeFiles/cmTC_2a075.dir/build
make[1]: Entering directory '/home/membo/upmem-lib-membo/upmem-2021.3.0-Linux-x86_64/src/backends/build/CMakeFiles/CMakeTmp'
Building C object CMakeFiles/cmTC_2a075.dir/src.c.o
/usr/bin/cc   -Wall -Werror -Wextra -std=gnu11  -DC_COMPILES_SSE1_1   -o CMakeFiles/cmTC_2a075.dir/src.c.o   -c /home/membo/upmem-lib-membo/upmem-2021.3.0-Linux-x86_64/src/backends/build/CMakeFiles/CMakeTmp/src.c
/home/membo/upmem-lib-membo/upmem-2021.3.0-Linux-x86_64/src/backends/build/CMakeFiles/CMakeTmp/src.c: In function ‘main’:
/home/membo/upmem-lib-membo/upmem-2021.3.0-Linux-x86_64/src/backends/build/CMakeFiles/CMakeTmp/src.c:5:12: error: variable ‘a’ set but not used [-Werror=unused-but-set-variable]
     __m128 a;
            ^
cc1: all warnings being treated as errors
make[1]: *** [CMakeFiles/cmTC_2a075.dir/build.make:66: CMakeFiles/cmTC_2a075.dir/src.c.o] Error 1
make[1]: Leaving directory '/home/membo/upmem-lib-membo/upmem-2021.3.0-Linux-x86_64/src/backends/build/CMakeFiles/CMakeTmp'
make: *** [Makefile:121: cmTC_2a075/fast] Error 2


Source file was:

  #include <xmmintrin.h>
  int main()
  {
    __m128 a;
    float vals[4] = {0,0,0,0};
    a = _mm_loadu_ps(vals);
    return 0;
  }
Performing C SOURCE FILE Test C_HAS_SSE1_2 failed with the following compile output:
Change Dir: /home/membo/upmem-lib-membo/upmem-2021.3.0-Linux-x86_64/src/backends/build/CMakeFiles/CMakeTmp

Run Build Command(s):/usr/bin/make cmTC_97680/fast && /usr/bin/make -f CMakeFiles/cmTC_97680.dir/build.make CMakeFiles/cmTC_97680.dir/build
make[1]: Entering directory '/home/membo/upmem-lib-membo/upmem-2021.3.0-Linux-x86_64/src/backends/build/CMakeFiles/CMakeTmp'
Building C object CMakeFiles/cmTC_97680.dir/src.c.o
/usr/bin/cc   -Wall -Werror -Wextra -std=gnu11  -DC_HAS_SSE1_2 -msse   -o CMakeFiles/cmTC_97680.dir/src.c.o   -c /home/membo/upmem-lib-membo/upmem-2021.3.0-Linux-x86_64/src/backends/build/CMakeFiles/CMakeTmp/src.c
/home/membo/upmem-lib-membo/upmem-2021.3.0-Linux-x86_64/src/backends/build/CMakeFiles/CMakeTmp/src.c: In function ‘main’:
/home/membo/upmem-lib-membo/upmem-2021.3.0-Linux-x86_64/src/backends/build/CMakeFiles/CMakeTmp/src.c:5:12: error: variable ‘a’ set but not used [-Werror=unused-but-set-variable]
     __m128 a;
            ^
cc1: all warnings being treated as errors
make[1]: *** [CMakeFiles/cmTC_97680.dir/build.make:66: CMakeFiles/cmTC_97680.dir/src.c.o] Error 1
make[1]: Leaving directory '/home/membo/upmem-lib-membo/upmem-2021.3.0-Linux-x86_64/src/backends/build/CMakeFiles/CMakeTmp'
make: *** [Makefile:121: cmTC_97680/fast] Error 2


...and run output:

Return value: 1
Source file was:

  #include <xmmintrin.h>
  int main()
  {
    __m128 a;
    float vals[4] = {0,0,0,0};
    a = _mm_loadu_ps(vals);
    return 0;
  }
Performing C SOURCE FILE Test C_COMPILES_SSE1_2 failed with the following output:
Change Dir: /home/membo/upmem-lib-membo/upmem-2021.3.0-Linux-x86_64/src/backends/build/CMakeFiles/CMakeTmp

Run Build Command(s):/usr/bin/make cmTC_4293f/fast && /usr/bin/make -f CMakeFiles/cmTC_4293f.dir/build.make CMakeFiles/cmTC_4293f.dir/build
make[1]: Entering directory '/home/membo/upmem-lib-membo/upmem-2021.3.0-Linux-x86_64/src/backends/build/CMakeFiles/CMakeTmp'
Building C object CMakeFiles/cmTC_4293f.dir/src.c.o
/usr/bin/cc   -Wall -Werror -Wextra -std=gnu11  -DC_COMPILES_SSE1_2 -msse   -o CMakeFiles/cmTC_4293f.dir/src.c.o   -c /home/membo/upmem-lib-membo/upmem-2021.3.0-Linux-x86_64/src/backends/build/CMakeFiles/CMakeTmp/src.c
/home/membo/upmem-lib-membo/upmem-2021.3.0-Linux-x86_64/src/backends/build/CMakeFiles/CMakeTmp/src.c: In function ‘main’:
/home/membo/upmem-lib-membo/upmem-2021.3.0-Linux-x86_64/src/backends/build/CMakeFiles/CMakeTmp/src.c:5:12: error: variable ‘a’ set but not used [-Werror=unused-but-set-variable]
     __m128 a;
            ^
cc1: all warnings being treated as errors
make[1]: *** [CMakeFiles/cmTC_4293f.dir/build.make:66: CMakeFiles/cmTC_4293f.dir/src.c.o] Error 1
make[1]: Leaving directory '/home/membo/upmem-lib-membo/upmem-2021.3.0-Linux-x86_64/src/backends/build/CMakeFiles/CMakeTmp'
make: *** [Makefile:121: cmTC_4293f/fast] Error 2


Source file was:

  #include <xmmintrin.h>
  int main()
  {
    __m128 a;
    float vals[4] = {0,0,0,0};
    a = _mm_loadu_ps(vals);
    return 0;
  }
Performing C SOURCE FILE Test C_HAS_SSE1_3 failed with the following compile output:
Change Dir: /home/membo/upmem-lib-membo/upmem-2021.3.0-Linux-x86_64/src/backends/build/CMakeFiles/CMakeTmp

Run Build Command(s):/usr/bin/make cmTC_c0f4b/fast && /usr/bin/make -f CMakeFiles/cmTC_c0f4b.dir/build.make CMakeFiles/cmTC_c0f4b.dir/build
make[1]: Entering directory '/home/membo/upmem-lib-membo/upmem-2021.3.0-Linux-x86_64/src/backends/build/CMakeFiles/CMakeTmp'
Building C object CMakeFiles/cmTC_c0f4b.dir/src.c.o
/usr/bin/cc   -Wall -Werror -Wextra -std=gnu11  -DC_HAS_SSE1_3 /arch:SSE   -o CMakeFiles/cmTC_c0f4b.dir/src.c.o   -c /home/membo/upmem-lib-membo/upmem-2021.3.0-Linux-x86_64/src/backends/build/CMakeFiles/CMakeTmp/src.c
cc: error: /arch:SSE: No such file or directory
make[1]: *** [CMakeFiles/cmTC_c0f4b.dir/build.make:66: CMakeFiles/cmTC_c0f4b.dir/src.c.o] Error 1
make[1]: Leaving directory '/home/membo/upmem-lib-membo/upmem-2021.3.0-Linux-x86_64/src/backends/build/CMakeFiles/CMakeTmp'
make: *** [Makefile:121: cmTC_c0f4b/fast] Error 2


...and run output:

Return value: 1
Source file was:

  #include <xmmintrin.h>
  int main()
  {
    __m128 a;
    float vals[4] = {0,0,0,0};
    a = _mm_loadu_ps(vals);
    return 0;
  }
Performing C SOURCE FILE Test C_COMPILES_SSE1_3 failed with the following output:
Change Dir: /home/membo/upmem-lib-membo/upmem-2021.3.0-Linux-x86_64/src/backends/build/CMakeFiles/CMakeTmp

Run Build Command(s):/usr/bin/make cmTC_c46bf/fast && /usr/bin/make -f CMakeFiles/cmTC_c46bf.dir/build.make CMakeFiles/cmTC_c46bf.dir/build
make[1]: Entering directory '/home/membo/upmem-lib-membo/upmem-2021.3.0-Linux-x86_64/src/backends/build/CMakeFiles/CMakeTmp'
Building C object CMakeFiles/cmTC_c46bf.dir/src.c.o
/usr/bin/cc   -Wall -Werror -Wextra -std=gnu11  -DC_COMPILES_SSE1_3 /arch:SSE   -o CMakeFiles/cmTC_c46bf.dir/src.c.o   -c /home/membo/upmem-lib-membo/upmem-2021.3.0-Linux-x86_64/src/backends/build/CMakeFiles/CMakeTmp/src.c
cc: error: /arch:SSE: No such file or directory
make[1]: *** [CMakeFiles/cmTC_c46bf.dir/build.make:66: CMakeFiles/cmTC_c46bf.dir/src.c.o] Error 1
make[1]: Leaving directory '/home/membo/upmem-lib-membo/upmem-2021.3.0-Linux-x86_64/src/backends/build/CMakeFiles/CMakeTmp'
make: *** [Makefile:121: cmTC_c46bf/fast] Error 2


Source file was:

  #include <xmmintrin.h>
  int main()
  {
    __m128 a;
    float vals[4] = {0,0,0,0};
    a = _mm_loadu_ps(vals);
    return 0;
  }
Performing C SOURCE FILE Test C_HAS_SSE2_1 failed with the following compile output:
Change Dir: /home/membo/upmem-lib-membo/upmem-2021.3.0-Linux-x86_64/src/backends/build/CMakeFiles/CMakeTmp

Run Build Command(s):/usr/bin/make cmTC_cb3a4/fast && /usr/bin/make -f CMakeFiles/cmTC_cb3a4.dir/build.make CMakeFiles/cmTC_cb3a4.dir/build
make[1]: Entering directory '/home/membo/upmem-lib-membo/upmem-2021.3.0-Linux-x86_64/src/backends/build/CMakeFiles/CMakeTmp'
Building C object CMakeFiles/cmTC_cb3a4.dir/src.c.o
/usr/bin/cc   -Wall -Werror -Wextra -std=gnu11  -DC_HAS_SSE2_1   -o CMakeFiles/cmTC_cb3a4.dir/src.c.o   -c /home/membo/upmem-lib-membo/upmem-2021.3.0-Linux-x86_64/src/backends/build/CMakeFiles/CMakeTmp/src.c
/home/membo/upmem-lib-membo/upmem-2021.3.0-Linux-x86_64/src/backends/build/CMakeFiles/CMakeTmp/src.c: In function ‘main’:
/home/membo/upmem-lib-membo/upmem-2021.3.0-Linux-x86_64/src/backends/build/CMakeFiles/CMakeTmp/src.c:5:13: error: variable ‘a’ set but not used [-Werror=unused-but-set-variable]
     __m128d a;
             ^
cc1: all warnings being treated as errors
make[1]: *** [CMakeFiles/cmTC_cb3a4.dir/build.make:66: CMakeFiles/cmTC_cb3a4.dir/src.c.o] Error 1
make[1]: Leaving directory '/home/membo/upmem-lib-membo/upmem-2021.3.0-Linux-x86_64/src/backends/build/CMakeFiles/CMakeTmp'
make: *** [Makefile:121: cmTC_cb3a4/fast] Error 2


...and run output:

Return value: 1
Source file was:

  #include <emmintrin.h>
  int main()
  {
    __m128d a;
    double vals[2] = {0,0};
    a = _mm_loadu_pd(vals);
    return 0;
  }
Performing C SOURCE FILE Test C_COMPILES_SSE2_1 failed with the following output:
Change Dir: /home/membo/upmem-lib-membo/upmem-2021.3.0-Linux-x86_64/src/backends/build/CMakeFiles/CMakeTmp

Run Build Command(s):/usr/bin/make cmTC_13c7e/fast && /usr/bin/make -f CMakeFiles/cmTC_13c7e.dir/build.make CMakeFiles/cmTC_13c7e.dir/build
make[1]: Entering directory '/home/membo/upmem-lib-membo/upmem-2021.3.0-Linux-x86_64/src/backends/build/CMakeFiles/CMakeTmp'
Building C object CMakeFiles/cmTC_13c7e.dir/src.c.o
/usr/bin/cc   -Wall -Werror -Wextra -std=gnu11  -DC_COMPILES_SSE2_1   -o CMakeFiles/cmTC_13c7e.dir/src.c.o   -c /home/membo/upmem-lib-membo/upmem-2021.3.0-Linux-x86_64/src/backends/build/CMakeFiles/CMakeTmp/src.c
/home/membo/upmem-lib-membo/upmem-2021.3.0-Linux-x86_64/src/backends/build/CMakeFiles/CMakeTmp/src.c: In function ‘main’:
/home/membo/upmem-lib-membo/upmem-2021.3.0-Linux-x86_64/src/backends/build/CMakeFiles/CMakeTmp/src.c:5:13: error: variable ‘a’ set but not used [-Werror=unused-but-set-variable]
     __m128d a;
             ^
cc1: all warnings being treated as errors
make[1]: *** [CMakeFiles/cmTC_13c7e.dir/build.make:66: CMakeFiles/cmTC_13c7e.dir/src.c.o] Error 1
make[1]: Leaving directory '/home/membo/upmem-lib-membo/upmem-2021.3.0-Linux-x86_64/src/backends/build/CMakeFiles/CMakeTmp'
make: *** [Makefile:121: cmTC_13c7e/fast] Error 2


Source file was:

  #include <emmintrin.h>
  int main()
  {
    __m128d a;
    double vals[2] = {0,0};
    a = _mm_loadu_pd(vals);
    return 0;
  }
Performing C SOURCE FILE Test C_HAS_SSE2_2 failed with the following compile output:
Change Dir: /home/membo/upmem-lib-membo/upmem-2021.3.0-Linux-x86_64/src/backends/build/CMakeFiles/CMakeTmp

Run Build Command(s):/usr/bin/make cmTC_9837e/fast && /usr/bin/make -f CMakeFiles/cmTC_9837e.dir/build.make CMakeFiles/cmTC_9837e.dir/build
make[1]: Entering directory '/home/membo/upmem-lib-membo/upmem-2021.3.0-Linux-x86_64/src/backends/build/CMakeFiles/CMakeTmp'
Building C object CMakeFiles/cmTC_9837e.dir/src.c.o
/usr/bin/cc   -Wall -Werror -Wextra -std=gnu11  -DC_HAS_SSE2_2 -msse2   -o CMakeFiles/cmTC_9837e.dir/src.c.o   -c /home/membo/upmem-lib-membo/upmem-2021.3.0-Linux-x86_64/src/backends/build/CMakeFiles/CMakeTmp/src.c
/home/membo/upmem-lib-membo/upmem-2021.3.0-Linux-x86_64/src/backends/build/CMakeFiles/CMakeTmp/src.c: In function ‘main’:
/home/membo/upmem-lib-membo/upmem-2021.3.0-Linux-x86_64/src/backends/build/CMakeFiles/CMakeTmp/src.c:5:13: error: variable ‘a’ set but not used [-Werror=unused-but-set-variable]
     __m128d a;
             ^
cc1: all warnings being treated as errors
make[1]: *** [CMakeFiles/cmTC_9837e.dir/build.make:66: CMakeFiles/cmTC_9837e.dir/src.c.o] Error 1
make[1]: Leaving directory '/home/membo/upmem-lib-membo/upmem-2021.3.0-Linux-x86_64/src/backends/build/CMakeFiles/CMakeTmp'
make: *** [Makefile:121: cmTC_9837e/fast] Error 2


...and run output:

Return value: 1
Source file was:

  #include <emmintrin.h>
  int main()
  {
    __m128d a;
    double vals[2] = {0,0};
    a = _mm_loadu_pd(vals);
    return 0;
  }
Performing C SOURCE FILE Test C_COMPILES_SSE2_2 failed with the following output:
Change Dir: /home/membo/upmem-lib-membo/upmem-2021.3.0-Linux-x86_64/src/backends/build/CMakeFiles/CMakeTmp

Run Build Command(s):/usr/bin/make cmTC_2c069/fast && /usr/bin/make -f CMakeFiles/cmTC_2c069.dir/build.make CMakeFiles/cmTC_2c069.dir/build
make[1]: Entering directory '/home/membo/upmem-lib-membo/upmem-2021.3.0-Linux-x86_64/src/backends/build/CMakeFiles/CMakeTmp'
Building C object CMakeFiles/cmTC_2c069.dir/src.c.o
/usr/bin/cc   -Wall -Werror -Wextra -std=gnu11  -DC_COMPILES_SSE2_2 -msse2   -o CMakeFiles/cmTC_2c069.dir/src.c.o   -c /home/membo/upmem-lib-membo/upmem-2021.3.0-Linux-x86_64/src/backends/build/CMakeFiles/CMakeTmp/src.c
/home/membo/upmem-lib-membo/upmem-2021.3.0-Linux-x86_64/src/backends/build/CMakeFiles/CMakeTmp/src.c: In function ‘main’:
/home/membo/upmem-lib-membo/upmem-2021.3.0-Linux-x86_64/src/backends/build/CMakeFiles/CMakeTmp/src.c:5:13: error: variable ‘a’ set but not used [-Werror=unused-but-set-variable]
     __m128d a;
             ^
cc1: all warnings being treated as errors
make[1]: *** [CMakeFiles/cmTC_2c069.dir/build.make:66: CMakeFiles/cmTC_2c069.dir/src.c.o] Error 1
make[1]: Leaving directory '/home/membo/upmem-lib-membo/upmem-2021.3.0-Linux-x86_64/src/backends/build/CMakeFiles/CMakeTmp'
make: *** [Makefile:121: cmTC_2c069/fast] Error 2


Source file was:

  #include <emmintrin.h>
  int main()
  {
    __m128d a;
    double vals[2] = {0,0};
    a = _mm_loadu_pd(vals);
    return 0;
  }
Performing C SOURCE FILE Test C_HAS_SSE2_3 failed with the following compile output:
Change Dir: /home/membo/upmem-lib-membo/upmem-2021.3.0-Linux-x86_64/src/backends/build/CMakeFiles/CMakeTmp

Run Build Command(s):/usr/bin/make cmTC_c7139/fast && /usr/bin/make -f CMakeFiles/cmTC_c7139.dir/build.make CMakeFiles/cmTC_c7139.dir/build
make[1]: Entering directory '/home/membo/upmem-lib-membo/upmem-2021.3.0-Linux-x86_64/src/backends/build/CMakeFiles/CMakeTmp'
Building C object CMakeFiles/cmTC_c7139.dir/src.c.o
/usr/bin/cc   -Wall -Werror -Wextra -std=gnu11  -DC_HAS_SSE2_3 /arch:SSE2   -o CMakeFiles/cmTC_c7139.dir/src.c.o   -c /home/membo/upmem-lib-membo/upmem-2021.3.0-Linux-x86_64/src/backends/build/CMakeFiles/CMakeTmp/src.c
cc: error: /arch:SSE2: No such file or directory
make[1]: *** [CMakeFiles/cmTC_c7139.dir/build.make:66: CMakeFiles/cmTC_c7139.dir/src.c.o] Error 1
make[1]: Leaving directory '/home/membo/upmem-lib-membo/upmem-2021.3.0-Linux-x86_64/src/backends/build/CMakeFiles/CMakeTmp'
make: *** [Makefile:121: cmTC_c7139/fast] Error 2


...and run output:

Return value: 1
Source file was:

  #include <emmintrin.h>
  int main()
  {
    __m128d a;
    double vals[2] = {0,0};
    a = _mm_loadu_pd(vals);
    return 0;
  }
Performing C SOURCE FILE Test C_COMPILES_SSE2_3 failed with the following output:
Change Dir: /home/membo/upmem-lib-membo/upmem-2021.3.0-Linux-x86_64/src/backends/build/CMakeFiles/CMakeTmp

Run Build Command(s):/usr/bin/make cmTC_79be5/fast && /usr/bin/make -f CMakeFiles/cmTC_79be5.dir/build.make CMakeFiles/cmTC_79be5.dir/build
make[1]: Entering directory '/home/membo/upmem-lib-membo/upmem-2021.3.0-Linux-x86_64/src/backends/build/CMakeFiles/CMakeTmp'
Building C object CMakeFiles/cmTC_79be5.dir/src.c.o
/usr/bin/cc   -Wall -Werror -Wextra -std=gnu11  -DC_COMPILES_SSE2_3 /arch:SSE2   -o CMakeFiles/cmTC_79be5.dir/src.c.o   -c /home/membo/upmem-lib-membo/upmem-2021.3.0-Linux-x86_64/src/backends/build/CMakeFiles/CMakeTmp/src.c
cc: error: /arch:SSE2: No such file or directory
make[1]: *** [CMakeFiles/cmTC_79be5.dir/build.make:66: CMakeFiles/cmTC_79be5.dir/src.c.o] Error 1
make[1]: Leaving directory '/home/membo/upmem-lib-membo/upmem-2021.3.0-Linux-x86_64/src/backends/build/CMakeFiles/CMakeTmp'
make: *** [Makefile:121: cmTC_79be5/fast] Error 2


Source file was:

  #include <emmintrin.h>
  int main()
  {
    __m128d a;
    double vals[2] = {0,0};
    a = _mm_loadu_pd(vals);
    return 0;
  }
Performing C SOURCE FILE Test C_HAS_SSE3_1 failed with the following compile output:
Change Dir: /home/membo/upmem-lib-membo/upmem-2021.3.0-Linux-x86_64/src/backends/build/CMakeFiles/CMakeTmp

Run Build Command(s):/usr/bin/make cmTC_862ff/fast && /usr/bin/make -f CMakeFiles/cmTC_862ff.dir/build.make CMakeFiles/cmTC_862ff.dir/build
make[1]: Entering directory '/home/membo/upmem-lib-membo/upmem-2021.3.0-Linux-x86_64/src/backends/build/CMakeFiles/CMakeTmp'
Building C object CMakeFiles/cmTC_862ff.dir/src.c.o
/usr/bin/cc   -Wall -Werror -Wextra -std=gnu11  -DC_HAS_SSE3_1   -o CMakeFiles/cmTC_862ff.dir/src.c.o   -c /home/membo/upmem-lib-membo/upmem-2021.3.0-Linux-x86_64/src/backends/build/CMakeFiles/CMakeTmp/src.c
/home/membo/upmem-lib-membo/upmem-2021.3.0-Linux-x86_64/src/backends/build/CMakeFiles/CMakeTmp/src.c: In function ‘main’:
/home/membo/upmem-lib-membo/upmem-2021.3.0-Linux-x86_64/src/backends/build/CMakeFiles/CMakeTmp/src.c:6:13: error: variable ‘a’ set but not used [-Werror=unused-but-set-variable]
     __m128i a;
             ^
In file included from /home/membo/upmem-lib-membo/upmem-2021.3.0-Linux-x86_64/src/backends/build/CMakeFiles/CMakeTmp/src.c:2:
/usr/lib/gcc/x86_64-linux-gnu/8/include/pmmintrin.h:110:1: error: inlining failed in call to always_inline ‘_mm_lddqu_si128’: target specific option mismatch
 _mm_lddqu_si128 (__m128i const *__P)
 ^~~~~~~~~~~~~~~
/home/membo/upmem-lib-membo/upmem-2021.3.0-Linux-x86_64/src/backends/build/CMakeFiles/CMakeTmp/src.c:7:9: note: called from here
     a = _mm_lddqu_si128( (const __m128i*)vals );
         ^~~~~~~~~~~~~~~~~~~~~~~~~~~~~~~~~~~~~~~
cc1: all warnings being treated as errors
make[1]: *** [CMakeFiles/cmTC_862ff.dir/build.make:66: CMakeFiles/cmTC_862ff.dir/src.c.o] Error 1
make[1]: Leaving directory '/home/membo/upmem-lib-membo/upmem-2021.3.0-Linux-x86_64/src/backends/build/CMakeFiles/CMakeTmp'
make: *** [Makefile:121: cmTC_862ff/fast] Error 2


...and run output:

Return value: 1
Source file was:

  #include <pmmintrin.h>
  int main( )
  {
    const int vals[4] = {0,0,0,0};
    __m128i a;
    a = _mm_lddqu_si128( (const __m128i*)vals );
    return 0;
  }
Performing C SOURCE FILE Test C_COMPILES_SSE3_1 failed with the following output:
Change Dir: /home/membo/upmem-lib-membo/upmem-2021.3.0-Linux-x86_64/src/backends/build/CMakeFiles/CMakeTmp

Run Build Command(s):/usr/bin/make cmTC_a1e7d/fast && /usr/bin/make -f CMakeFiles/cmTC_a1e7d.dir/build.make CMakeFiles/cmTC_a1e7d.dir/build
make[1]: Entering directory '/home/membo/upmem-lib-membo/upmem-2021.3.0-Linux-x86_64/src/backends/build/CMakeFiles/CMakeTmp'
Building C object CMakeFiles/cmTC_a1e7d.dir/src.c.o
/usr/bin/cc   -Wall -Werror -Wextra -std=gnu11  -DC_COMPILES_SSE3_1   -o CMakeFiles/cmTC_a1e7d.dir/src.c.o   -c /home/membo/upmem-lib-membo/upmem-2021.3.0-Linux-x86_64/src/backends/build/CMakeFiles/CMakeTmp/src.c
/home/membo/upmem-lib-membo/upmem-2021.3.0-Linux-x86_64/src/backends/build/CMakeFiles/CMakeTmp/src.c: In function ‘main’:
/home/membo/upmem-lib-membo/upmem-2021.3.0-Linux-x86_64/src/backends/build/CMakeFiles/CMakeTmp/src.c:6:13: error: variable ‘a’ set but not used [-Werror=unused-but-set-variable]
     __m128i a;
             ^
In file included from /home/membo/upmem-lib-membo/upmem-2021.3.0-Linux-x86_64/src/backends/build/CMakeFiles/CMakeTmp/src.c:2:
/usr/lib/gcc/x86_64-linux-gnu/8/include/pmmintrin.h:110:1: error: inlining failed in call to always_inline ‘_mm_lddqu_si128’: target specific option mismatch
 _mm_lddqu_si128 (__m128i const *__P)
 ^~~~~~~~~~~~~~~
/home/membo/upmem-lib-membo/upmem-2021.3.0-Linux-x86_64/src/backends/build/CMakeFiles/CMakeTmp/src.c:7:9: note: called from here
     a = _mm_lddqu_si128( (const __m128i*)vals );
         ^~~~~~~~~~~~~~~~~~~~~~~~~~~~~~~~~~~~~~~
cc1: all warnings being treated as errors
make[1]: *** [CMakeFiles/cmTC_a1e7d.dir/build.make:66: CMakeFiles/cmTC_a1e7d.dir/src.c.o] Error 1
make[1]: Leaving directory '/home/membo/upmem-lib-membo/upmem-2021.3.0-Linux-x86_64/src/backends/build/CMakeFiles/CMakeTmp'
make: *** [Makefile:121: cmTC_a1e7d/fast] Error 2


Source file was:

  #include <pmmintrin.h>
  int main( )
  {
    const int vals[4] = {0,0,0,0};
    __m128i a;
    a = _mm_lddqu_si128( (const __m128i*)vals );
    return 0;
  }
Performing C SOURCE FILE Test C_HAS_SSE3_2 failed with the following compile output:
Change Dir: /home/membo/upmem-lib-membo/upmem-2021.3.0-Linux-x86_64/src/backends/build/CMakeFiles/CMakeTmp

Run Build Command(s):/usr/bin/make cmTC_c93b7/fast && /usr/bin/make -f CMakeFiles/cmTC_c93b7.dir/build.make CMakeFiles/cmTC_c93b7.dir/build
make[1]: Entering directory '/home/membo/upmem-lib-membo/upmem-2021.3.0-Linux-x86_64/src/backends/build/CMakeFiles/CMakeTmp'
Building C object CMakeFiles/cmTC_c93b7.dir/src.c.o
/usr/bin/cc   -Wall -Werror -Wextra -std=gnu11  -DC_HAS_SSE3_2 -msse3   -o CMakeFiles/cmTC_c93b7.dir/src.c.o   -c /home/membo/upmem-lib-membo/upmem-2021.3.0-Linux-x86_64/src/backends/build/CMakeFiles/CMakeTmp/src.c
/home/membo/upmem-lib-membo/upmem-2021.3.0-Linux-x86_64/src/backends/build/CMakeFiles/CMakeTmp/src.c: In function ‘main’:
/home/membo/upmem-lib-membo/upmem-2021.3.0-Linux-x86_64/src/backends/build/CMakeFiles/CMakeTmp/src.c:6:13: error: variable ‘a’ set but not used [-Werror=unused-but-set-variable]
     __m128i a;
             ^
cc1: all warnings being treated as errors
make[1]: *** [CMakeFiles/cmTC_c93b7.dir/build.make:66: CMakeFiles/cmTC_c93b7.dir/src.c.o] Error 1
make[1]: Leaving directory '/home/membo/upmem-lib-membo/upmem-2021.3.0-Linux-x86_64/src/backends/build/CMakeFiles/CMakeTmp'
make: *** [Makefile:121: cmTC_c93b7/fast] Error 2


...and run output:

Return value: 1
Source file was:

  #include <pmmintrin.h>
  int main( )
  {
    const int vals[4] = {0,0,0,0};
    __m128i a;
    a = _mm_lddqu_si128( (const __m128i*)vals );
    return 0;
  }
Performing C SOURCE FILE Test C_COMPILES_SSE3_2 failed with the following output:
Change Dir: /home/membo/upmem-lib-membo/upmem-2021.3.0-Linux-x86_64/src/backends/build/CMakeFiles/CMakeTmp

Run Build Command(s):/usr/bin/make cmTC_cb82f/fast && /usr/bin/make -f CMakeFiles/cmTC_cb82f.dir/build.make CMakeFiles/cmTC_cb82f.dir/build
make[1]: Entering directory '/home/membo/upmem-lib-membo/upmem-2021.3.0-Linux-x86_64/src/backends/build/CMakeFiles/CMakeTmp'
Building C object CMakeFiles/cmTC_cb82f.dir/src.c.o
/usr/bin/cc   -Wall -Werror -Wextra -std=gnu11  -DC_COMPILES_SSE3_2 -msse3   -o CMakeFiles/cmTC_cb82f.dir/src.c.o   -c /home/membo/upmem-lib-membo/upmem-2021.3.0-Linux-x86_64/src/backends/build/CMakeFiles/CMakeTmp/src.c
/home/membo/upmem-lib-membo/upmem-2021.3.0-Linux-x86_64/src/backends/build/CMakeFiles/CMakeTmp/src.c: In function ‘main’:
/home/membo/upmem-lib-membo/upmem-2021.3.0-Linux-x86_64/src/backends/build/CMakeFiles/CMakeTmp/src.c:6:13: error: variable ‘a’ set but not used [-Werror=unused-but-set-variable]
     __m128i a;
             ^
cc1: all warnings being treated as errors
make[1]: *** [CMakeFiles/cmTC_cb82f.dir/build.make:66: CMakeFiles/cmTC_cb82f.dir/src.c.o] Error 1
make[1]: Leaving directory '/home/membo/upmem-lib-membo/upmem-2021.3.0-Linux-x86_64/src/backends/build/CMakeFiles/CMakeTmp'
make: *** [Makefile:121: cmTC_cb82f/fast] Error 2


Source file was:

  #include <pmmintrin.h>
  int main( )
  {
    const int vals[4] = {0,0,0,0};
    __m128i a;
    a = _mm_lddqu_si128( (const __m128i*)vals );
    return 0;
  }
Performing C SOURCE FILE Test C_HAS_SSE3_3 failed with the following compile output:
Change Dir: /home/membo/upmem-lib-membo/upmem-2021.3.0-Linux-x86_64/src/backends/build/CMakeFiles/CMakeTmp

Run Build Command(s):/usr/bin/make cmTC_b1598/fast && /usr/bin/make -f CMakeFiles/cmTC_b1598.dir/build.make CMakeFiles/cmTC_b1598.dir/build
make[1]: Entering directory '/home/membo/upmem-lib-membo/upmem-2021.3.0-Linux-x86_64/src/backends/build/CMakeFiles/CMakeTmp'
Building C object CMakeFiles/cmTC_b1598.dir/src.c.o
/usr/bin/cc   -Wall -Werror -Wextra -std=gnu11  -DC_HAS_SSE3_3 /arch:SSE3   -o CMakeFiles/cmTC_b1598.dir/src.c.o   -c /home/membo/upmem-lib-membo/upmem-2021.3.0-Linux-x86_64/src/backends/build/CMakeFiles/CMakeTmp/src.c
cc: error: /arch:SSE3: No such file or directory
make[1]: *** [CMakeFiles/cmTC_b1598.dir/build.make:66: CMakeFiles/cmTC_b1598.dir/src.c.o] Error 1
make[1]: Leaving directory '/home/membo/upmem-lib-membo/upmem-2021.3.0-Linux-x86_64/src/backends/build/CMakeFiles/CMakeTmp'
make: *** [Makefile:121: cmTC_b1598/fast] Error 2


...and run output:

Return value: 1
Source file was:

  #include <pmmintrin.h>
  int main( )
  {
    const int vals[4] = {0,0,0,0};
    __m128i a;
    a = _mm_lddqu_si128( (const __m128i*)vals );
    return 0;
  }
Performing C SOURCE FILE Test C_COMPILES_SSE3_3 failed with the following output:
Change Dir: /home/membo/upmem-lib-membo/upmem-2021.3.0-Linux-x86_64/src/backends/build/CMakeFiles/CMakeTmp

Run Build Command(s):/usr/bin/make cmTC_a8d1f/fast && /usr/bin/make -f CMakeFiles/cmTC_a8d1f.dir/build.make CMakeFiles/cmTC_a8d1f.dir/build
make[1]: Entering directory '/home/membo/upmem-lib-membo/upmem-2021.3.0-Linux-x86_64/src/backends/build/CMakeFiles/CMakeTmp'
Building C object CMakeFiles/cmTC_a8d1f.dir/src.c.o
/usr/bin/cc   -Wall -Werror -Wextra -std=gnu11  -DC_COMPILES_SSE3_3 /arch:SSE3   -o CMakeFiles/cmTC_a8d1f.dir/src.c.o   -c /home/membo/upmem-lib-membo/upmem-2021.3.0-Linux-x86_64/src/backends/build/CMakeFiles/CMakeTmp/src.c
cc: error: /arch:SSE3: No such file or directory
make[1]: *** [CMakeFiles/cmTC_a8d1f.dir/build.make:66: CMakeFiles/cmTC_a8d1f.dir/src.c.o] Error 1
make[1]: Leaving directory '/home/membo/upmem-lib-membo/upmem-2021.3.0-Linux-x86_64/src/backends/build/CMakeFiles/CMakeTmp'
make: *** [Makefile:121: cmTC_a8d1f/fast] Error 2


Source file was:

  #include <pmmintrin.h>
  int main( )
  {
    const int vals[4] = {0,0,0,0};
    __m128i a;
    a = _mm_lddqu_si128( (const __m128i*)vals );
    return 0;
  }
Performing C SOURCE FILE Test C_HAS_SSE4_1_1 failed with the following compile output:
Change Dir: /home/membo/upmem-lib-membo/upmem-2021.3.0-Linux-x86_64/src/backends/build/CMakeFiles/CMakeTmp

Run Build Command(s):/usr/bin/make cmTC_e58cd/fast && /usr/bin/make -f CMakeFiles/cmTC_e58cd.dir/build.make CMakeFiles/cmTC_e58cd.dir/build
make[1]: Entering directory '/home/membo/upmem-lib-membo/upmem-2021.3.0-Linux-x86_64/src/backends/build/CMakeFiles/CMakeTmp'
Building C object CMakeFiles/cmTC_e58cd.dir/src.c.o
/usr/bin/cc   -Wall -Werror -Wextra -std=gnu11  -DC_HAS_SSE4_1_1   -o CMakeFiles/cmTC_e58cd.dir/src.c.o   -c /home/membo/upmem-lib-membo/upmem-2021.3.0-Linux-x86_64/src/backends/build/CMakeFiles/CMakeTmp/src.c
/home/membo/upmem-lib-membo/upmem-2021.3.0-Linux-x86_64/src/backends/build/CMakeFiles/CMakeTmp/src.c: In function ‘main’:
/home/membo/upmem-lib-membo/upmem-2021.3.0-Linux-x86_64/src/backends/build/CMakeFiles/CMakeTmp/src.c:5:22: error: excess elements in vector initializer [-Werror]
     __m128i a = {0,0,0,0}, b = {0,0,0,0};
                      ^
/home/membo/upmem-lib-membo/upmem-2021.3.0-Linux-x86_64/src/backends/build/CMakeFiles/CMakeTmp/src.c:5:22: note: (near initialization for ‘a’)
/home/membo/upmem-lib-membo/upmem-2021.3.0-Linux-x86_64/src/backends/build/CMakeFiles/CMakeTmp/src.c:5:24: error: excess elements in vector initializer [-Werror]
     __m128i a = {0,0,0,0}, b = {0,0,0,0};
                        ^
/home/membo/upmem-lib-membo/upmem-2021.3.0-Linux-x86_64/src/backends/build/CMakeFiles/CMakeTmp/src.c:5:24: note: (near initialization for ‘a’)
/home/membo/upmem-lib-membo/upmem-2021.3.0-Linux-x86_64/src/backends/build/CMakeFiles/CMakeTmp/src.c:5:37: error: excess elements in vector initializer [-Werror]
     __m128i a = {0,0,0,0}, b = {0,0,0,0};
                                     ^
/home/membo/upmem-lib-membo/upmem-2021.3.0-Linux-x86_64/src/backends/build/CMakeFiles/CMakeTmp/src.c:5:37: note: (near initialization for ‘b’)
/home/membo/upmem-lib-membo/upmem-2021.3.0-Linux-x86_64/src/backends/build/CMakeFiles/CMakeTmp/src.c:5:39: error: excess elements in vector initializer [-Werror]
     __m128i a = {0,0,0,0}, b = {0,0,0,0};
                                       ^
/home/membo/upmem-lib-membo/upmem-2021.3.0-Linux-x86_64/src/backends/build/CMakeFiles/CMakeTmp/src.c:5:39: note: (near initialization for ‘b’)
/home/membo/upmem-lib-membo/upmem-2021.3.0-Linux-x86_64/src/backends/build/CMakeFiles/CMakeTmp/src.c:6:13: error: unused variable ‘res’ [-Werror=unused-variable]
     __m128i res = _mm_max_epi8(a, b);
             ^~~
In file included from /home/membo/upmem-lib-membo/upmem-2021.3.0-Linux-x86_64/src/backends/build/CMakeFiles/CMakeTmp/src.c:2:
/usr/lib/gcc/x86_64-linux-gnu/8/include/smmintrin.h:282:1: error: inlining failed in call to always_inline ‘_mm_max_epi8’: target specific option mismatch
 _mm_max_epi8 (__m128i __X, __m128i __Y)
 ^~~~~~~~~~~~
/home/membo/upmem-lib-membo/upmem-2021.3.0-Linux-x86_64/src/backends/build/CMakeFiles/CMakeTmp/src.c:6:19: note: called from here
     __m128i res = _mm_max_epi8(a, b);
                   ^~~~~~~~~~~~~~~~~~
cc1: all warnings being treated as errors
make[1]: *** [CMakeFiles/cmTC_e58cd.dir/build.make:66: CMakeFiles/cmTC_e58cd.dir/src.c.o] Error 1
make[1]: Leaving directory '/home/membo/upmem-lib-membo/upmem-2021.3.0-Linux-x86_64/src/backends/build/CMakeFiles/CMakeTmp'
make: *** [Makefile:121: cmTC_e58cd/fast] Error 2


...and run output:

Return value: 1
Source file was:

  #include <smmintrin.h>
  int main ()
  {
    __m128i a = {0,0,0,0}, b = {0,0,0,0};
    __m128i res = _mm_max_epi8(a, b);
    return 0;
  }

Performing C SOURCE FILE Test C_COMPILES_SSE4_1_1 failed with the following output:
Change Dir: /home/membo/upmem-lib-membo/upmem-2021.3.0-Linux-x86_64/src/backends/build/CMakeFiles/CMakeTmp

Run Build Command(s):/usr/bin/make cmTC_2135d/fast && /usr/bin/make -f CMakeFiles/cmTC_2135d.dir/build.make CMakeFiles/cmTC_2135d.dir/build
make[1]: Entering directory '/home/membo/upmem-lib-membo/upmem-2021.3.0-Linux-x86_64/src/backends/build/CMakeFiles/CMakeTmp'
Building C object CMakeFiles/cmTC_2135d.dir/src.c.o
/usr/bin/cc   -Wall -Werror -Wextra -std=gnu11  -DC_COMPILES_SSE4_1_1   -o CMakeFiles/cmTC_2135d.dir/src.c.o   -c /home/membo/upmem-lib-membo/upmem-2021.3.0-Linux-x86_64/src/backends/build/CMakeFiles/CMakeTmp/src.c
/home/membo/upmem-lib-membo/upmem-2021.3.0-Linux-x86_64/src/backends/build/CMakeFiles/CMakeTmp/src.c: In function ‘main’:
/home/membo/upmem-lib-membo/upmem-2021.3.0-Linux-x86_64/src/backends/build/CMakeFiles/CMakeTmp/src.c:5:22: error: excess elements in vector initializer [-Werror]
     __m128i a = {0,0,0,0}, b = {0,0,0,0};
                      ^
/home/membo/upmem-lib-membo/upmem-2021.3.0-Linux-x86_64/src/backends/build/CMakeFiles/CMakeTmp/src.c:5:22: note: (near initialization for ‘a’)
/home/membo/upmem-lib-membo/upmem-2021.3.0-Linux-x86_64/src/backends/build/CMakeFiles/CMakeTmp/src.c:5:24: error: excess elements in vector initializer [-Werror]
     __m128i a = {0,0,0,0}, b = {0,0,0,0};
                        ^
/home/membo/upmem-lib-membo/upmem-2021.3.0-Linux-x86_64/src/backends/build/CMakeFiles/CMakeTmp/src.c:5:24: note: (near initialization for ‘a’)
/home/membo/upmem-lib-membo/upmem-2021.3.0-Linux-x86_64/src/backends/build/CMakeFiles/CMakeTmp/src.c:5:37: error: excess elements in vector initializer [-Werror]
     __m128i a = {0,0,0,0}, b = {0,0,0,0};
                                     ^
/home/membo/upmem-lib-membo/upmem-2021.3.0-Linux-x86_64/src/backends/build/CMakeFiles/CMakeTmp/src.c:5:37: note: (near initialization for ‘b’)
/home/membo/upmem-lib-membo/upmem-2021.3.0-Linux-x86_64/src/backends/build/CMakeFiles/CMakeTmp/src.c:5:39: error: excess elements in vector initializer [-Werror]
     __m128i a = {0,0,0,0}, b = {0,0,0,0};
                                       ^
/home/membo/upmem-lib-membo/upmem-2021.3.0-Linux-x86_64/src/backends/build/CMakeFiles/CMakeTmp/src.c:5:39: note: (near initialization for ‘b’)
/home/membo/upmem-lib-membo/upmem-2021.3.0-Linux-x86_64/src/backends/build/CMakeFiles/CMakeTmp/src.c:6:13: error: unused variable ‘res’ [-Werror=unused-variable]
     __m128i res = _mm_max_epi8(a, b);
             ^~~
In file included from /home/membo/upmem-lib-membo/upmem-2021.3.0-Linux-x86_64/src/backends/build/CMakeFiles/CMakeTmp/src.c:2:
/usr/lib/gcc/x86_64-linux-gnu/8/include/smmintrin.h:282:1: error: inlining failed in call to always_inline ‘_mm_max_epi8’: target specific option mismatch
 _mm_max_epi8 (__m128i __X, __m128i __Y)
 ^~~~~~~~~~~~
/home/membo/upmem-lib-membo/upmem-2021.3.0-Linux-x86_64/src/backends/build/CMakeFiles/CMakeTmp/src.c:6:19: note: called from here
     __m128i res = _mm_max_epi8(a, b);
                   ^~~~~~~~~~~~~~~~~~
cc1: all warnings being treated as errors
make[1]: *** [CMakeFiles/cmTC_2135d.dir/build.make:66: CMakeFiles/cmTC_2135d.dir/src.c.o] Error 1
make[1]: Leaving directory '/home/membo/upmem-lib-membo/upmem-2021.3.0-Linux-x86_64/src/backends/build/CMakeFiles/CMakeTmp'
make: *** [Makefile:121: cmTC_2135d/fast] Error 2


Source file was:

  #include <smmintrin.h>
  int main ()
  {
    __m128i a = {0,0,0,0}, b = {0,0,0,0};
    __m128i res = _mm_max_epi8(a, b);
    return 0;
  }

Performing C SOURCE FILE Test C_HAS_SSE4_1_2 failed with the following compile output:
Change Dir: /home/membo/upmem-lib-membo/upmem-2021.3.0-Linux-x86_64/src/backends/build/CMakeFiles/CMakeTmp

Run Build Command(s):/usr/bin/make cmTC_39541/fast && /usr/bin/make -f CMakeFiles/cmTC_39541.dir/build.make CMakeFiles/cmTC_39541.dir/build
make[1]: Entering directory '/home/membo/upmem-lib-membo/upmem-2021.3.0-Linux-x86_64/src/backends/build/CMakeFiles/CMakeTmp'
Building C object CMakeFiles/cmTC_39541.dir/src.c.o
/usr/bin/cc   -Wall -Werror -Wextra -std=gnu11  -DC_HAS_SSE4_1_2 -msse4.1   -o CMakeFiles/cmTC_39541.dir/src.c.o   -c /home/membo/upmem-lib-membo/upmem-2021.3.0-Linux-x86_64/src/backends/build/CMakeFiles/CMakeTmp/src.c
/home/membo/upmem-lib-membo/upmem-2021.3.0-Linux-x86_64/src/backends/build/CMakeFiles/CMakeTmp/src.c: In function ‘main’:
/home/membo/upmem-lib-membo/upmem-2021.3.0-Linux-x86_64/src/backends/build/CMakeFiles/CMakeTmp/src.c:5:22: error: excess elements in vector initializer [-Werror]
     __m128i a = {0,0,0,0}, b = {0,0,0,0};
                      ^
/home/membo/upmem-lib-membo/upmem-2021.3.0-Linux-x86_64/src/backends/build/CMakeFiles/CMakeTmp/src.c:5:22: note: (near initialization for ‘a’)
/home/membo/upmem-lib-membo/upmem-2021.3.0-Linux-x86_64/src/backends/build/CMakeFiles/CMakeTmp/src.c:5:24: error: excess elements in vector initializer [-Werror]
     __m128i a = {0,0,0,0}, b = {0,0,0,0};
                        ^
/home/membo/upmem-lib-membo/upmem-2021.3.0-Linux-x86_64/src/backends/build/CMakeFiles/CMakeTmp/src.c:5:24: note: (near initialization for ‘a’)
/home/membo/upmem-lib-membo/upmem-2021.3.0-Linux-x86_64/src/backends/build/CMakeFiles/CMakeTmp/src.c:5:37: error: excess elements in vector initializer [-Werror]
     __m128i a = {0,0,0,0}, b = {0,0,0,0};
                                     ^
/home/membo/upmem-lib-membo/upmem-2021.3.0-Linux-x86_64/src/backends/build/CMakeFiles/CMakeTmp/src.c:5:37: note: (near initialization for ‘b’)
/home/membo/upmem-lib-membo/upmem-2021.3.0-Linux-x86_64/src/backends/build/CMakeFiles/CMakeTmp/src.c:5:39: error: excess elements in vector initializer [-Werror]
     __m128i a = {0,0,0,0}, b = {0,0,0,0};
                                       ^
/home/membo/upmem-lib-membo/upmem-2021.3.0-Linux-x86_64/src/backends/build/CMakeFiles/CMakeTmp/src.c:5:39: note: (near initialization for ‘b’)
/home/membo/upmem-lib-membo/upmem-2021.3.0-Linux-x86_64/src/backends/build/CMakeFiles/CMakeTmp/src.c:6:13: error: unused variable ‘res’ [-Werror=unused-variable]
     __m128i res = _mm_max_epi8(a, b);
             ^~~
cc1: all warnings being treated as errors
make[1]: *** [CMakeFiles/cmTC_39541.dir/build.make:66: CMakeFiles/cmTC_39541.dir/src.c.o] Error 1
make[1]: Leaving directory '/home/membo/upmem-lib-membo/upmem-2021.3.0-Linux-x86_64/src/backends/build/CMakeFiles/CMakeTmp'
make: *** [Makefile:121: cmTC_39541/fast] Error 2


...and run output:

Return value: 1
Source file was:

  #include <smmintrin.h>
  int main ()
  {
    __m128i a = {0,0,0,0}, b = {0,0,0,0};
    __m128i res = _mm_max_epi8(a, b);
    return 0;
  }

Performing C SOURCE FILE Test C_COMPILES_SSE4_1_2 failed with the following output:
Change Dir: /home/membo/upmem-lib-membo/upmem-2021.3.0-Linux-x86_64/src/backends/build/CMakeFiles/CMakeTmp

Run Build Command(s):/usr/bin/make cmTC_87410/fast && /usr/bin/make -f CMakeFiles/cmTC_87410.dir/build.make CMakeFiles/cmTC_87410.dir/build
make[1]: Entering directory '/home/membo/upmem-lib-membo/upmem-2021.3.0-Linux-x86_64/src/backends/build/CMakeFiles/CMakeTmp'
Building C object CMakeFiles/cmTC_87410.dir/src.c.o
/usr/bin/cc   -Wall -Werror -Wextra -std=gnu11  -DC_COMPILES_SSE4_1_2 -msse4.1   -o CMakeFiles/cmTC_87410.dir/src.c.o   -c /home/membo/upmem-lib-membo/upmem-2021.3.0-Linux-x86_64/src/backends/build/CMakeFiles/CMakeTmp/src.c
/home/membo/upmem-lib-membo/upmem-2021.3.0-Linux-x86_64/src/backends/build/CMakeFiles/CMakeTmp/src.c: In function ‘main’:
/home/membo/upmem-lib-membo/upmem-2021.3.0-Linux-x86_64/src/backends/build/CMakeFiles/CMakeTmp/src.c:5:22: error: excess elements in vector initializer [-Werror]
     __m128i a = {0,0,0,0}, b = {0,0,0,0};
                      ^
/home/membo/upmem-lib-membo/upmem-2021.3.0-Linux-x86_64/src/backends/build/CMakeFiles/CMakeTmp/src.c:5:22: note: (near initialization for ‘a’)
/home/membo/upmem-lib-membo/upmem-2021.3.0-Linux-x86_64/src/backends/build/CMakeFiles/CMakeTmp/src.c:5:24: error: excess elements in vector initializer [-Werror]
     __m128i a = {0,0,0,0}, b = {0,0,0,0};
                        ^
/home/membo/upmem-lib-membo/upmem-2021.3.0-Linux-x86_64/src/backends/build/CMakeFiles/CMakeTmp/src.c:5:24: note: (near initialization for ‘a’)
/home/membo/upmem-lib-membo/upmem-2021.3.0-Linux-x86_64/src/backends/build/CMakeFiles/CMakeTmp/src.c:5:37: error: excess elements in vector initializer [-Werror]
     __m128i a = {0,0,0,0}, b = {0,0,0,0};
                                     ^
/home/membo/upmem-lib-membo/upmem-2021.3.0-Linux-x86_64/src/backends/build/CMakeFiles/CMakeTmp/src.c:5:37: note: (near initialization for ‘b’)
/home/membo/upmem-lib-membo/upmem-2021.3.0-Linux-x86_64/src/backends/build/CMakeFiles/CMakeTmp/src.c:5:39: error: excess elements in vector initializer [-Werror]
     __m128i a = {0,0,0,0}, b = {0,0,0,0};
                                       ^
/home/membo/upmem-lib-membo/upmem-2021.3.0-Linux-x86_64/src/backends/build/CMakeFiles/CMakeTmp/src.c:5:39: note: (near initialization for ‘b’)
/home/membo/upmem-lib-membo/upmem-2021.3.0-Linux-x86_64/src/backends/build/CMakeFiles/CMakeTmp/src.c:6:13: error: unused variable ‘res’ [-Werror=unused-variable]
     __m128i res = _mm_max_epi8(a, b);
             ^~~
cc1: all warnings being treated as errors
make[1]: *** [CMakeFiles/cmTC_87410.dir/build.make:66: CMakeFiles/cmTC_87410.dir/src.c.o] Error 1
make[1]: Leaving directory '/home/membo/upmem-lib-membo/upmem-2021.3.0-Linux-x86_64/src/backends/build/CMakeFiles/CMakeTmp'
make: *** [Makefile:121: cmTC_87410/fast] Error 2


Source file was:

  #include <smmintrin.h>
  int main ()
  {
    __m128i a = {0,0,0,0}, b = {0,0,0,0};
    __m128i res = _mm_max_epi8(a, b);
    return 0;
  }

Performing C SOURCE FILE Test C_HAS_SSE4_1_3 failed with the following compile output:
Change Dir: /home/membo/upmem-lib-membo/upmem-2021.3.0-Linux-x86_64/src/backends/build/CMakeFiles/CMakeTmp

Run Build Command(s):/usr/bin/make cmTC_33c2c/fast && /usr/bin/make -f CMakeFiles/cmTC_33c2c.dir/build.make CMakeFiles/cmTC_33c2c.dir/build
make[1]: Entering directory '/home/membo/upmem-lib-membo/upmem-2021.3.0-Linux-x86_64/src/backends/build/CMakeFiles/CMakeTmp'
Building C object CMakeFiles/cmTC_33c2c.dir/src.c.o
/usr/bin/cc   -Wall -Werror -Wextra -std=gnu11  -DC_HAS_SSE4_1_3 -msse4   -o CMakeFiles/cmTC_33c2c.dir/src.c.o   -c /home/membo/upmem-lib-membo/upmem-2021.3.0-Linux-x86_64/src/backends/build/CMakeFiles/CMakeTmp/src.c
/home/membo/upmem-lib-membo/upmem-2021.3.0-Linux-x86_64/src/backends/build/CMakeFiles/CMakeTmp/src.c: In function ‘main’:
/home/membo/upmem-lib-membo/upmem-2021.3.0-Linux-x86_64/src/backends/build/CMakeFiles/CMakeTmp/src.c:5:22: error: excess elements in vector initializer [-Werror]
     __m128i a = {0,0,0,0}, b = {0,0,0,0};
                      ^
/home/membo/upmem-lib-membo/upmem-2021.3.0-Linux-x86_64/src/backends/build/CMakeFiles/CMakeTmp/src.c:5:22: note: (near initialization for ‘a’)
/home/membo/upmem-lib-membo/upmem-2021.3.0-Linux-x86_64/src/backends/build/CMakeFiles/CMakeTmp/src.c:5:24: error: excess elements in vector initializer [-Werror]
     __m128i a = {0,0,0,0}, b = {0,0,0,0};
                        ^
/home/membo/upmem-lib-membo/upmem-2021.3.0-Linux-x86_64/src/backends/build/CMakeFiles/CMakeTmp/src.c:5:24: note: (near initialization for ‘a’)
/home/membo/upmem-lib-membo/upmem-2021.3.0-Linux-x86_64/src/backends/build/CMakeFiles/CMakeTmp/src.c:5:37: error: excess elements in vector initializer [-Werror]
     __m128i a = {0,0,0,0}, b = {0,0,0,0};
                                     ^
/home/membo/upmem-lib-membo/upmem-2021.3.0-Linux-x86_64/src/backends/build/CMakeFiles/CMakeTmp/src.c:5:37: note: (near initialization for ‘b’)
/home/membo/upmem-lib-membo/upmem-2021.3.0-Linux-x86_64/src/backends/build/CMakeFiles/CMakeTmp/src.c:5:39: error: excess elements in vector initializer [-Werror]
     __m128i a = {0,0,0,0}, b = {0,0,0,0};
                                       ^
/home/membo/upmem-lib-membo/upmem-2021.3.0-Linux-x86_64/src/backends/build/CMakeFiles/CMakeTmp/src.c:5:39: note: (near initialization for ‘b’)
/home/membo/upmem-lib-membo/upmem-2021.3.0-Linux-x86_64/src/backends/build/CMakeFiles/CMakeTmp/src.c:6:13: error: unused variable ‘res’ [-Werror=unused-variable]
     __m128i res = _mm_max_epi8(a, b);
             ^~~
cc1: all warnings being treated as errors
make[1]: *** [CMakeFiles/cmTC_33c2c.dir/build.make:66: CMakeFiles/cmTC_33c2c.dir/src.c.o] Error 1
make[1]: Leaving directory '/home/membo/upmem-lib-membo/upmem-2021.3.0-Linux-x86_64/src/backends/build/CMakeFiles/CMakeTmp'
make: *** [Makefile:121: cmTC_33c2c/fast] Error 2


...and run output:

Return value: 1
Source file was:

  #include <smmintrin.h>
  int main ()
  {
    __m128i a = {0,0,0,0}, b = {0,0,0,0};
    __m128i res = _mm_max_epi8(a, b);
    return 0;
  }

Performing C SOURCE FILE Test C_COMPILES_SSE4_1_3 failed with the following output:
Change Dir: /home/membo/upmem-lib-membo/upmem-2021.3.0-Linux-x86_64/src/backends/build/CMakeFiles/CMakeTmp

Run Build Command(s):/usr/bin/make cmTC_316c8/fast && /usr/bin/make -f CMakeFiles/cmTC_316c8.dir/build.make CMakeFiles/cmTC_316c8.dir/build
make[1]: Entering directory '/home/membo/upmem-lib-membo/upmem-2021.3.0-Linux-x86_64/src/backends/build/CMakeFiles/CMakeTmp'
Building C object CMakeFiles/cmTC_316c8.dir/src.c.o
/usr/bin/cc   -Wall -Werror -Wextra -std=gnu11  -DC_COMPILES_SSE4_1_3 -msse4   -o CMakeFiles/cmTC_316c8.dir/src.c.o   -c /home/membo/upmem-lib-membo/upmem-2021.3.0-Linux-x86_64/src/backends/build/CMakeFiles/CMakeTmp/src.c
/home/membo/upmem-lib-membo/upmem-2021.3.0-Linux-x86_64/src/backends/build/CMakeFiles/CMakeTmp/src.c: In function ‘main’:
/home/membo/upmem-lib-membo/upmem-2021.3.0-Linux-x86_64/src/backends/build/CMakeFiles/CMakeTmp/src.c:5:22: error: excess elements in vector initializer [-Werror]
     __m128i a = {0,0,0,0}, b = {0,0,0,0};
                      ^
/home/membo/upmem-lib-membo/upmem-2021.3.0-Linux-x86_64/src/backends/build/CMakeFiles/CMakeTmp/src.c:5:22: note: (near initialization for ‘a’)
/home/membo/upmem-lib-membo/upmem-2021.3.0-Linux-x86_64/src/backends/build/CMakeFiles/CMakeTmp/src.c:5:24: error: excess elements in vector initializer [-Werror]
     __m128i a = {0,0,0,0}, b = {0,0,0,0};
                        ^
/home/membo/upmem-lib-membo/upmem-2021.3.0-Linux-x86_64/src/backends/build/CMakeFiles/CMakeTmp/src.c:5:24: note: (near initialization for ‘a’)
/home/membo/upmem-lib-membo/upmem-2021.3.0-Linux-x86_64/src/backends/build/CMakeFiles/CMakeTmp/src.c:5:37: error: excess elements in vector initializer [-Werror]
     __m128i a = {0,0,0,0}, b = {0,0,0,0};
                                     ^
/home/membo/upmem-lib-membo/upmem-2021.3.0-Linux-x86_64/src/backends/build/CMakeFiles/CMakeTmp/src.c:5:37: note: (near initialization for ‘b’)
/home/membo/upmem-lib-membo/upmem-2021.3.0-Linux-x86_64/src/backends/build/CMakeFiles/CMakeTmp/src.c:5:39: error: excess elements in vector initializer [-Werror]
     __m128i a = {0,0,0,0}, b = {0,0,0,0};
                                       ^
/home/membo/upmem-lib-membo/upmem-2021.3.0-Linux-x86_64/src/backends/build/CMakeFiles/CMakeTmp/src.c:5:39: note: (near initialization for ‘b’)
/home/membo/upmem-lib-membo/upmem-2021.3.0-Linux-x86_64/src/backends/build/CMakeFiles/CMakeTmp/src.c:6:13: error: unused variable ‘res’ [-Werror=unused-variable]
     __m128i res = _mm_max_epi8(a, b);
             ^~~
cc1: all warnings being treated as errors
make[1]: *** [CMakeFiles/cmTC_316c8.dir/build.make:66: CMakeFiles/cmTC_316c8.dir/src.c.o] Error 1
make[1]: Leaving directory '/home/membo/upmem-lib-membo/upmem-2021.3.0-Linux-x86_64/src/backends/build/CMakeFiles/CMakeTmp'
make: *** [Makefile:121: cmTC_316c8/fast] Error 2


Source file was:

  #include <smmintrin.h>
  int main ()
  {
    __m128i a = {0,0,0,0}, b = {0,0,0,0};
    __m128i res = _mm_max_epi8(a, b);
    return 0;
  }

Performing C SOURCE FILE Test C_HAS_SSE4_1_4 failed with the following compile output:
Change Dir: /home/membo/upmem-lib-membo/upmem-2021.3.0-Linux-x86_64/src/backends/build/CMakeFiles/CMakeTmp

Run Build Command(s):/usr/bin/make cmTC_971ad/fast && /usr/bin/make -f CMakeFiles/cmTC_971ad.dir/build.make CMakeFiles/cmTC_971ad.dir/build
make[1]: Entering directory '/home/membo/upmem-lib-membo/upmem-2021.3.0-Linux-x86_64/src/backends/build/CMakeFiles/CMakeTmp'
Building C object CMakeFiles/cmTC_971ad.dir/src.c.o
/usr/bin/cc   -Wall -Werror -Wextra -std=gnu11  -DC_HAS_SSE4_1_4 /arch:SSE4   -o CMakeFiles/cmTC_971ad.dir/src.c.o   -c /home/membo/upmem-lib-membo/upmem-2021.3.0-Linux-x86_64/src/backends/build/CMakeFiles/CMakeTmp/src.c
cc: error: /arch:SSE4: No such file or directory
make[1]: *** [CMakeFiles/cmTC_971ad.dir/build.make:66: CMakeFiles/cmTC_971ad.dir/src.c.o] Error 1
make[1]: Leaving directory '/home/membo/upmem-lib-membo/upmem-2021.3.0-Linux-x86_64/src/backends/build/CMakeFiles/CMakeTmp'
make: *** [Makefile:121: cmTC_971ad/fast] Error 2


...and run output:

Return value: 1
Source file was:

  #include <smmintrin.h>
  int main ()
  {
    __m128i a = {0,0,0,0}, b = {0,0,0,0};
    __m128i res = _mm_max_epi8(a, b);
    return 0;
  }

Performing C SOURCE FILE Test C_COMPILES_SSE4_1_4 failed with the following output:
Change Dir: /home/membo/upmem-lib-membo/upmem-2021.3.0-Linux-x86_64/src/backends/build/CMakeFiles/CMakeTmp

Run Build Command(s):/usr/bin/make cmTC_c96c4/fast && /usr/bin/make -f CMakeFiles/cmTC_c96c4.dir/build.make CMakeFiles/cmTC_c96c4.dir/build
make[1]: Entering directory '/home/membo/upmem-lib-membo/upmem-2021.3.0-Linux-x86_64/src/backends/build/CMakeFiles/CMakeTmp'
Building C object CMakeFiles/cmTC_c96c4.dir/src.c.o
/usr/bin/cc   -Wall -Werror -Wextra -std=gnu11  -DC_COMPILES_SSE4_1_4 /arch:SSE4   -o CMakeFiles/cmTC_c96c4.dir/src.c.o   -c /home/membo/upmem-lib-membo/upmem-2021.3.0-Linux-x86_64/src/backends/build/CMakeFiles/CMakeTmp/src.c
cc: error: /arch:SSE4: No such file or directory
make[1]: *** [CMakeFiles/cmTC_c96c4.dir/build.make:66: CMakeFiles/cmTC_c96c4.dir/src.c.o] Error 1
make[1]: Leaving directory '/home/membo/upmem-lib-membo/upmem-2021.3.0-Linux-x86_64/src/backends/build/CMakeFiles/CMakeTmp'
make: *** [Makefile:121: cmTC_c96c4/fast] Error 2


Source file was:

  #include <smmintrin.h>
  int main ()
  {
    __m128i a = {0,0,0,0}, b = {0,0,0,0};
    __m128i res = _mm_max_epi8(a, b);
    return 0;
  }

Performing C SOURCE FILE Test C_HAS_SSE4_2_1 failed with the following compile output:
Change Dir: /home/membo/upmem-lib-membo/upmem-2021.3.0-Linux-x86_64/src/backends/build/CMakeFiles/CMakeTmp

Run Build Command(s):/usr/bin/make cmTC_5a2c7/fast && /usr/bin/make -f CMakeFiles/cmTC_5a2c7.dir/build.make CMakeFiles/cmTC_5a2c7.dir/build
make[1]: Entering directory '/home/membo/upmem-lib-membo/upmem-2021.3.0-Linux-x86_64/src/backends/build/CMakeFiles/CMakeTmp'
Building C object CMakeFiles/cmTC_5a2c7.dir/src.c.o
/usr/bin/cc   -Wall -Werror -Wextra -std=gnu11  -DC_HAS_SSE4_2_1   -o CMakeFiles/cmTC_5a2c7.dir/src.c.o   -c /home/membo/upmem-lib-membo/upmem-2021.3.0-Linux-x86_64/src/backends/build/CMakeFiles/CMakeTmp/src.c
/home/membo/upmem-lib-membo/upmem-2021.3.0-Linux-x86_64/src/backends/build/CMakeFiles/CMakeTmp/src.c: In function ‘main’:
/home/membo/upmem-lib-membo/upmem-2021.3.0-Linux-x86_64/src/backends/build/CMakeFiles/CMakeTmp/src.c:5:22: error: excess elements in vector initializer [-Werror]
     __m128i a = {0,0,0,0}, b = {0,0,0,0}, c = {0,0,0,0};
                      ^
/home/membo/upmem-lib-membo/upmem-2021.3.0-Linux-x86_64/src/backends/build/CMakeFiles/CMakeTmp/src.c:5:22: note: (near initialization for ‘a’)
/home/membo/upmem-lib-membo/upmem-2021.3.0-Linux-x86_64/src/backends/build/CMakeFiles/CMakeTmp/src.c:5:24: error: excess elements in vector initializer [-Werror]
     __m128i a = {0,0,0,0}, b = {0,0,0,0}, c = {0,0,0,0};
                        ^
/home/membo/upmem-lib-membo/upmem-2021.3.0-Linux-x86_64/src/backends/build/CMakeFiles/CMakeTmp/src.c:5:24: note: (near initialization for ‘a’)
/home/membo/upmem-lib-membo/upmem-2021.3.0-Linux-x86_64/src/backends/build/CMakeFiles/CMakeTmp/src.c:5:37: error: excess elements in vector initializer [-Werror]
     __m128i a = {0,0,0,0}, b = {0,0,0,0}, c = {0,0,0,0};
                                     ^
/home/membo/upmem-lib-membo/upmem-2021.3.0-Linux-x86_64/src/backends/build/CMakeFiles/CMakeTmp/src.c:5:37: note: (near initialization for ‘b’)
/home/membo/upmem-lib-membo/upmem-2021.3.0-Linux-x86_64/src/backends/build/CMakeFiles/CMakeTmp/src.c:5:39: error: excess elements in vector initializer [-Werror]
     __m128i a = {0,0,0,0}, b = {0,0,0,0}, c = {0,0,0,0};
                                       ^
/home/membo/upmem-lib-membo/upmem-2021.3.0-Linux-x86_64/src/backends/build/CMakeFiles/CMakeTmp/src.c:5:39: note: (near initialization for ‘b’)
/home/membo/upmem-lib-membo/upmem-2021.3.0-Linux-x86_64/src/backends/build/CMakeFiles/CMakeTmp/src.c:5:52: error: excess elements in vector initializer [-Werror]
     __m128i a = {0,0,0,0}, b = {0,0,0,0}, c = {0,0,0,0};
                                                    ^
/home/membo/upmem-lib-membo/upmem-2021.3.0-Linux-x86_64/src/backends/build/CMakeFiles/CMakeTmp/src.c:5:52: note: (near initialization for ‘c’)
/home/membo/upmem-lib-membo/upmem-2021.3.0-Linux-x86_64/src/backends/build/CMakeFiles/CMakeTmp/src.c:5:54: error: excess elements in vector initializer [-Werror]
     __m128i a = {0,0,0,0}, b = {0,0,0,0}, c = {0,0,0,0};
                                                      ^
/home/membo/upmem-lib-membo/upmem-2021.3.0-Linux-x86_64/src/backends/build/CMakeFiles/CMakeTmp/src.c:5:54: note: (near initialization for ‘c’)
/home/membo/upmem-lib-membo/upmem-2021.3.0-Linux-x86_64/src/backends/build/CMakeFiles/CMakeTmp/src.c:5:43: error: variable ‘c’ set but not used [-Werror=unused-but-set-variable]
     __m128i a = {0,0,0,0}, b = {0,0,0,0}, c = {0,0,0,0};
                                           ^
In file included from /usr/lib/gcc/x86_64-linux-gnu/8/include/nmmintrin.h:31,
                 from /home/membo/upmem-lib-membo/upmem-2021.3.0-Linux-x86_64/src/backends/build/CMakeFiles/CMakeTmp/src.c:2:
/usr/lib/gcc/x86_64-linux-gnu/8/include/smmintrin.h:796:1: error: inlining failed in call to always_inline ‘_mm_cmpgt_epi64’: target specific option mismatch
 _mm_cmpgt_epi64 (__m128i __X, __m128i __Y)
 ^~~~~~~~~~~~~~~
/home/membo/upmem-lib-membo/upmem-2021.3.0-Linux-x86_64/src/backends/build/CMakeFiles/CMakeTmp/src.c:6:9: note: called from here
     c = _mm_cmpgt_epi64(a, b);
         ^~~~~~~~~~~~~~~~~~~~~
cc1: all warnings being treated as errors
make[1]: *** [CMakeFiles/cmTC_5a2c7.dir/build.make:66: CMakeFiles/cmTC_5a2c7.dir/src.c.o] Error 1
make[1]: Leaving directory '/home/membo/upmem-lib-membo/upmem-2021.3.0-Linux-x86_64/src/backends/build/CMakeFiles/CMakeTmp'
make: *** [Makefile:121: cmTC_5a2c7/fast] Error 2


...and run output:

Return value: 1
Source file was:

  #include <nmmintrin.h>
  int main()
  {
    __m128i a = {0,0,0,0}, b = {0,0,0,0}, c = {0,0,0,0};
    c = _mm_cmpgt_epi64(a, b);
    return 0;
  }

Performing C SOURCE FILE Test C_COMPILES_SSE4_2_1 failed with the following output:
Change Dir: /home/membo/upmem-lib-membo/upmem-2021.3.0-Linux-x86_64/src/backends/build/CMakeFiles/CMakeTmp

Run Build Command(s):/usr/bin/make cmTC_e974f/fast && /usr/bin/make -f CMakeFiles/cmTC_e974f.dir/build.make CMakeFiles/cmTC_e974f.dir/build
make[1]: Entering directory '/home/membo/upmem-lib-membo/upmem-2021.3.0-Linux-x86_64/src/backends/build/CMakeFiles/CMakeTmp'
Building C object CMakeFiles/cmTC_e974f.dir/src.c.o
/usr/bin/cc   -Wall -Werror -Wextra -std=gnu11  -DC_COMPILES_SSE4_2_1   -o CMakeFiles/cmTC_e974f.dir/src.c.o   -c /home/membo/upmem-lib-membo/upmem-2021.3.0-Linux-x86_64/src/backends/build/CMakeFiles/CMakeTmp/src.c
/home/membo/upmem-lib-membo/upmem-2021.3.0-Linux-x86_64/src/backends/build/CMakeFiles/CMakeTmp/src.c: In function ‘main’:
/home/membo/upmem-lib-membo/upmem-2021.3.0-Linux-x86_64/src/backends/build/CMakeFiles/CMakeTmp/src.c:5:22: error: excess elements in vector initializer [-Werror]
     __m128i a = {0,0,0,0}, b = {0,0,0,0}, c = {0,0,0,0};
                      ^
/home/membo/upmem-lib-membo/upmem-2021.3.0-Linux-x86_64/src/backends/build/CMakeFiles/CMakeTmp/src.c:5:22: note: (near initialization for ‘a’)
/home/membo/upmem-lib-membo/upmem-2021.3.0-Linux-x86_64/src/backends/build/CMakeFiles/CMakeTmp/src.c:5:24: error: excess elements in vector initializer [-Werror]
     __m128i a = {0,0,0,0}, b = {0,0,0,0}, c = {0,0,0,0};
                        ^
/home/membo/upmem-lib-membo/upmem-2021.3.0-Linux-x86_64/src/backends/build/CMakeFiles/CMakeTmp/src.c:5:24: note: (near initialization for ‘a’)
/home/membo/upmem-lib-membo/upmem-2021.3.0-Linux-x86_64/src/backends/build/CMakeFiles/CMakeTmp/src.c:5:37: error: excess elements in vector initializer [-Werror]
     __m128i a = {0,0,0,0}, b = {0,0,0,0}, c = {0,0,0,0};
                                     ^
/home/membo/upmem-lib-membo/upmem-2021.3.0-Linux-x86_64/src/backends/build/CMakeFiles/CMakeTmp/src.c:5:37: note: (near initialization for ‘b’)
/home/membo/upmem-lib-membo/upmem-2021.3.0-Linux-x86_64/src/backends/build/CMakeFiles/CMakeTmp/src.c:5:39: error: excess elements in vector initializer [-Werror]
     __m128i a = {0,0,0,0}, b = {0,0,0,0}, c = {0,0,0,0};
                                       ^
/home/membo/upmem-lib-membo/upmem-2021.3.0-Linux-x86_64/src/backends/build/CMakeFiles/CMakeTmp/src.c:5:39: note: (near initialization for ‘b’)
/home/membo/upmem-lib-membo/upmem-2021.3.0-Linux-x86_64/src/backends/build/CMakeFiles/CMakeTmp/src.c:5:52: error: excess elements in vector initializer [-Werror]
     __m128i a = {0,0,0,0}, b = {0,0,0,0}, c = {0,0,0,0};
                                                    ^
/home/membo/upmem-lib-membo/upmem-2021.3.0-Linux-x86_64/src/backends/build/CMakeFiles/CMakeTmp/src.c:5:52: note: (near initialization for ‘c’)
/home/membo/upmem-lib-membo/upmem-2021.3.0-Linux-x86_64/src/backends/build/CMakeFiles/CMakeTmp/src.c:5:54: error: excess elements in vector initializer [-Werror]
     __m128i a = {0,0,0,0}, b = {0,0,0,0}, c = {0,0,0,0};
                                                      ^
/home/membo/upmem-lib-membo/upmem-2021.3.0-Linux-x86_64/src/backends/build/CMakeFiles/CMakeTmp/src.c:5:54: note: (near initialization for ‘c’)
/home/membo/upmem-lib-membo/upmem-2021.3.0-Linux-x86_64/src/backends/build/CMakeFiles/CMakeTmp/src.c:5:43: error: variable ‘c’ set but not used [-Werror=unused-but-set-variable]
     __m128i a = {0,0,0,0}, b = {0,0,0,0}, c = {0,0,0,0};
                                           ^
In file included from /usr/lib/gcc/x86_64-linux-gnu/8/include/nmmintrin.h:31,
                 from /home/membo/upmem-lib-membo/upmem-2021.3.0-Linux-x86_64/src/backends/build/CMakeFiles/CMakeTmp/src.c:2:
/usr/lib/gcc/x86_64-linux-gnu/8/include/smmintrin.h:796:1: error: inlining failed in call to always_inline ‘_mm_cmpgt_epi64’: target specific option mismatch
 _mm_cmpgt_epi64 (__m128i __X, __m128i __Y)
 ^~~~~~~~~~~~~~~
/home/membo/upmem-lib-membo/upmem-2021.3.0-Linux-x86_64/src/backends/build/CMakeFiles/CMakeTmp/src.c:6:9: note: called from here
     c = _mm_cmpgt_epi64(a, b);
         ^~~~~~~~~~~~~~~~~~~~~
cc1: all warnings being treated as errors
make[1]: *** [CMakeFiles/cmTC_e974f.dir/build.make:66: CMakeFiles/cmTC_e974f.dir/src.c.o] Error 1
make[1]: Leaving directory '/home/membo/upmem-lib-membo/upmem-2021.3.0-Linux-x86_64/src/backends/build/CMakeFiles/CMakeTmp'
make: *** [Makefile:121: cmTC_e974f/fast] Error 2


Source file was:

  #include <nmmintrin.h>
  int main()
  {
    __m128i a = {0,0,0,0}, b = {0,0,0,0}, c = {0,0,0,0};
    c = _mm_cmpgt_epi64(a, b);
    return 0;
  }

Performing C SOURCE FILE Test C_HAS_SSE4_2_2 failed with the following compile output:
Change Dir: /home/membo/upmem-lib-membo/upmem-2021.3.0-Linux-x86_64/src/backends/build/CMakeFiles/CMakeTmp

Run Build Command(s):/usr/bin/make cmTC_14241/fast && /usr/bin/make -f CMakeFiles/cmTC_14241.dir/build.make CMakeFiles/cmTC_14241.dir/build
make[1]: Entering directory '/home/membo/upmem-lib-membo/upmem-2021.3.0-Linux-x86_64/src/backends/build/CMakeFiles/CMakeTmp'
Building C object CMakeFiles/cmTC_14241.dir/src.c.o
/usr/bin/cc   -Wall -Werror -Wextra -std=gnu11  -DC_HAS_SSE4_2_2 -msse4.2   -o CMakeFiles/cmTC_14241.dir/src.c.o   -c /home/membo/upmem-lib-membo/upmem-2021.3.0-Linux-x86_64/src/backends/build/CMakeFiles/CMakeTmp/src.c
/home/membo/upmem-lib-membo/upmem-2021.3.0-Linux-x86_64/src/backends/build/CMakeFiles/CMakeTmp/src.c: In function ‘main’:
/home/membo/upmem-lib-membo/upmem-2021.3.0-Linux-x86_64/src/backends/build/CMakeFiles/CMakeTmp/src.c:5:22: error: excess elements in vector initializer [-Werror]
     __m128i a = {0,0,0,0}, b = {0,0,0,0}, c = {0,0,0,0};
                      ^
/home/membo/upmem-lib-membo/upmem-2021.3.0-Linux-x86_64/src/backends/build/CMakeFiles/CMakeTmp/src.c:5:22: note: (near initialization for ‘a’)
/home/membo/upmem-lib-membo/upmem-2021.3.0-Linux-x86_64/src/backends/build/CMakeFiles/CMakeTmp/src.c:5:24: error: excess elements in vector initializer [-Werror]
     __m128i a = {0,0,0,0}, b = {0,0,0,0}, c = {0,0,0,0};
                        ^
/home/membo/upmem-lib-membo/upmem-2021.3.0-Linux-x86_64/src/backends/build/CMakeFiles/CMakeTmp/src.c:5:24: note: (near initialization for ‘a’)
/home/membo/upmem-lib-membo/upmem-2021.3.0-Linux-x86_64/src/backends/build/CMakeFiles/CMakeTmp/src.c:5:37: error: excess elements in vector initializer [-Werror]
     __m128i a = {0,0,0,0}, b = {0,0,0,0}, c = {0,0,0,0};
                                     ^
/home/membo/upmem-lib-membo/upmem-2021.3.0-Linux-x86_64/src/backends/build/CMakeFiles/CMakeTmp/src.c:5:37: note: (near initialization for ‘b’)
/home/membo/upmem-lib-membo/upmem-2021.3.0-Linux-x86_64/src/backends/build/CMakeFiles/CMakeTmp/src.c:5:39: error: excess elements in vector initializer [-Werror]
     __m128i a = {0,0,0,0}, b = {0,0,0,0}, c = {0,0,0,0};
                                       ^
/home/membo/upmem-lib-membo/upmem-2021.3.0-Linux-x86_64/src/backends/build/CMakeFiles/CMakeTmp/src.c:5:39: note: (near initialization for ‘b’)
/home/membo/upmem-lib-membo/upmem-2021.3.0-Linux-x86_64/src/backends/build/CMakeFiles/CMakeTmp/src.c:5:52: error: excess elements in vector initializer [-Werror]
     __m128i a = {0,0,0,0}, b = {0,0,0,0}, c = {0,0,0,0};
                                                    ^
/home/membo/upmem-lib-membo/upmem-2021.3.0-Linux-x86_64/src/backends/build/CMakeFiles/CMakeTmp/src.c:5:52: note: (near initialization for ‘c’)
/home/membo/upmem-lib-membo/upmem-2021.3.0-Linux-x86_64/src/backends/build/CMakeFiles/CMakeTmp/src.c:5:54: error: excess elements in vector initializer [-Werror]
     __m128i a = {0,0,0,0}, b = {0,0,0,0}, c = {0,0,0,0};
                                                      ^
/home/membo/upmem-lib-membo/upmem-2021.3.0-Linux-x86_64/src/backends/build/CMakeFiles/CMakeTmp/src.c:5:54: note: (near initialization for ‘c’)
/home/membo/upmem-lib-membo/upmem-2021.3.0-Linux-x86_64/src/backends/build/CMakeFiles/CMakeTmp/src.c:5:43: error: variable ‘c’ set but not used [-Werror=unused-but-set-variable]
     __m128i a = {0,0,0,0}, b = {0,0,0,0}, c = {0,0,0,0};
                                           ^
cc1: all warnings being treated as errors
make[1]: *** [CMakeFiles/cmTC_14241.dir/build.make:66: CMakeFiles/cmTC_14241.dir/src.c.o] Error 1
make[1]: Leaving directory '/home/membo/upmem-lib-membo/upmem-2021.3.0-Linux-x86_64/src/backends/build/CMakeFiles/CMakeTmp'
make: *** [Makefile:121: cmTC_14241/fast] Error 2


...and run output:

Return value: 1
Source file was:

  #include <nmmintrin.h>
  int main()
  {
    __m128i a = {0,0,0,0}, b = {0,0,0,0}, c = {0,0,0,0};
    c = _mm_cmpgt_epi64(a, b);
    return 0;
  }

Performing C SOURCE FILE Test C_COMPILES_SSE4_2_2 failed with the following output:
Change Dir: /home/membo/upmem-lib-membo/upmem-2021.3.0-Linux-x86_64/src/backends/build/CMakeFiles/CMakeTmp

Run Build Command(s):/usr/bin/make cmTC_e876e/fast && /usr/bin/make -f CMakeFiles/cmTC_e876e.dir/build.make CMakeFiles/cmTC_e876e.dir/build
make[1]: Entering directory '/home/membo/upmem-lib-membo/upmem-2021.3.0-Linux-x86_64/src/backends/build/CMakeFiles/CMakeTmp'
Building C object CMakeFiles/cmTC_e876e.dir/src.c.o
/usr/bin/cc   -Wall -Werror -Wextra -std=gnu11  -DC_COMPILES_SSE4_2_2 -msse4.2   -o CMakeFiles/cmTC_e876e.dir/src.c.o   -c /home/membo/upmem-lib-membo/upmem-2021.3.0-Linux-x86_64/src/backends/build/CMakeFiles/CMakeTmp/src.c
/home/membo/upmem-lib-membo/upmem-2021.3.0-Linux-x86_64/src/backends/build/CMakeFiles/CMakeTmp/src.c: In function ‘main’:
/home/membo/upmem-lib-membo/upmem-2021.3.0-Linux-x86_64/src/backends/build/CMakeFiles/CMakeTmp/src.c:5:22: error: excess elements in vector initializer [-Werror]
     __m128i a = {0,0,0,0}, b = {0,0,0,0}, c = {0,0,0,0};
                      ^
/home/membo/upmem-lib-membo/upmem-2021.3.0-Linux-x86_64/src/backends/build/CMakeFiles/CMakeTmp/src.c:5:22: note: (near initialization for ‘a’)
/home/membo/upmem-lib-membo/upmem-2021.3.0-Linux-x86_64/src/backends/build/CMakeFiles/CMakeTmp/src.c:5:24: error: excess elements in vector initializer [-Werror]
     __m128i a = {0,0,0,0}, b = {0,0,0,0}, c = {0,0,0,0};
                        ^
/home/membo/upmem-lib-membo/upmem-2021.3.0-Linux-x86_64/src/backends/build/CMakeFiles/CMakeTmp/src.c:5:24: note: (near initialization for ‘a’)
/home/membo/upmem-lib-membo/upmem-2021.3.0-Linux-x86_64/src/backends/build/CMakeFiles/CMakeTmp/src.c:5:37: error: excess elements in vector initializer [-Werror]
     __m128i a = {0,0,0,0}, b = {0,0,0,0}, c = {0,0,0,0};
                                     ^
/home/membo/upmem-lib-membo/upmem-2021.3.0-Linux-x86_64/src/backends/build/CMakeFiles/CMakeTmp/src.c:5:37: note: (near initialization for ‘b’)
/home/membo/upmem-lib-membo/upmem-2021.3.0-Linux-x86_64/src/backends/build/CMakeFiles/CMakeTmp/src.c:5:39: error: excess elements in vector initializer [-Werror]
     __m128i a = {0,0,0,0}, b = {0,0,0,0}, c = {0,0,0,0};
                                       ^
/home/membo/upmem-lib-membo/upmem-2021.3.0-Linux-x86_64/src/backends/build/CMakeFiles/CMakeTmp/src.c:5:39: note: (near initialization for ‘b’)
/home/membo/upmem-lib-membo/upmem-2021.3.0-Linux-x86_64/src/backends/build/CMakeFiles/CMakeTmp/src.c:5:52: error: excess elements in vector initializer [-Werror]
     __m128i a = {0,0,0,0}, b = {0,0,0,0}, c = {0,0,0,0};
                                                    ^
/home/membo/upmem-lib-membo/upmem-2021.3.0-Linux-x86_64/src/backends/build/CMakeFiles/CMakeTmp/src.c:5:52: note: (near initialization for ‘c’)
/home/membo/upmem-lib-membo/upmem-2021.3.0-Linux-x86_64/src/backends/build/CMakeFiles/CMakeTmp/src.c:5:54: error: excess elements in vector initializer [-Werror]
     __m128i a = {0,0,0,0}, b = {0,0,0,0}, c = {0,0,0,0};
                                                      ^
/home/membo/upmem-lib-membo/upmem-2021.3.0-Linux-x86_64/src/backends/build/CMakeFiles/CMakeTmp/src.c:5:54: note: (near initialization for ‘c’)
/home/membo/upmem-lib-membo/upmem-2021.3.0-Linux-x86_64/src/backends/build/CMakeFiles/CMakeTmp/src.c:5:43: error: variable ‘c’ set but not used [-Werror=unused-but-set-variable]
     __m128i a = {0,0,0,0}, b = {0,0,0,0}, c = {0,0,0,0};
                                           ^
cc1: all warnings being treated as errors
make[1]: *** [CMakeFiles/cmTC_e876e.dir/build.make:66: CMakeFiles/cmTC_e876e.dir/src.c.o] Error 1
make[1]: Leaving directory '/home/membo/upmem-lib-membo/upmem-2021.3.0-Linux-x86_64/src/backends/build/CMakeFiles/CMakeTmp'
make: *** [Makefile:121: cmTC_e876e/fast] Error 2


Source file was:

  #include <nmmintrin.h>
  int main()
  {
    __m128i a = {0,0,0,0}, b = {0,0,0,0}, c = {0,0,0,0};
    c = _mm_cmpgt_epi64(a, b);
    return 0;
  }

Performing C SOURCE FILE Test C_HAS_SSE4_2_3 failed with the following compile output:
Change Dir: /home/membo/upmem-lib-membo/upmem-2021.3.0-Linux-x86_64/src/backends/build/CMakeFiles/CMakeTmp

Run Build Command(s):/usr/bin/make cmTC_34e65/fast && /usr/bin/make -f CMakeFiles/cmTC_34e65.dir/build.make CMakeFiles/cmTC_34e65.dir/build
make[1]: Entering directory '/home/membo/upmem-lib-membo/upmem-2021.3.0-Linux-x86_64/src/backends/build/CMakeFiles/CMakeTmp'
Building C object CMakeFiles/cmTC_34e65.dir/src.c.o
/usr/bin/cc   -Wall -Werror -Wextra -std=gnu11  -DC_HAS_SSE4_2_3 -msse4   -o CMakeFiles/cmTC_34e65.dir/src.c.o   -c /home/membo/upmem-lib-membo/upmem-2021.3.0-Linux-x86_64/src/backends/build/CMakeFiles/CMakeTmp/src.c
/home/membo/upmem-lib-membo/upmem-2021.3.0-Linux-x86_64/src/backends/build/CMakeFiles/CMakeTmp/src.c: In function ‘main’:
/home/membo/upmem-lib-membo/upmem-2021.3.0-Linux-x86_64/src/backends/build/CMakeFiles/CMakeTmp/src.c:5:22: error: excess elements in vector initializer [-Werror]
     __m128i a = {0,0,0,0}, b = {0,0,0,0}, c = {0,0,0,0};
                      ^
/home/membo/upmem-lib-membo/upmem-2021.3.0-Linux-x86_64/src/backends/build/CMakeFiles/CMakeTmp/src.c:5:22: note: (near initialization for ‘a’)
/home/membo/upmem-lib-membo/upmem-2021.3.0-Linux-x86_64/src/backends/build/CMakeFiles/CMakeTmp/src.c:5:24: error: excess elements in vector initializer [-Werror]
     __m128i a = {0,0,0,0}, b = {0,0,0,0}, c = {0,0,0,0};
                        ^
/home/membo/upmem-lib-membo/upmem-2021.3.0-Linux-x86_64/src/backends/build/CMakeFiles/CMakeTmp/src.c:5:24: note: (near initialization for ‘a’)
/home/membo/upmem-lib-membo/upmem-2021.3.0-Linux-x86_64/src/backends/build/CMakeFiles/CMakeTmp/src.c:5:37: error: excess elements in vector initializer [-Werror]
     __m128i a = {0,0,0,0}, b = {0,0,0,0}, c = {0,0,0,0};
                                     ^
/home/membo/upmem-lib-membo/upmem-2021.3.0-Linux-x86_64/src/backends/build/CMakeFiles/CMakeTmp/src.c:5:37: note: (near initialization for ‘b’)
/home/membo/upmem-lib-membo/upmem-2021.3.0-Linux-x86_64/src/backends/build/CMakeFiles/CMakeTmp/src.c:5:39: error: excess elements in vector initializer [-Werror]
     __m128i a = {0,0,0,0}, b = {0,0,0,0}, c = {0,0,0,0};
                                       ^
/home/membo/upmem-lib-membo/upmem-2021.3.0-Linux-x86_64/src/backends/build/CMakeFiles/CMakeTmp/src.c:5:39: note: (near initialization for ‘b’)
/home/membo/upmem-lib-membo/upmem-2021.3.0-Linux-x86_64/src/backends/build/CMakeFiles/CMakeTmp/src.c:5:52: error: excess elements in vector initializer [-Werror]
     __m128i a = {0,0,0,0}, b = {0,0,0,0}, c = {0,0,0,0};
                                                    ^
/home/membo/upmem-lib-membo/upmem-2021.3.0-Linux-x86_64/src/backends/build/CMakeFiles/CMakeTmp/src.c:5:52: note: (near initialization for ‘c’)
/home/membo/upmem-lib-membo/upmem-2021.3.0-Linux-x86_64/src/backends/build/CMakeFiles/CMakeTmp/src.c:5:54: error: excess elements in vector initializer [-Werror]
     __m128i a = {0,0,0,0}, b = {0,0,0,0}, c = {0,0,0,0};
                                                      ^
/home/membo/upmem-lib-membo/upmem-2021.3.0-Linux-x86_64/src/backends/build/CMakeFiles/CMakeTmp/src.c:5:54: note: (near initialization for ‘c’)
/home/membo/upmem-lib-membo/upmem-2021.3.0-Linux-x86_64/src/backends/build/CMakeFiles/CMakeTmp/src.c:5:43: error: variable ‘c’ set but not used [-Werror=unused-but-set-variable]
     __m128i a = {0,0,0,0}, b = {0,0,0,0}, c = {0,0,0,0};
                                           ^
cc1: all warnings being treated as errors
make[1]: *** [CMakeFiles/cmTC_34e65.dir/build.make:66: CMakeFiles/cmTC_34e65.dir/src.c.o] Error 1
make[1]: Leaving directory '/home/membo/upmem-lib-membo/upmem-2021.3.0-Linux-x86_64/src/backends/build/CMakeFiles/CMakeTmp'
make: *** [Makefile:121: cmTC_34e65/fast] Error 2


...and run output:

Return value: 1
Source file was:

  #include <nmmintrin.h>
  int main()
  {
    __m128i a = {0,0,0,0}, b = {0,0,0,0}, c = {0,0,0,0};
    c = _mm_cmpgt_epi64(a, b);
    return 0;
  }

Performing C SOURCE FILE Test C_COMPILES_SSE4_2_3 failed with the following output:
Change Dir: /home/membo/upmem-lib-membo/upmem-2021.3.0-Linux-x86_64/src/backends/build/CMakeFiles/CMakeTmp

Run Build Command(s):/usr/bin/make cmTC_20842/fast && /usr/bin/make -f CMakeFiles/cmTC_20842.dir/build.make CMakeFiles/cmTC_20842.dir/build
make[1]: Entering directory '/home/membo/upmem-lib-membo/upmem-2021.3.0-Linux-x86_64/src/backends/build/CMakeFiles/CMakeTmp'
Building C object CMakeFiles/cmTC_20842.dir/src.c.o
/usr/bin/cc   -Wall -Werror -Wextra -std=gnu11  -DC_COMPILES_SSE4_2_3 -msse4   -o CMakeFiles/cmTC_20842.dir/src.c.o   -c /home/membo/upmem-lib-membo/upmem-2021.3.0-Linux-x86_64/src/backends/build/CMakeFiles/CMakeTmp/src.c
/home/membo/upmem-lib-membo/upmem-2021.3.0-Linux-x86_64/src/backends/build/CMakeFiles/CMakeTmp/src.c: In function ‘main’:
/home/membo/upmem-lib-membo/upmem-2021.3.0-Linux-x86_64/src/backends/build/CMakeFiles/CMakeTmp/src.c:5:22: error: excess elements in vector initializer [-Werror]
     __m128i a = {0,0,0,0}, b = {0,0,0,0}, c = {0,0,0,0};
                      ^
/home/membo/upmem-lib-membo/upmem-2021.3.0-Linux-x86_64/src/backends/build/CMakeFiles/CMakeTmp/src.c:5:22: note: (near initialization for ‘a’)
/home/membo/upmem-lib-membo/upmem-2021.3.0-Linux-x86_64/src/backends/build/CMakeFiles/CMakeTmp/src.c:5:24: error: excess elements in vector initializer [-Werror]
     __m128i a = {0,0,0,0}, b = {0,0,0,0}, c = {0,0,0,0};
                        ^
/home/membo/upmem-lib-membo/upmem-2021.3.0-Linux-x86_64/src/backends/build/CMakeFiles/CMakeTmp/src.c:5:24: note: (near initialization for ‘a’)
/home/membo/upmem-lib-membo/upmem-2021.3.0-Linux-x86_64/src/backends/build/CMakeFiles/CMakeTmp/src.c:5:37: error: excess elements in vector initializer [-Werror]
     __m128i a = {0,0,0,0}, b = {0,0,0,0}, c = {0,0,0,0};
                                     ^
/home/membo/upmem-lib-membo/upmem-2021.3.0-Linux-x86_64/src/backends/build/CMakeFiles/CMakeTmp/src.c:5:37: note: (near initialization for ‘b’)
/home/membo/upmem-lib-membo/upmem-2021.3.0-Linux-x86_64/src/backends/build/CMakeFiles/CMakeTmp/src.c:5:39: error: excess elements in vector initializer [-Werror]
     __m128i a = {0,0,0,0}, b = {0,0,0,0}, c = {0,0,0,0};
                                       ^
/home/membo/upmem-lib-membo/upmem-2021.3.0-Linux-x86_64/src/backends/build/CMakeFiles/CMakeTmp/src.c:5:39: note: (near initialization for ‘b’)
/home/membo/upmem-lib-membo/upmem-2021.3.0-Linux-x86_64/src/backends/build/CMakeFiles/CMakeTmp/src.c:5:52: error: excess elements in vector initializer [-Werror]
     __m128i a = {0,0,0,0}, b = {0,0,0,0}, c = {0,0,0,0};
                                                    ^
/home/membo/upmem-lib-membo/upmem-2021.3.0-Linux-x86_64/src/backends/build/CMakeFiles/CMakeTmp/src.c:5:52: note: (near initialization for ‘c’)
/home/membo/upmem-lib-membo/upmem-2021.3.0-Linux-x86_64/src/backends/build/CMakeFiles/CMakeTmp/src.c:5:54: error: excess elements in vector initializer [-Werror]
     __m128i a = {0,0,0,0}, b = {0,0,0,0}, c = {0,0,0,0};
                                                      ^
/home/membo/upmem-lib-membo/upmem-2021.3.0-Linux-x86_64/src/backends/build/CMakeFiles/CMakeTmp/src.c:5:54: note: (near initialization for ‘c’)
/home/membo/upmem-lib-membo/upmem-2021.3.0-Linux-x86_64/src/backends/build/CMakeFiles/CMakeTmp/src.c:5:43: error: variable ‘c’ set but not used [-Werror=unused-but-set-variable]
     __m128i a = {0,0,0,0}, b = {0,0,0,0}, c = {0,0,0,0};
                                           ^
cc1: all warnings being treated as errors
make[1]: *** [CMakeFiles/cmTC_20842.dir/build.make:66: CMakeFiles/cmTC_20842.dir/src.c.o] Error 1
make[1]: Leaving directory '/home/membo/upmem-lib-membo/upmem-2021.3.0-Linux-x86_64/src/backends/build/CMakeFiles/CMakeTmp'
make: *** [Makefile:121: cmTC_20842/fast] Error 2


Source file was:

  #include <nmmintrin.h>
  int main()
  {
    __m128i a = {0,0,0,0}, b = {0,0,0,0}, c = {0,0,0,0};
    c = _mm_cmpgt_epi64(a, b);
    return 0;
  }

Performing C SOURCE FILE Test C_HAS_SSE4_2_4 failed with the following compile output:
Change Dir: /home/membo/upmem-lib-membo/upmem-2021.3.0-Linux-x86_64/src/backends/build/CMakeFiles/CMakeTmp

Run Build Command(s):/usr/bin/make cmTC_e1b43/fast && /usr/bin/make -f CMakeFiles/cmTC_e1b43.dir/build.make CMakeFiles/cmTC_e1b43.dir/build
make[1]: Entering directory '/home/membo/upmem-lib-membo/upmem-2021.3.0-Linux-x86_64/src/backends/build/CMakeFiles/CMakeTmp'
Building C object CMakeFiles/cmTC_e1b43.dir/src.c.o
/usr/bin/cc   -Wall -Werror -Wextra -std=gnu11  -DC_HAS_SSE4_2_4 /arch:SSE4   -o CMakeFiles/cmTC_e1b43.dir/src.c.o   -c /home/membo/upmem-lib-membo/upmem-2021.3.0-Linux-x86_64/src/backends/build/CMakeFiles/CMakeTmp/src.c
cc: error: /arch:SSE4: No such file or directory
make[1]: *** [CMakeFiles/cmTC_e1b43.dir/build.make:66: CMakeFiles/cmTC_e1b43.dir/src.c.o] Error 1
make[1]: Leaving directory '/home/membo/upmem-lib-membo/upmem-2021.3.0-Linux-x86_64/src/backends/build/CMakeFiles/CMakeTmp'
make: *** [Makefile:121: cmTC_e1b43/fast] Error 2


...and run output:

Return value: 1
Source file was:

  #include <nmmintrin.h>
  int main()
  {
    __m128i a = {0,0,0,0}, b = {0,0,0,0}, c = {0,0,0,0};
    c = _mm_cmpgt_epi64(a, b);
    return 0;
  }

Performing C SOURCE FILE Test C_COMPILES_SSE4_2_4 failed with the following output:
Change Dir: /home/membo/upmem-lib-membo/upmem-2021.3.0-Linux-x86_64/src/backends/build/CMakeFiles/CMakeTmp

Run Build Command(s):/usr/bin/make cmTC_ad51e/fast && /usr/bin/make -f CMakeFiles/cmTC_ad51e.dir/build.make CMakeFiles/cmTC_ad51e.dir/build
make[1]: Entering directory '/home/membo/upmem-lib-membo/upmem-2021.3.0-Linux-x86_64/src/backends/build/CMakeFiles/CMakeTmp'
Building C object CMakeFiles/cmTC_ad51e.dir/src.c.o
/usr/bin/cc   -Wall -Werror -Wextra -std=gnu11  -DC_COMPILES_SSE4_2_4 /arch:SSE4   -o CMakeFiles/cmTC_ad51e.dir/src.c.o   -c /home/membo/upmem-lib-membo/upmem-2021.3.0-Linux-x86_64/src/backends/build/CMakeFiles/CMakeTmp/src.c
cc: error: /arch:SSE4: No such file or directory
make[1]: *** [CMakeFiles/cmTC_ad51e.dir/build.make:66: CMakeFiles/cmTC_ad51e.dir/src.c.o] Error 1
make[1]: Leaving directory '/home/membo/upmem-lib-membo/upmem-2021.3.0-Linux-x86_64/src/backends/build/CMakeFiles/CMakeTmp'
make: *** [Makefile:121: cmTC_ad51e/fast] Error 2


Source file was:

  #include <nmmintrin.h>
  int main()
  {
    __m128i a = {0,0,0,0}, b = {0,0,0,0}, c = {0,0,0,0};
    c = _mm_cmpgt_epi64(a, b);
    return 0;
  }

Performing C SOURCE FILE Test C_HAS_AVX_1 failed with the following compile output:
Change Dir: /home/membo/upmem-lib-membo/upmem-2021.3.0-Linux-x86_64/src/backends/build/CMakeFiles/CMakeTmp

Run Build Command(s):/usr/bin/make cmTC_b3eb8/fast && /usr/bin/make -f CMakeFiles/cmTC_b3eb8.dir/build.make CMakeFiles/cmTC_b3eb8.dir/build
make[1]: Entering directory '/home/membo/upmem-lib-membo/upmem-2021.3.0-Linux-x86_64/src/backends/build/CMakeFiles/CMakeTmp'
Building C object CMakeFiles/cmTC_b3eb8.dir/src.c.o
/usr/bin/cc   -Wall -Werror -Wextra -std=gnu11  -DC_HAS_AVX_1   -o CMakeFiles/cmTC_b3eb8.dir/src.c.o   -c /home/membo/upmem-lib-membo/upmem-2021.3.0-Linux-x86_64/src/backends/build/CMakeFiles/CMakeTmp/src.c
/home/membo/upmem-lib-membo/upmem-2021.3.0-Linux-x86_64/src/backends/build/CMakeFiles/CMakeTmp/src.c: In function ‘main’:
/home/membo/upmem-lib-membo/upmem-2021.3.0-Linux-x86_64/src/backends/build/CMakeFiles/CMakeTmp/src.c:5:12: error: variable ‘a’ set but not used [-Werror=unused-but-set-variable]
     __m256 a;
            ^
/home/membo/upmem-lib-membo/upmem-2021.3.0-Linux-x86_64/src/backends/build/CMakeFiles/CMakeTmp/src.c:6:7: error: AVX vector return without AVX enabled changes the ABI [-Werror=psabi]
     a = _mm256_set1_ps(0);
     ~~^~~~~~~~~~~~~~~~~~~
In file included from /usr/lib/gcc/x86_64-linux-gnu/8/include/immintrin.h:41,
                 from /home/membo/upmem-lib-membo/upmem-2021.3.0-Linux-x86_64/src/backends/build/CMakeFiles/CMakeTmp/src.c:2:
/usr/lib/gcc/x86_64-linux-gnu/8/include/avxintrin.h:1311:1: error: inlining failed in call to always_inline ‘_mm256_set1_ps’: target specific option mismatch
 _mm256_set1_ps (float __A)
 ^~~~~~~~~~~~~~
/home/membo/upmem-lib-membo/upmem-2021.3.0-Linux-x86_64/src/backends/build/CMakeFiles/CMakeTmp/src.c:6:9: note: called from here
     a = _mm256_set1_ps(0);
         ^~~~~~~~~~~~~~~~~
cc1: all warnings being treated as errors
make[1]: *** [CMakeFiles/cmTC_b3eb8.dir/build.make:66: CMakeFiles/cmTC_b3eb8.dir/src.c.o] Error 1
make[1]: Leaving directory '/home/membo/upmem-lib-membo/upmem-2021.3.0-Linux-x86_64/src/backends/build/CMakeFiles/CMakeTmp'
make: *** [Makefile:121: cmTC_b3eb8/fast] Error 2


...and run output:

Return value: 1
Source file was:

  #include <immintrin.h>
  int main()
  {
    __m256 a;
    a = _mm256_set1_ps(0);
    return 0;
  }

Performing C SOURCE FILE Test C_COMPILES_AVX_1 failed with the following output:
Change Dir: /home/membo/upmem-lib-membo/upmem-2021.3.0-Linux-x86_64/src/backends/build/CMakeFiles/CMakeTmp

Run Build Command(s):/usr/bin/make cmTC_f8360/fast && /usr/bin/make -f CMakeFiles/cmTC_f8360.dir/build.make CMakeFiles/cmTC_f8360.dir/build
make[1]: Entering directory '/home/membo/upmem-lib-membo/upmem-2021.3.0-Linux-x86_64/src/backends/build/CMakeFiles/CMakeTmp'
Building C object CMakeFiles/cmTC_f8360.dir/src.c.o
/usr/bin/cc   -Wall -Werror -Wextra -std=gnu11  -DC_COMPILES_AVX_1   -o CMakeFiles/cmTC_f8360.dir/src.c.o   -c /home/membo/upmem-lib-membo/upmem-2021.3.0-Linux-x86_64/src/backends/build/CMakeFiles/CMakeTmp/src.c
/home/membo/upmem-lib-membo/upmem-2021.3.0-Linux-x86_64/src/backends/build/CMakeFiles/CMakeTmp/src.c: In function ‘main’:
/home/membo/upmem-lib-membo/upmem-2021.3.0-Linux-x86_64/src/backends/build/CMakeFiles/CMakeTmp/src.c:5:12: error: variable ‘a’ set but not used [-Werror=unused-but-set-variable]
     __m256 a;
            ^
/home/membo/upmem-lib-membo/upmem-2021.3.0-Linux-x86_64/src/backends/build/CMakeFiles/CMakeTmp/src.c:6:7: error: AVX vector return without AVX enabled changes the ABI [-Werror=psabi]
     a = _mm256_set1_ps(0);
     ~~^~~~~~~~~~~~~~~~~~~
In file included from /usr/lib/gcc/x86_64-linux-gnu/8/include/immintrin.h:41,
                 from /home/membo/upmem-lib-membo/upmem-2021.3.0-Linux-x86_64/src/backends/build/CMakeFiles/CMakeTmp/src.c:2:
/usr/lib/gcc/x86_64-linux-gnu/8/include/avxintrin.h:1311:1: error: inlining failed in call to always_inline ‘_mm256_set1_ps’: target specific option mismatch
 _mm256_set1_ps (float __A)
 ^~~~~~~~~~~~~~
/home/membo/upmem-lib-membo/upmem-2021.3.0-Linux-x86_64/src/backends/build/CMakeFiles/CMakeTmp/src.c:6:9: note: called from here
     a = _mm256_set1_ps(0);
         ^~~~~~~~~~~~~~~~~
cc1: all warnings being treated as errors
make[1]: *** [CMakeFiles/cmTC_f8360.dir/build.make:66: CMakeFiles/cmTC_f8360.dir/src.c.o] Error 1
make[1]: Leaving directory '/home/membo/upmem-lib-membo/upmem-2021.3.0-Linux-x86_64/src/backends/build/CMakeFiles/CMakeTmp'
make: *** [Makefile:121: cmTC_f8360/fast] Error 2


Source file was:

  #include <immintrin.h>
  int main()
  {
    __m256 a;
    a = _mm256_set1_ps(0);
    return 0;
  }

Performing C SOURCE FILE Test C_HAS_AVX_2 failed with the following compile output:
Change Dir: /home/membo/upmem-lib-membo/upmem-2021.3.0-Linux-x86_64/src/backends/build/CMakeFiles/CMakeTmp

Run Build Command(s):/usr/bin/make cmTC_5767c/fast && /usr/bin/make -f CMakeFiles/cmTC_5767c.dir/build.make CMakeFiles/cmTC_5767c.dir/build
make[1]: Entering directory '/home/membo/upmem-lib-membo/upmem-2021.3.0-Linux-x86_64/src/backends/build/CMakeFiles/CMakeTmp'
Building C object CMakeFiles/cmTC_5767c.dir/src.c.o
/usr/bin/cc   -Wall -Werror -Wextra -std=gnu11  -DC_HAS_AVX_2 -mavx   -o CMakeFiles/cmTC_5767c.dir/src.c.o   -c /home/membo/upmem-lib-membo/upmem-2021.3.0-Linux-x86_64/src/backends/build/CMakeFiles/CMakeTmp/src.c
/home/membo/upmem-lib-membo/upmem-2021.3.0-Linux-x86_64/src/backends/build/CMakeFiles/CMakeTmp/src.c: In function ‘main’:
/home/membo/upmem-lib-membo/upmem-2021.3.0-Linux-x86_64/src/backends/build/CMakeFiles/CMakeTmp/src.c:5:12: error: variable ‘a’ set but not used [-Werror=unused-but-set-variable]
     __m256 a;
            ^
cc1: all warnings being treated as errors
make[1]: *** [CMakeFiles/cmTC_5767c.dir/build.make:66: CMakeFiles/cmTC_5767c.dir/src.c.o] Error 1
make[1]: Leaving directory '/home/membo/upmem-lib-membo/upmem-2021.3.0-Linux-x86_64/src/backends/build/CMakeFiles/CMakeTmp'
make: *** [Makefile:121: cmTC_5767c/fast] Error 2


...and run output:

Return value: 1
Source file was:

  #include <immintrin.h>
  int main()
  {
    __m256 a;
    a = _mm256_set1_ps(0);
    return 0;
  }

Performing C SOURCE FILE Test C_COMPILES_AVX_2 failed with the following output:
Change Dir: /home/membo/upmem-lib-membo/upmem-2021.3.0-Linux-x86_64/src/backends/build/CMakeFiles/CMakeTmp

Run Build Command(s):/usr/bin/make cmTC_e4e83/fast && /usr/bin/make -f CMakeFiles/cmTC_e4e83.dir/build.make CMakeFiles/cmTC_e4e83.dir/build
make[1]: Entering directory '/home/membo/upmem-lib-membo/upmem-2021.3.0-Linux-x86_64/src/backends/build/CMakeFiles/CMakeTmp'
Building C object CMakeFiles/cmTC_e4e83.dir/src.c.o
/usr/bin/cc   -Wall -Werror -Wextra -std=gnu11  -DC_COMPILES_AVX_2 -mavx   -o CMakeFiles/cmTC_e4e83.dir/src.c.o   -c /home/membo/upmem-lib-membo/upmem-2021.3.0-Linux-x86_64/src/backends/build/CMakeFiles/CMakeTmp/src.c
/home/membo/upmem-lib-membo/upmem-2021.3.0-Linux-x86_64/src/backends/build/CMakeFiles/CMakeTmp/src.c: In function ‘main’:
/home/membo/upmem-lib-membo/upmem-2021.3.0-Linux-x86_64/src/backends/build/CMakeFiles/CMakeTmp/src.c:5:12: error: variable ‘a’ set but not used [-Werror=unused-but-set-variable]
     __m256 a;
            ^
cc1: all warnings being treated as errors
make[1]: *** [CMakeFiles/cmTC_e4e83.dir/build.make:66: CMakeFiles/cmTC_e4e83.dir/src.c.o] Error 1
make[1]: Leaving directory '/home/membo/upmem-lib-membo/upmem-2021.3.0-Linux-x86_64/src/backends/build/CMakeFiles/CMakeTmp'
make: *** [Makefile:121: cmTC_e4e83/fast] Error 2


Source file was:

  #include <immintrin.h>
  int main()
  {
    __m256 a;
    a = _mm256_set1_ps(0);
    return 0;
  }

Performing C SOURCE FILE Test C_HAS_AVX_3 failed with the following compile output:
Change Dir: /home/membo/upmem-lib-membo/upmem-2021.3.0-Linux-x86_64/src/backends/build/CMakeFiles/CMakeTmp

Run Build Command(s):/usr/bin/make cmTC_18725/fast && /usr/bin/make -f CMakeFiles/cmTC_18725.dir/build.make CMakeFiles/cmTC_18725.dir/build
make[1]: Entering directory '/home/membo/upmem-lib-membo/upmem-2021.3.0-Linux-x86_64/src/backends/build/CMakeFiles/CMakeTmp'
Building C object CMakeFiles/cmTC_18725.dir/src.c.o
/usr/bin/cc   -Wall -Werror -Wextra -std=gnu11  -DC_HAS_AVX_3 /arch:AVX   -o CMakeFiles/cmTC_18725.dir/src.c.o   -c /home/membo/upmem-lib-membo/upmem-2021.3.0-Linux-x86_64/src/backends/build/CMakeFiles/CMakeTmp/src.c
cc: error: /arch:AVX: No such file or directory
make[1]: *** [CMakeFiles/cmTC_18725.dir/build.make:66: CMakeFiles/cmTC_18725.dir/src.c.o] Error 1
make[1]: Leaving directory '/home/membo/upmem-lib-membo/upmem-2021.3.0-Linux-x86_64/src/backends/build/CMakeFiles/CMakeTmp'
make: *** [Makefile:121: cmTC_18725/fast] Error 2


...and run output:

Return value: 1
Source file was:

  #include <immintrin.h>
  int main()
  {
    __m256 a;
    a = _mm256_set1_ps(0);
    return 0;
  }

Performing C SOURCE FILE Test C_COMPILES_AVX_3 failed with the following output:
Change Dir: /home/membo/upmem-lib-membo/upmem-2021.3.0-Linux-x86_64/src/backends/build/CMakeFiles/CMakeTmp

Run Build Command(s):/usr/bin/make cmTC_1a512/fast && /usr/bin/make -f CMakeFiles/cmTC_1a512.dir/build.make CMakeFiles/cmTC_1a512.dir/build
make[1]: Entering directory '/home/membo/upmem-lib-membo/upmem-2021.3.0-Linux-x86_64/src/backends/build/CMakeFiles/CMakeTmp'
Building C object CMakeFiles/cmTC_1a512.dir/src.c.o
/usr/bin/cc   -Wall -Werror -Wextra -std=gnu11  -DC_COMPILES_AVX_3 /arch:AVX   -o CMakeFiles/cmTC_1a512.dir/src.c.o   -c /home/membo/upmem-lib-membo/upmem-2021.3.0-Linux-x86_64/src/backends/build/CMakeFiles/CMakeTmp/src.c
cc: error: /arch:AVX: No such file or directory
make[1]: *** [CMakeFiles/cmTC_1a512.dir/build.make:66: CMakeFiles/cmTC_1a512.dir/src.c.o] Error 1
make[1]: Leaving directory '/home/membo/upmem-lib-membo/upmem-2021.3.0-Linux-x86_64/src/backends/build/CMakeFiles/CMakeTmp'
make: *** [Makefile:121: cmTC_1a512/fast] Error 2


Source file was:

  #include <immintrin.h>
  int main()
  {
    __m256 a;
    a = _mm256_set1_ps(0);
    return 0;
  }

Performing C SOURCE FILE Test C_HAS_AVX2_1 failed with the following compile output:
Change Dir: /home/membo/upmem-lib-membo/upmem-2021.3.0-Linux-x86_64/src/backends/build/CMakeFiles/CMakeTmp

Run Build Command(s):/usr/bin/make cmTC_9f2b1/fast && /usr/bin/make -f CMakeFiles/cmTC_9f2b1.dir/build.make CMakeFiles/cmTC_9f2b1.dir/build
make[1]: Entering directory '/home/membo/upmem-lib-membo/upmem-2021.3.0-Linux-x86_64/src/backends/build/CMakeFiles/CMakeTmp'
Building C object CMakeFiles/cmTC_9f2b1.dir/src.c.o
/usr/bin/cc   -Wall -Werror -Wextra -std=gnu11  -DC_HAS_AVX2_1   -o CMakeFiles/cmTC_9f2b1.dir/src.c.o   -c /home/membo/upmem-lib-membo/upmem-2021.3.0-Linux-x86_64/src/backends/build/CMakeFiles/CMakeTmp/src.c
/home/membo/upmem-lib-membo/upmem-2021.3.0-Linux-x86_64/src/backends/build/CMakeFiles/CMakeTmp/src.c: In function ‘main’:
/home/membo/upmem-lib-membo/upmem-2021.3.0-Linux-x86_64/src/backends/build/CMakeFiles/CMakeTmp/src.c:6:7: error: AVX vector return without AVX enabled changes the ABI [-Werror=psabi]
     a = _mm256_abs_epi16(a);
     ~~^~~~~~~~~~~~~~~~~~~~~
In file included from /usr/lib/gcc/x86_64-linux-gnu/8/include/immintrin.h:43,
                 from /home/membo/upmem-lib-membo/upmem-2021.3.0-Linux-x86_64/src/backends/build/CMakeFiles/CMakeTmp/src.c:2:
/usr/lib/gcc/x86_64-linux-gnu/8/include/avx2intrin.h:63:1: error: inlining failed in call to always_inline ‘_mm256_abs_epi16’: target specific option mismatch
 _mm256_abs_epi16 (__m256i __A)
 ^~~~~~~~~~~~~~~~
/home/membo/upmem-lib-membo/upmem-2021.3.0-Linux-x86_64/src/backends/build/CMakeFiles/CMakeTmp/src.c:6:9: note: called from here
     a = _mm256_abs_epi16(a);
         ^~~~~~~~~~~~~~~~~~~
cc1: all warnings being treated as errors
make[1]: *** [CMakeFiles/cmTC_9f2b1.dir/build.make:66: CMakeFiles/cmTC_9f2b1.dir/src.c.o] Error 1
make[1]: Leaving directory '/home/membo/upmem-lib-membo/upmem-2021.3.0-Linux-x86_64/src/backends/build/CMakeFiles/CMakeTmp'
make: *** [Makefile:121: cmTC_9f2b1/fast] Error 2


...and run output:

Return value: 1
Source file was:

  #include <immintrin.h>
  int main()
  {
    __m256i a = {0};
    a = _mm256_abs_epi16(a);
    return 0;
  }

Performing C SOURCE FILE Test C_COMPILES_AVX2_1 failed with the following output:
Change Dir: /home/membo/upmem-lib-membo/upmem-2021.3.0-Linux-x86_64/src/backends/build/CMakeFiles/CMakeTmp

Run Build Command(s):/usr/bin/make cmTC_ecc79/fast && /usr/bin/make -f CMakeFiles/cmTC_ecc79.dir/build.make CMakeFiles/cmTC_ecc79.dir/build
make[1]: Entering directory '/home/membo/upmem-lib-membo/upmem-2021.3.0-Linux-x86_64/src/backends/build/CMakeFiles/CMakeTmp'
Building C object CMakeFiles/cmTC_ecc79.dir/src.c.o
/usr/bin/cc   -Wall -Werror -Wextra -std=gnu11  -DC_COMPILES_AVX2_1   -o CMakeFiles/cmTC_ecc79.dir/src.c.o   -c /home/membo/upmem-lib-membo/upmem-2021.3.0-Linux-x86_64/src/backends/build/CMakeFiles/CMakeTmp/src.c
/home/membo/upmem-lib-membo/upmem-2021.3.0-Linux-x86_64/src/backends/build/CMakeFiles/CMakeTmp/src.c: In function ‘main’:
/home/membo/upmem-lib-membo/upmem-2021.3.0-Linux-x86_64/src/backends/build/CMakeFiles/CMakeTmp/src.c:6:7: error: AVX vector return without AVX enabled changes the ABI [-Werror=psabi]
     a = _mm256_abs_epi16(a);
     ~~^~~~~~~~~~~~~~~~~~~~~
In file included from /usr/lib/gcc/x86_64-linux-gnu/8/include/immintrin.h:43,
                 from /home/membo/upmem-lib-membo/upmem-2021.3.0-Linux-x86_64/src/backends/build/CMakeFiles/CMakeTmp/src.c:2:
/usr/lib/gcc/x86_64-linux-gnu/8/include/avx2intrin.h:63:1: error: inlining failed in call to always_inline ‘_mm256_abs_epi16’: target specific option mismatch
 _mm256_abs_epi16 (__m256i __A)
 ^~~~~~~~~~~~~~~~
/home/membo/upmem-lib-membo/upmem-2021.3.0-Linux-x86_64/src/backends/build/CMakeFiles/CMakeTmp/src.c:6:9: note: called from here
     a = _mm256_abs_epi16(a);
         ^~~~~~~~~~~~~~~~~~~
cc1: all warnings being treated as errors
make[1]: *** [CMakeFiles/cmTC_ecc79.dir/build.make:66: CMakeFiles/cmTC_ecc79.dir/src.c.o] Error 1
make[1]: Leaving directory '/home/membo/upmem-lib-membo/upmem-2021.3.0-Linux-x86_64/src/backends/build/CMakeFiles/CMakeTmp'
make: *** [Makefile:121: cmTC_ecc79/fast] Error 2


Source file was:

  #include <immintrin.h>
  int main()
  {
    __m256i a = {0};
    a = _mm256_abs_epi16(a);
    return 0;
  }

Performing C SOURCE FILE Test C_HAS_AVX512F_1 failed with the following compile output:
Change Dir: /home/membo/upmem-lib-membo/upmem-2021.3.0-Linux-x86_64/src/backends/build/CMakeFiles/CMakeTmp

Run Build Command(s):/usr/bin/make cmTC_6a4ae/fast && /usr/bin/make -f CMakeFiles/cmTC_6a4ae.dir/build.make CMakeFiles/cmTC_6a4ae.dir/build
make[1]: Entering directory '/home/membo/upmem-lib-membo/upmem-2021.3.0-Linux-x86_64/src/backends/build/CMakeFiles/CMakeTmp'
Building C object CMakeFiles/cmTC_6a4ae.dir/src.c.o
/usr/bin/cc   -Wall -Werror -Wextra -std=gnu11  -DC_HAS_AVX512F_1   -o CMakeFiles/cmTC_6a4ae.dir/src.c.o   -c /home/membo/upmem-lib-membo/upmem-2021.3.0-Linux-x86_64/src/backends/build/CMakeFiles/CMakeTmp/src.c
/home/membo/upmem-lib-membo/upmem-2021.3.0-Linux-x86_64/src/backends/build/CMakeFiles/CMakeTmp/src.c: In function ‘main’:
/home/membo/upmem-lib-membo/upmem-2021.3.0-Linux-x86_64/src/backends/build/CMakeFiles/CMakeTmp/src.c:5:12: error: AVX512F vector return without AVX512F enabled changes the ABI [-Werror=psabi]
     __m512 a = _mm512_set1_ps(1.f);
            ^
In file included from /usr/lib/gcc/x86_64-linux-gnu/8/include/immintrin.h:45,
                 from /home/membo/upmem-lib-membo/upmem-2021.3.0-Linux-x86_64/src/backends/build/CMakeFiles/CMakeTmp/src.c:2:
/usr/lib/gcc/x86_64-linux-gnu/8/include/avx512fintrin.h:11534:1: error: inlining failed in call to always_inline ‘_mm512_add_ps’: target specific option mismatch
 _mm512_add_ps (__m512 __A, __m512 __B)
 ^~~~~~~~~~~~~
/home/membo/upmem-lib-membo/upmem-2021.3.0-Linux-x86_64/src/backends/build/CMakeFiles/CMakeTmp/src.c:6:9: note: called from here
     a = _mm512_add_ps(a, _mm512_set1_ps(1.f));;
         ^~~~~~~~~~~~~~~~~~~~~~~~~~~~~~~~~~~~~
In file included from /usr/lib/gcc/x86_64-linux-gnu/8/include/immintrin.h:45,
                 from /home/membo/upmem-lib-membo/upmem-2021.3.0-Linux-x86_64/src/backends/build/CMakeFiles/CMakeTmp/src.c:2:
/usr/lib/gcc/x86_64-linux-gnu/8/include/avx512fintrin.h:201:1: error: inlining failed in call to always_inline ‘_mm512_set1_ps’: target specific option mismatch
 _mm512_set1_ps (float __A)
 ^~~~~~~~~~~~~~
/home/membo/upmem-lib-membo/upmem-2021.3.0-Linux-x86_64/src/backends/build/CMakeFiles/CMakeTmp/src.c:6:9: note: called from here
     a = _mm512_add_ps(a, _mm512_set1_ps(1.f));;
         ^~~~~~~~~~~~~~~~~~~~~~~~~~~~~~~~~~~~~
In file included from /usr/lib/gcc/x86_64-linux-gnu/8/include/immintrin.h:45,
                 from /home/membo/upmem-lib-membo/upmem-2021.3.0-Linux-x86_64/src/backends/build/CMakeFiles/CMakeTmp/src.c:2:
/usr/lib/gcc/x86_64-linux-gnu/8/include/avx512fintrin.h:201:1: error: inlining failed in call to always_inline ‘_mm512_set1_ps’: target specific option mismatch
 _mm512_set1_ps (float __A)
 ^~~~~~~~~~~~~~
/home/membo/upmem-lib-membo/upmem-2021.3.0-Linux-x86_64/src/backends/build/CMakeFiles/CMakeTmp/src.c:5:16: note: called from here
     __m512 a = _mm512_set1_ps(1.f);
                ^~~~~~~~~~~~~~~~~~~
cc1: all warnings being treated as errors
make[1]: *** [CMakeFiles/cmTC_6a4ae.dir/build.make:66: CMakeFiles/cmTC_6a4ae.dir/src.c.o] Error 1
make[1]: Leaving directory '/home/membo/upmem-lib-membo/upmem-2021.3.0-Linux-x86_64/src/backends/build/CMakeFiles/CMakeTmp'
make: *** [Makefile:121: cmTC_6a4ae/fast] Error 2


...and run output:

Return value: 1
Source file was:

  #include <immintrin.h>
  int main()
  {
    __m512 a = _mm512_set1_ps(1.f);
    a = _mm512_add_ps(a, _mm512_set1_ps(1.f));;
    return 0;
  }

Performing C SOURCE FILE Test C_COMPILES_AVX512F_1 failed with the following output:
Change Dir: /home/membo/upmem-lib-membo/upmem-2021.3.0-Linux-x86_64/src/backends/build/CMakeFiles/CMakeTmp

Run Build Command(s):/usr/bin/make cmTC_3412d/fast && /usr/bin/make -f CMakeFiles/cmTC_3412d.dir/build.make CMakeFiles/cmTC_3412d.dir/build
make[1]: Entering directory '/home/membo/upmem-lib-membo/upmem-2021.3.0-Linux-x86_64/src/backends/build/CMakeFiles/CMakeTmp'
Building C object CMakeFiles/cmTC_3412d.dir/src.c.o
/usr/bin/cc   -Wall -Werror -Wextra -std=gnu11  -DC_COMPILES_AVX512F_1   -o CMakeFiles/cmTC_3412d.dir/src.c.o   -c /home/membo/upmem-lib-membo/upmem-2021.3.0-Linux-x86_64/src/backends/build/CMakeFiles/CMakeTmp/src.c
/home/membo/upmem-lib-membo/upmem-2021.3.0-Linux-x86_64/src/backends/build/CMakeFiles/CMakeTmp/src.c: In function ‘main’:
/home/membo/upmem-lib-membo/upmem-2021.3.0-Linux-x86_64/src/backends/build/CMakeFiles/CMakeTmp/src.c:5:12: error: AVX512F vector return without AVX512F enabled changes the ABI [-Werror=psabi]
     __m512 a = _mm512_set1_ps(1.f);
            ^
In file included from /usr/lib/gcc/x86_64-linux-gnu/8/include/immintrin.h:45,
                 from /home/membo/upmem-lib-membo/upmem-2021.3.0-Linux-x86_64/src/backends/build/CMakeFiles/CMakeTmp/src.c:2:
/usr/lib/gcc/x86_64-linux-gnu/8/include/avx512fintrin.h:11534:1: error: inlining failed in call to always_inline ‘_mm512_add_ps’: target specific option mismatch
 _mm512_add_ps (__m512 __A, __m512 __B)
 ^~~~~~~~~~~~~
/home/membo/upmem-lib-membo/upmem-2021.3.0-Linux-x86_64/src/backends/build/CMakeFiles/CMakeTmp/src.c:6:9: note: called from here
     a = _mm512_add_ps(a, _mm512_set1_ps(1.f));;
         ^~~~~~~~~~~~~~~~~~~~~~~~~~~~~~~~~~~~~
In file included from /usr/lib/gcc/x86_64-linux-gnu/8/include/immintrin.h:45,
                 from /home/membo/upmem-lib-membo/upmem-2021.3.0-Linux-x86_64/src/backends/build/CMakeFiles/CMakeTmp/src.c:2:
/usr/lib/gcc/x86_64-linux-gnu/8/include/avx512fintrin.h:201:1: error: inlining failed in call to always_inline ‘_mm512_set1_ps’: target specific option mismatch
 _mm512_set1_ps (float __A)
 ^~~~~~~~~~~~~~
/home/membo/upmem-lib-membo/upmem-2021.3.0-Linux-x86_64/src/backends/build/CMakeFiles/CMakeTmp/src.c:6:9: note: called from here
     a = _mm512_add_ps(a, _mm512_set1_ps(1.f));;
         ^~~~~~~~~~~~~~~~~~~~~~~~~~~~~~~~~~~~~
In file included from /usr/lib/gcc/x86_64-linux-gnu/8/include/immintrin.h:45,
                 from /home/membo/upmem-lib-membo/upmem-2021.3.0-Linux-x86_64/src/backends/build/CMakeFiles/CMakeTmp/src.c:2:
/usr/lib/gcc/x86_64-linux-gnu/8/include/avx512fintrin.h:201:1: error: inlining failed in call to always_inline ‘_mm512_set1_ps’: target specific option mismatch
 _mm512_set1_ps (float __A)
 ^~~~~~~~~~~~~~
/home/membo/upmem-lib-membo/upmem-2021.3.0-Linux-x86_64/src/backends/build/CMakeFiles/CMakeTmp/src.c:5:16: note: called from here
     __m512 a = _mm512_set1_ps(1.f);
                ^~~~~~~~~~~~~~~~~~~
cc1: all warnings being treated as errors
make[1]: *** [CMakeFiles/cmTC_3412d.dir/build.make:66: CMakeFiles/cmTC_3412d.dir/src.c.o] Error 1
make[1]: Leaving directory '/home/membo/upmem-lib-membo/upmem-2021.3.0-Linux-x86_64/src/backends/build/CMakeFiles/CMakeTmp'
make: *** [Makefile:121: cmTC_3412d/fast] Error 2


Source file was:

  #include <immintrin.h>
  int main()
  {
    __m512 a = _mm512_set1_ps(1.f);
    a = _mm512_add_ps(a, _mm512_set1_ps(1.f));;
    return 0;
  }

Performing C SOURCE FILE Test C_HAS_AVX512BW_1 failed with the following compile output:
Change Dir: /home/membo/upmem-lib-membo/upmem-2021.3.0-Linux-x86_64/src/backends/build/CMakeFiles/CMakeTmp

Run Build Command(s):/usr/bin/make cmTC_4f4e2/fast && /usr/bin/make -f CMakeFiles/cmTC_4f4e2.dir/build.make CMakeFiles/cmTC_4f4e2.dir/build
make[1]: Entering directory '/home/membo/upmem-lib-membo/upmem-2021.3.0-Linux-x86_64/src/backends/build/CMakeFiles/CMakeTmp'
Building C object CMakeFiles/cmTC_4f4e2.dir/src.c.o
/usr/bin/cc   -Wall -Werror -Wextra -std=gnu11  -DC_HAS_AVX512BW_1   -o CMakeFiles/cmTC_4f4e2.dir/src.c.o   -c /home/membo/upmem-lib-membo/upmem-2021.3.0-Linux-x86_64/src/backends/build/CMakeFiles/CMakeTmp/src.c
/home/membo/upmem-lib-membo/upmem-2021.3.0-Linux-x86_64/src/backends/build/CMakeFiles/CMakeTmp/src.c: In function ‘main’:
/home/membo/upmem-lib-membo/upmem-2021.3.0-Linux-x86_64/src/backends/build/CMakeFiles/CMakeTmp/src.c:5:13: error: AVX512F vector return without AVX512F enabled changes the ABI [-Werror=psabi]
     __m512i mask = _mm512_set_epi64(0, 0, 0, 0, 0, 0, 0, 0);
             ^~~~
In file included from /usr/lib/gcc/x86_64-linux-gnu/8/include/immintrin.h:55,
                 from /home/membo/upmem-lib-membo/upmem-2021.3.0-Linux-x86_64/src/backends/build/CMakeFiles/CMakeTmp/src.c:2:
/usr/lib/gcc/x86_64-linux-gnu/8/include/avx512bwintrin.h:1852:1: error: inlining failed in call to always_inline ‘_mm512_shuffle_epi8’: target specific option mismatch
 _mm512_shuffle_epi8 (__m512i __A, __m512i __B)
 ^~~~~~~~~~~~~~~~~~~
/home/membo/upmem-lib-membo/upmem-2021.3.0-Linux-x86_64/src/backends/build/CMakeFiles/CMakeTmp/src.c:7:12: note: called from here
     load = _mm512_shuffle_epi8(load, mask);
            ^~~~~~~~~~~~~~~~~~~~~~~~~~~~~~~
In file included from /usr/lib/gcc/x86_64-linux-gnu/8/include/immintrin.h:45,
                 from /home/membo/upmem-lib-membo/upmem-2021.3.0-Linux-x86_64/src/backends/build/CMakeFiles/CMakeTmp/src.c:2:
/usr/lib/gcc/x86_64-linux-gnu/8/include/avx512fintrin.h:79:1: error: inlining failed in call to always_inline ‘_mm512_set_epi64’: target specific option mismatch
 _mm512_set_epi64 (long long __A, long long __B, long long __C,
 ^~~~~~~~~~~~~~~~
/home/membo/upmem-lib-membo/upmem-2021.3.0-Linux-x86_64/src/backends/build/CMakeFiles/CMakeTmp/src.c:5:20: note: called from here
     __m512i mask = _mm512_set_epi64(0, 0, 0, 0, 0, 0, 0, 0);
                    ^~~~~~~~~~~~~~~~~~~~~~~~~~~~~~~~~~~~~~~~
cc1: all warnings being treated as errors
make[1]: *** [CMakeFiles/cmTC_4f4e2.dir/build.make:66: CMakeFiles/cmTC_4f4e2.dir/src.c.o] Error 1
make[1]: Leaving directory '/home/membo/upmem-lib-membo/upmem-2021.3.0-Linux-x86_64/src/backends/build/CMakeFiles/CMakeTmp'
make: *** [Makefile:121: cmTC_4f4e2/fast] Error 2


...and run output:

Return value: 1
Source file was:

  #include <immintrin.h>
  int main()
  {
    __m512i mask = _mm512_set_epi64(0, 0, 0, 0, 0, 0, 0, 0);
    __m512i load = {0};
    load = _mm512_shuffle_epi8(load, mask);
    return 0;
  }

Performing C SOURCE FILE Test C_COMPILES_AVX512BW_1 failed with the following output:
Change Dir: /home/membo/upmem-lib-membo/upmem-2021.3.0-Linux-x86_64/src/backends/build/CMakeFiles/CMakeTmp

Run Build Command(s):/usr/bin/make cmTC_c435f/fast && /usr/bin/make -f CMakeFiles/cmTC_c435f.dir/build.make CMakeFiles/cmTC_c435f.dir/build
make[1]: Entering directory '/home/membo/upmem-lib-membo/upmem-2021.3.0-Linux-x86_64/src/backends/build/CMakeFiles/CMakeTmp'
Building C object CMakeFiles/cmTC_c435f.dir/src.c.o
/usr/bin/cc   -Wall -Werror -Wextra -std=gnu11  -DC_COMPILES_AVX512BW_1   -o CMakeFiles/cmTC_c435f.dir/src.c.o   -c /home/membo/upmem-lib-membo/upmem-2021.3.0-Linux-x86_64/src/backends/build/CMakeFiles/CMakeTmp/src.c
/home/membo/upmem-lib-membo/upmem-2021.3.0-Linux-x86_64/src/backends/build/CMakeFiles/CMakeTmp/src.c: In function ‘main’:
/home/membo/upmem-lib-membo/upmem-2021.3.0-Linux-x86_64/src/backends/build/CMakeFiles/CMakeTmp/src.c:5:13: error: AVX512F vector return without AVX512F enabled changes the ABI [-Werror=psabi]
     __m512i mask = _mm512_set_epi64(0, 0, 0, 0, 0, 0, 0, 0);
             ^~~~
In file included from /usr/lib/gcc/x86_64-linux-gnu/8/include/immintrin.h:55,
                 from /home/membo/upmem-lib-membo/upmem-2021.3.0-Linux-x86_64/src/backends/build/CMakeFiles/CMakeTmp/src.c:2:
/usr/lib/gcc/x86_64-linux-gnu/8/include/avx512bwintrin.h:1852:1: error: inlining failed in call to always_inline ‘_mm512_shuffle_epi8’: target specific option mismatch
 _mm512_shuffle_epi8 (__m512i __A, __m512i __B)
 ^~~~~~~~~~~~~~~~~~~
/home/membo/upmem-lib-membo/upmem-2021.3.0-Linux-x86_64/src/backends/build/CMakeFiles/CMakeTmp/src.c:7:12: note: called from here
     load = _mm512_shuffle_epi8(load, mask);
            ^~~~~~~~~~~~~~~~~~~~~~~~~~~~~~~
In file included from /usr/lib/gcc/x86_64-linux-gnu/8/include/immintrin.h:45,
                 from /home/membo/upmem-lib-membo/upmem-2021.3.0-Linux-x86_64/src/backends/build/CMakeFiles/CMakeTmp/src.c:2:
/usr/lib/gcc/x86_64-linux-gnu/8/include/avx512fintrin.h:79:1: error: inlining failed in call to always_inline ‘_mm512_set_epi64’: target specific option mismatch
 _mm512_set_epi64 (long long __A, long long __B, long long __C,
 ^~~~~~~~~~~~~~~~
/home/membo/upmem-lib-membo/upmem-2021.3.0-Linux-x86_64/src/backends/build/CMakeFiles/CMakeTmp/src.c:5:20: note: called from here
     __m512i mask = _mm512_set_epi64(0, 0, 0, 0, 0, 0, 0, 0);
                    ^~~~~~~~~~~~~~~~~~~~~~~~~~~~~~~~~~~~~~~~
cc1: all warnings being treated as errors
make[1]: *** [CMakeFiles/cmTC_c435f.dir/build.make:66: CMakeFiles/cmTC_c435f.dir/src.c.o] Error 1
make[1]: Leaving directory '/home/membo/upmem-lib-membo/upmem-2021.3.0-Linux-x86_64/src/backends/build/CMakeFiles/CMakeTmp'
make: *** [Makefile:121: cmTC_c435f/fast] Error 2


Source file was:

  #include <immintrin.h>
  int main()
  {
    __m512i mask = _mm512_set_epi64(0, 0, 0, 0, 0, 0, 0, 0);
    __m512i load = {0};
    load = _mm512_shuffle_epi8(load, mask);
    return 0;
  }

Performing C SOURCE FILE Test C_HAS_CLFLUSHOPT_1 failed with the following compile output:
Change Dir: /home/membo/upmem-lib-membo/upmem-2021.3.0-Linux-x86_64/src/backends/build/CMakeFiles/CMakeTmp

Run Build Command(s):/usr/bin/make cmTC_3e3c0/fast && /usr/bin/make -f CMakeFiles/cmTC_3e3c0.dir/build.make CMakeFiles/cmTC_3e3c0.dir/build
make[1]: Entering directory '/home/membo/upmem-lib-membo/upmem-2021.3.0-Linux-x86_64/src/backends/build/CMakeFiles/CMakeTmp'
Building C object CMakeFiles/cmTC_3e3c0.dir/src.c.o
/usr/bin/cc   -Wall -Werror -Wextra -std=gnu11  -DC_HAS_CLFLUSHOPT_1   -o CMakeFiles/cmTC_3e3c0.dir/src.c.o   -c /home/membo/upmem-lib-membo/upmem-2021.3.0-Linux-x86_64/src/backends/build/CMakeFiles/CMakeTmp/src.c
/home/membo/upmem-lib-membo/upmem-2021.3.0-Linux-x86_64/src/backends/build/CMakeFiles/CMakeTmp/src.c: In function ‘main’:
/home/membo/upmem-lib-membo/upmem-2021.3.0-Linux-x86_64/src/backends/build/CMakeFiles/CMakeTmp/src.c:6:5: error: implicit declaration of function ‘__builtin_ia32_clflushopt’; did you mean ‘__builtin_ia32_clflush’? [-Werror=implicit-function-declaration]
     __builtin_ia32_clflushopt(&flush);
     ^~~~~~~~~~~~~~~~~~~~~~~~~
     __builtin_ia32_clflush
cc1: all warnings being treated as errors
make[1]: *** [CMakeFiles/cmTC_3e3c0.dir/build.make:66: CMakeFiles/cmTC_3e3c0.dir/src.c.o] Error 1
make[1]: Leaving directory '/home/membo/upmem-lib-membo/upmem-2021.3.0-Linux-x86_64/src/backends/build/CMakeFiles/CMakeTmp'
make: *** [Makefile:121: cmTC_3e3c0/fast] Error 2


...and run output:

Return value: 1
Source file was:

  #include <immintrin.h>
  int main()
  {
    int flush;
    __builtin_ia32_clflushopt(&flush);
    return 0;
  }

Performing C SOURCE FILE Test C_COMPILES_CLFLUSHOPT_1 failed with the following output:
Change Dir: /home/membo/upmem-lib-membo/upmem-2021.3.0-Linux-x86_64/src/backends/build/CMakeFiles/CMakeTmp

Run Build Command(s):/usr/bin/make cmTC_828fd/fast && /usr/bin/make -f CMakeFiles/cmTC_828fd.dir/build.make CMakeFiles/cmTC_828fd.dir/build
make[1]: Entering directory '/home/membo/upmem-lib-membo/upmem-2021.3.0-Linux-x86_64/src/backends/build/CMakeFiles/CMakeTmp'
Building C object CMakeFiles/cmTC_828fd.dir/src.c.o
/usr/bin/cc   -Wall -Werror -Wextra -std=gnu11  -DC_COMPILES_CLFLUSHOPT_1   -o CMakeFiles/cmTC_828fd.dir/src.c.o   -c /home/membo/upmem-lib-membo/upmem-2021.3.0-Linux-x86_64/src/backends/build/CMakeFiles/CMakeTmp/src.c
/home/membo/upmem-lib-membo/upmem-2021.3.0-Linux-x86_64/src/backends/build/CMakeFiles/CMakeTmp/src.c: In function ‘main’:
/home/membo/upmem-lib-membo/upmem-2021.3.0-Linux-x86_64/src/backends/build/CMakeFiles/CMakeTmp/src.c:6:5: error: implicit declaration of function ‘__builtin_ia32_clflushopt’; did you mean ‘__builtin_ia32_clflush’? [-Werror=implicit-function-declaration]
     __builtin_ia32_clflushopt(&flush);
     ^~~~~~~~~~~~~~~~~~~~~~~~~
     __builtin_ia32_clflush
cc1: all warnings being treated as errors
make[1]: *** [CMakeFiles/cmTC_828fd.dir/build.make:66: CMakeFiles/cmTC_828fd.dir/src.c.o] Error 1
make[1]: Leaving directory '/home/membo/upmem-lib-membo/upmem-2021.3.0-Linux-x86_64/src/backends/build/CMakeFiles/CMakeTmp'
make: *** [Makefile:121: cmTC_828fd/fast] Error 2


Source file was:

  #include <immintrin.h>
  int main()
  {
    int flush;
    __builtin_ia32_clflushopt(&flush);
    return 0;
  }

Performing C SOURCE FILE Test CXX_HAS_SSE1_1 failed with the following compile output:
Change Dir: /home/membo/upmem-lib-membo/upmem-2021.3.0-Linux-x86_64/src/backends/build/CMakeFiles/CMakeTmp

Run Build Command(s):/usr/bin/make cmTC_c157a/fast && /usr/bin/make -f CMakeFiles/cmTC_c157a.dir/build.make CMakeFiles/cmTC_c157a.dir/build
make[1]: Entering directory '/home/membo/upmem-lib-membo/upmem-2021.3.0-Linux-x86_64/src/backends/build/CMakeFiles/CMakeTmp'
Building C object CMakeFiles/cmTC_c157a.dir/src.c.o
/usr/bin/cc   -Wall -Werror -Wextra -std=gnu11  -DCXX_HAS_SSE1_1   -o CMakeFiles/cmTC_c157a.dir/src.c.o   -c /home/membo/upmem-lib-membo/upmem-2021.3.0-Linux-x86_64/src/backends/build/CMakeFiles/CMakeTmp/src.c
/home/membo/upmem-lib-membo/upmem-2021.3.0-Linux-x86_64/src/backends/build/CMakeFiles/CMakeTmp/src.c: In function ‘main’:
/home/membo/upmem-lib-membo/upmem-2021.3.0-Linux-x86_64/src/backends/build/CMakeFiles/CMakeTmp/src.c:5:12: error: variable ‘a’ set but not used [-Werror=unused-but-set-variable]
     __m128 a;
            ^
cc1: all warnings being treated as errors
make[1]: *** [CMakeFiles/cmTC_c157a.dir/build.make:66: CMakeFiles/cmTC_c157a.dir/src.c.o] Error 1
make[1]: Leaving directory '/home/membo/upmem-lib-membo/upmem-2021.3.0-Linux-x86_64/src/backends/build/CMakeFiles/CMakeTmp'
make: *** [Makefile:121: cmTC_c157a/fast] Error 2


...and run output:

Return value: 1
Source file was:

  #include <xmmintrin.h>
  int main()
  {
    __m128 a;
    float vals[4] = {0,0,0,0};
    a = _mm_loadu_ps(vals);
    return 0;
  }
Performing C SOURCE FILE Test CXX_COMPILES_SSE1_1 failed with the following output:
Change Dir: /home/membo/upmem-lib-membo/upmem-2021.3.0-Linux-x86_64/src/backends/build/CMakeFiles/CMakeTmp

Run Build Command(s):/usr/bin/make cmTC_2eaa7/fast && /usr/bin/make -f CMakeFiles/cmTC_2eaa7.dir/build.make CMakeFiles/cmTC_2eaa7.dir/build
make[1]: Entering directory '/home/membo/upmem-lib-membo/upmem-2021.3.0-Linux-x86_64/src/backends/build/CMakeFiles/CMakeTmp'
Building C object CMakeFiles/cmTC_2eaa7.dir/src.c.o
/usr/bin/cc   -Wall -Werror -Wextra -std=gnu11  -DCXX_COMPILES_SSE1_1   -o CMakeFiles/cmTC_2eaa7.dir/src.c.o   -c /home/membo/upmem-lib-membo/upmem-2021.3.0-Linux-x86_64/src/backends/build/CMakeFiles/CMakeTmp/src.c
/home/membo/upmem-lib-membo/upmem-2021.3.0-Linux-x86_64/src/backends/build/CMakeFiles/CMakeTmp/src.c: In function ‘main’:
/home/membo/upmem-lib-membo/upmem-2021.3.0-Linux-x86_64/src/backends/build/CMakeFiles/CMakeTmp/src.c:5:12: error: variable ‘a’ set but not used [-Werror=unused-but-set-variable]
     __m128 a;
            ^
cc1: all warnings being treated as errors
make[1]: *** [CMakeFiles/cmTC_2eaa7.dir/build.make:66: CMakeFiles/cmTC_2eaa7.dir/src.c.o] Error 1
make[1]: Leaving directory '/home/membo/upmem-lib-membo/upmem-2021.3.0-Linux-x86_64/src/backends/build/CMakeFiles/CMakeTmp'
make: *** [Makefile:121: cmTC_2eaa7/fast] Error 2


Source file was:

  #include <xmmintrin.h>
  int main()
  {
    __m128 a;
    float vals[4] = {0,0,0,0};
    a = _mm_loadu_ps(vals);
    return 0;
  }
Performing C SOURCE FILE Test CXX_HAS_SSE1_2 failed with the following compile output:
Change Dir: /home/membo/upmem-lib-membo/upmem-2021.3.0-Linux-x86_64/src/backends/build/CMakeFiles/CMakeTmp

Run Build Command(s):/usr/bin/make cmTC_6a462/fast && /usr/bin/make -f CMakeFiles/cmTC_6a462.dir/build.make CMakeFiles/cmTC_6a462.dir/build
make[1]: Entering directory '/home/membo/upmem-lib-membo/upmem-2021.3.0-Linux-x86_64/src/backends/build/CMakeFiles/CMakeTmp'
Building C object CMakeFiles/cmTC_6a462.dir/src.c.o
/usr/bin/cc   -Wall -Werror -Wextra -std=gnu11  -DCXX_HAS_SSE1_2 -msse   -o CMakeFiles/cmTC_6a462.dir/src.c.o   -c /home/membo/upmem-lib-membo/upmem-2021.3.0-Linux-x86_64/src/backends/build/CMakeFiles/CMakeTmp/src.c
/home/membo/upmem-lib-membo/upmem-2021.3.0-Linux-x86_64/src/backends/build/CMakeFiles/CMakeTmp/src.c: In function ‘main’:
/home/membo/upmem-lib-membo/upmem-2021.3.0-Linux-x86_64/src/backends/build/CMakeFiles/CMakeTmp/src.c:5:12: error: variable ‘a’ set but not used [-Werror=unused-but-set-variable]
     __m128 a;
            ^
cc1: all warnings being treated as errors
make[1]: *** [CMakeFiles/cmTC_6a462.dir/build.make:66: CMakeFiles/cmTC_6a462.dir/src.c.o] Error 1
make[1]: Leaving directory '/home/membo/upmem-lib-membo/upmem-2021.3.0-Linux-x86_64/src/backends/build/CMakeFiles/CMakeTmp'
make: *** [Makefile:121: cmTC_6a462/fast] Error 2


...and run output:

Return value: 1
Source file was:

  #include <xmmintrin.h>
  int main()
  {
    __m128 a;
    float vals[4] = {0,0,0,0};
    a = _mm_loadu_ps(vals);
    return 0;
  }
Performing C SOURCE FILE Test CXX_COMPILES_SSE1_2 failed with the following output:
Change Dir: /home/membo/upmem-lib-membo/upmem-2021.3.0-Linux-x86_64/src/backends/build/CMakeFiles/CMakeTmp

Run Build Command(s):/usr/bin/make cmTC_d3bf8/fast && /usr/bin/make -f CMakeFiles/cmTC_d3bf8.dir/build.make CMakeFiles/cmTC_d3bf8.dir/build
make[1]: Entering directory '/home/membo/upmem-lib-membo/upmem-2021.3.0-Linux-x86_64/src/backends/build/CMakeFiles/CMakeTmp'
Building C object CMakeFiles/cmTC_d3bf8.dir/src.c.o
/usr/bin/cc   -Wall -Werror -Wextra -std=gnu11  -DCXX_COMPILES_SSE1_2 -msse   -o CMakeFiles/cmTC_d3bf8.dir/src.c.o   -c /home/membo/upmem-lib-membo/upmem-2021.3.0-Linux-x86_64/src/backends/build/CMakeFiles/CMakeTmp/src.c
/home/membo/upmem-lib-membo/upmem-2021.3.0-Linux-x86_64/src/backends/build/CMakeFiles/CMakeTmp/src.c: In function ‘main’:
/home/membo/upmem-lib-membo/upmem-2021.3.0-Linux-x86_64/src/backends/build/CMakeFiles/CMakeTmp/src.c:5:12: error: variable ‘a’ set but not used [-Werror=unused-but-set-variable]
     __m128 a;
            ^
cc1: all warnings being treated as errors
make[1]: *** [CMakeFiles/cmTC_d3bf8.dir/build.make:66: CMakeFiles/cmTC_d3bf8.dir/src.c.o] Error 1
make[1]: Leaving directory '/home/membo/upmem-lib-membo/upmem-2021.3.0-Linux-x86_64/src/backends/build/CMakeFiles/CMakeTmp'
make: *** [Makefile:121: cmTC_d3bf8/fast] Error 2


Source file was:

  #include <xmmintrin.h>
  int main()
  {
    __m128 a;
    float vals[4] = {0,0,0,0};
    a = _mm_loadu_ps(vals);
    return 0;
  }
Performing C SOURCE FILE Test CXX_HAS_SSE1_3 failed with the following compile output:
Change Dir: /home/membo/upmem-lib-membo/upmem-2021.3.0-Linux-x86_64/src/backends/build/CMakeFiles/CMakeTmp

Run Build Command(s):/usr/bin/make cmTC_35a35/fast && /usr/bin/make -f CMakeFiles/cmTC_35a35.dir/build.make CMakeFiles/cmTC_35a35.dir/build
make[1]: Entering directory '/home/membo/upmem-lib-membo/upmem-2021.3.0-Linux-x86_64/src/backends/build/CMakeFiles/CMakeTmp'
Building C object CMakeFiles/cmTC_35a35.dir/src.c.o
/usr/bin/cc   -Wall -Werror -Wextra -std=gnu11  -DCXX_HAS_SSE1_3 /arch:SSE   -o CMakeFiles/cmTC_35a35.dir/src.c.o   -c /home/membo/upmem-lib-membo/upmem-2021.3.0-Linux-x86_64/src/backends/build/CMakeFiles/CMakeTmp/src.c
cc: error: /arch:SSE: No such file or directory
make[1]: *** [CMakeFiles/cmTC_35a35.dir/build.make:66: CMakeFiles/cmTC_35a35.dir/src.c.o] Error 1
make[1]: Leaving directory '/home/membo/upmem-lib-membo/upmem-2021.3.0-Linux-x86_64/src/backends/build/CMakeFiles/CMakeTmp'
make: *** [Makefile:121: cmTC_35a35/fast] Error 2


...and run output:

Return value: 1
Source file was:

  #include <xmmintrin.h>
  int main()
  {
    __m128 a;
    float vals[4] = {0,0,0,0};
    a = _mm_loadu_ps(vals);
    return 0;
  }
Performing C SOURCE FILE Test CXX_COMPILES_SSE1_3 failed with the following output:
Change Dir: /home/membo/upmem-lib-membo/upmem-2021.3.0-Linux-x86_64/src/backends/build/CMakeFiles/CMakeTmp

Run Build Command(s):/usr/bin/make cmTC_0ed6a/fast && /usr/bin/make -f CMakeFiles/cmTC_0ed6a.dir/build.make CMakeFiles/cmTC_0ed6a.dir/build
make[1]: Entering directory '/home/membo/upmem-lib-membo/upmem-2021.3.0-Linux-x86_64/src/backends/build/CMakeFiles/CMakeTmp'
Building C object CMakeFiles/cmTC_0ed6a.dir/src.c.o
/usr/bin/cc   -Wall -Werror -Wextra -std=gnu11  -DCXX_COMPILES_SSE1_3 /arch:SSE   -o CMakeFiles/cmTC_0ed6a.dir/src.c.o   -c /home/membo/upmem-lib-membo/upmem-2021.3.0-Linux-x86_64/src/backends/build/CMakeFiles/CMakeTmp/src.c
cc: error: /arch:SSE: No such file or directory
make[1]: *** [CMakeFiles/cmTC_0ed6a.dir/build.make:66: CMakeFiles/cmTC_0ed6a.dir/src.c.o] Error 1
make[1]: Leaving directory '/home/membo/upmem-lib-membo/upmem-2021.3.0-Linux-x86_64/src/backends/build/CMakeFiles/CMakeTmp'
make: *** [Makefile:121: cmTC_0ed6a/fast] Error 2


Source file was:

  #include <xmmintrin.h>
  int main()
  {
    __m128 a;
    float vals[4] = {0,0,0,0};
    a = _mm_loadu_ps(vals);
    return 0;
  }
Performing C SOURCE FILE Test CXX_HAS_SSE2_1 failed with the following compile output:
Change Dir: /home/membo/upmem-lib-membo/upmem-2021.3.0-Linux-x86_64/src/backends/build/CMakeFiles/CMakeTmp

Run Build Command(s):/usr/bin/make cmTC_0f787/fast && /usr/bin/make -f CMakeFiles/cmTC_0f787.dir/build.make CMakeFiles/cmTC_0f787.dir/build
make[1]: Entering directory '/home/membo/upmem-lib-membo/upmem-2021.3.0-Linux-x86_64/src/backends/build/CMakeFiles/CMakeTmp'
Building C object CMakeFiles/cmTC_0f787.dir/src.c.o
/usr/bin/cc   -Wall -Werror -Wextra -std=gnu11  -DCXX_HAS_SSE2_1   -o CMakeFiles/cmTC_0f787.dir/src.c.o   -c /home/membo/upmem-lib-membo/upmem-2021.3.0-Linux-x86_64/src/backends/build/CMakeFiles/CMakeTmp/src.c
/home/membo/upmem-lib-membo/upmem-2021.3.0-Linux-x86_64/src/backends/build/CMakeFiles/CMakeTmp/src.c: In function ‘main’:
/home/membo/upmem-lib-membo/upmem-2021.3.0-Linux-x86_64/src/backends/build/CMakeFiles/CMakeTmp/src.c:5:13: error: variable ‘a’ set but not used [-Werror=unused-but-set-variable]
     __m128d a;
             ^
cc1: all warnings being treated as errors
make[1]: *** [CMakeFiles/cmTC_0f787.dir/build.make:66: CMakeFiles/cmTC_0f787.dir/src.c.o] Error 1
make[1]: Leaving directory '/home/membo/upmem-lib-membo/upmem-2021.3.0-Linux-x86_64/src/backends/build/CMakeFiles/CMakeTmp'
make: *** [Makefile:121: cmTC_0f787/fast] Error 2


...and run output:

Return value: 1
Source file was:

  #include <emmintrin.h>
  int main()
  {
    __m128d a;
    double vals[2] = {0,0};
    a = _mm_loadu_pd(vals);
    return 0;
  }
Performing C SOURCE FILE Test CXX_COMPILES_SSE2_1 failed with the following output:
Change Dir: /home/membo/upmem-lib-membo/upmem-2021.3.0-Linux-x86_64/src/backends/build/CMakeFiles/CMakeTmp

Run Build Command(s):/usr/bin/make cmTC_d3268/fast && /usr/bin/make -f CMakeFiles/cmTC_d3268.dir/build.make CMakeFiles/cmTC_d3268.dir/build
make[1]: Entering directory '/home/membo/upmem-lib-membo/upmem-2021.3.0-Linux-x86_64/src/backends/build/CMakeFiles/CMakeTmp'
Building C object CMakeFiles/cmTC_d3268.dir/src.c.o
/usr/bin/cc   -Wall -Werror -Wextra -std=gnu11  -DCXX_COMPILES_SSE2_1   -o CMakeFiles/cmTC_d3268.dir/src.c.o   -c /home/membo/upmem-lib-membo/upmem-2021.3.0-Linux-x86_64/src/backends/build/CMakeFiles/CMakeTmp/src.c
/home/membo/upmem-lib-membo/upmem-2021.3.0-Linux-x86_64/src/backends/build/CMakeFiles/CMakeTmp/src.c: In function ‘main’:
/home/membo/upmem-lib-membo/upmem-2021.3.0-Linux-x86_64/src/backends/build/CMakeFiles/CMakeTmp/src.c:5:13: error: variable ‘a’ set but not used [-Werror=unused-but-set-variable]
     __m128d a;
             ^
cc1: all warnings being treated as errors
make[1]: *** [CMakeFiles/cmTC_d3268.dir/build.make:66: CMakeFiles/cmTC_d3268.dir/src.c.o] Error 1
make[1]: Leaving directory '/home/membo/upmem-lib-membo/upmem-2021.3.0-Linux-x86_64/src/backends/build/CMakeFiles/CMakeTmp'
make: *** [Makefile:121: cmTC_d3268/fast] Error 2


Source file was:

  #include <emmintrin.h>
  int main()
  {
    __m128d a;
    double vals[2] = {0,0};
    a = _mm_loadu_pd(vals);
    return 0;
  }
Performing C SOURCE FILE Test CXX_HAS_SSE2_2 failed with the following compile output:
Change Dir: /home/membo/upmem-lib-membo/upmem-2021.3.0-Linux-x86_64/src/backends/build/CMakeFiles/CMakeTmp

Run Build Command(s):/usr/bin/make cmTC_dea84/fast && /usr/bin/make -f CMakeFiles/cmTC_dea84.dir/build.make CMakeFiles/cmTC_dea84.dir/build
make[1]: Entering directory '/home/membo/upmem-lib-membo/upmem-2021.3.0-Linux-x86_64/src/backends/build/CMakeFiles/CMakeTmp'
Building C object CMakeFiles/cmTC_dea84.dir/src.c.o
/usr/bin/cc   -Wall -Werror -Wextra -std=gnu11  -DCXX_HAS_SSE2_2 -msse2   -o CMakeFiles/cmTC_dea84.dir/src.c.o   -c /home/membo/upmem-lib-membo/upmem-2021.3.0-Linux-x86_64/src/backends/build/CMakeFiles/CMakeTmp/src.c
/home/membo/upmem-lib-membo/upmem-2021.3.0-Linux-x86_64/src/backends/build/CMakeFiles/CMakeTmp/src.c: In function ‘main’:
/home/membo/upmem-lib-membo/upmem-2021.3.0-Linux-x86_64/src/backends/build/CMakeFiles/CMakeTmp/src.c:5:13: error: variable ‘a’ set but not used [-Werror=unused-but-set-variable]
     __m128d a;
             ^
cc1: all warnings being treated as errors
make[1]: *** [CMakeFiles/cmTC_dea84.dir/build.make:66: CMakeFiles/cmTC_dea84.dir/src.c.o] Error 1
make[1]: Leaving directory '/home/membo/upmem-lib-membo/upmem-2021.3.0-Linux-x86_64/src/backends/build/CMakeFiles/CMakeTmp'
make: *** [Makefile:121: cmTC_dea84/fast] Error 2


...and run output:

Return value: 1
Source file was:

  #include <emmintrin.h>
  int main()
  {
    __m128d a;
    double vals[2] = {0,0};
    a = _mm_loadu_pd(vals);
    return 0;
  }
Performing C SOURCE FILE Test CXX_COMPILES_SSE2_2 failed with the following output:
Change Dir: /home/membo/upmem-lib-membo/upmem-2021.3.0-Linux-x86_64/src/backends/build/CMakeFiles/CMakeTmp

Run Build Command(s):/usr/bin/make cmTC_33b31/fast && /usr/bin/make -f CMakeFiles/cmTC_33b31.dir/build.make CMakeFiles/cmTC_33b31.dir/build
make[1]: Entering directory '/home/membo/upmem-lib-membo/upmem-2021.3.0-Linux-x86_64/src/backends/build/CMakeFiles/CMakeTmp'
Building C object CMakeFiles/cmTC_33b31.dir/src.c.o
/usr/bin/cc   -Wall -Werror -Wextra -std=gnu11  -DCXX_COMPILES_SSE2_2 -msse2   -o CMakeFiles/cmTC_33b31.dir/src.c.o   -c /home/membo/upmem-lib-membo/upmem-2021.3.0-Linux-x86_64/src/backends/build/CMakeFiles/CMakeTmp/src.c
/home/membo/upmem-lib-membo/upmem-2021.3.0-Linux-x86_64/src/backends/build/CMakeFiles/CMakeTmp/src.c: In function ‘main’:
/home/membo/upmem-lib-membo/upmem-2021.3.0-Linux-x86_64/src/backends/build/CMakeFiles/CMakeTmp/src.c:5:13: error: variable ‘a’ set but not used [-Werror=unused-but-set-variable]
     __m128d a;
             ^
cc1: all warnings being treated as errors
make[1]: *** [CMakeFiles/cmTC_33b31.dir/build.make:66: CMakeFiles/cmTC_33b31.dir/src.c.o] Error 1
make[1]: Leaving directory '/home/membo/upmem-lib-membo/upmem-2021.3.0-Linux-x86_64/src/backends/build/CMakeFiles/CMakeTmp'
make: *** [Makefile:121: cmTC_33b31/fast] Error 2


Source file was:

  #include <emmintrin.h>
  int main()
  {
    __m128d a;
    double vals[2] = {0,0};
    a = _mm_loadu_pd(vals);
    return 0;
  }
Performing C SOURCE FILE Test CXX_HAS_SSE2_3 failed with the following compile output:
Change Dir: /home/membo/upmem-lib-membo/upmem-2021.3.0-Linux-x86_64/src/backends/build/CMakeFiles/CMakeTmp

Run Build Command(s):/usr/bin/make cmTC_2a397/fast && /usr/bin/make -f CMakeFiles/cmTC_2a397.dir/build.make CMakeFiles/cmTC_2a397.dir/build
make[1]: Entering directory '/home/membo/upmem-lib-membo/upmem-2021.3.0-Linux-x86_64/src/backends/build/CMakeFiles/CMakeTmp'
Building C object CMakeFiles/cmTC_2a397.dir/src.c.o
/usr/bin/cc   -Wall -Werror -Wextra -std=gnu11  -DCXX_HAS_SSE2_3 /arch:SSE2   -o CMakeFiles/cmTC_2a397.dir/src.c.o   -c /home/membo/upmem-lib-membo/upmem-2021.3.0-Linux-x86_64/src/backends/build/CMakeFiles/CMakeTmp/src.c
cc: error: /arch:SSE2: No such file or directory
make[1]: *** [CMakeFiles/cmTC_2a397.dir/build.make:66: CMakeFiles/cmTC_2a397.dir/src.c.o] Error 1
make[1]: Leaving directory '/home/membo/upmem-lib-membo/upmem-2021.3.0-Linux-x86_64/src/backends/build/CMakeFiles/CMakeTmp'
make: *** [Makefile:121: cmTC_2a397/fast] Error 2


...and run output:

Return value: 1
Source file was:

  #include <emmintrin.h>
  int main()
  {
    __m128d a;
    double vals[2] = {0,0};
    a = _mm_loadu_pd(vals);
    return 0;
  }
Performing C SOURCE FILE Test CXX_COMPILES_SSE2_3 failed with the following output:
Change Dir: /home/membo/upmem-lib-membo/upmem-2021.3.0-Linux-x86_64/src/backends/build/CMakeFiles/CMakeTmp

Run Build Command(s):/usr/bin/make cmTC_745b7/fast && /usr/bin/make -f CMakeFiles/cmTC_745b7.dir/build.make CMakeFiles/cmTC_745b7.dir/build
make[1]: Entering directory '/home/membo/upmem-lib-membo/upmem-2021.3.0-Linux-x86_64/src/backends/build/CMakeFiles/CMakeTmp'
Building C object CMakeFiles/cmTC_745b7.dir/src.c.o
/usr/bin/cc   -Wall -Werror -Wextra -std=gnu11  -DCXX_COMPILES_SSE2_3 /arch:SSE2   -o CMakeFiles/cmTC_745b7.dir/src.c.o   -c /home/membo/upmem-lib-membo/upmem-2021.3.0-Linux-x86_64/src/backends/build/CMakeFiles/CMakeTmp/src.c
cc: error: /arch:SSE2: No such file or directory
make[1]: *** [CMakeFiles/cmTC_745b7.dir/build.make:66: CMakeFiles/cmTC_745b7.dir/src.c.o] Error 1
make[1]: Leaving directory '/home/membo/upmem-lib-membo/upmem-2021.3.0-Linux-x86_64/src/backends/build/CMakeFiles/CMakeTmp'
make: *** [Makefile:121: cmTC_745b7/fast] Error 2


Source file was:

  #include <emmintrin.h>
  int main()
  {
    __m128d a;
    double vals[2] = {0,0};
    a = _mm_loadu_pd(vals);
    return 0;
  }
Performing C SOURCE FILE Test CXX_HAS_SSE3_1 failed with the following compile output:
Change Dir: /home/membo/upmem-lib-membo/upmem-2021.3.0-Linux-x86_64/src/backends/build/CMakeFiles/CMakeTmp

Run Build Command(s):/usr/bin/make cmTC_5ecf7/fast && /usr/bin/make -f CMakeFiles/cmTC_5ecf7.dir/build.make CMakeFiles/cmTC_5ecf7.dir/build
make[1]: Entering directory '/home/membo/upmem-lib-membo/upmem-2021.3.0-Linux-x86_64/src/backends/build/CMakeFiles/CMakeTmp'
Building C object CMakeFiles/cmTC_5ecf7.dir/src.c.o
/usr/bin/cc   -Wall -Werror -Wextra -std=gnu11  -DCXX_HAS_SSE3_1   -o CMakeFiles/cmTC_5ecf7.dir/src.c.o   -c /home/membo/upmem-lib-membo/upmem-2021.3.0-Linux-x86_64/src/backends/build/CMakeFiles/CMakeTmp/src.c
/home/membo/upmem-lib-membo/upmem-2021.3.0-Linux-x86_64/src/backends/build/CMakeFiles/CMakeTmp/src.c: In function ‘main’:
/home/membo/upmem-lib-membo/upmem-2021.3.0-Linux-x86_64/src/backends/build/CMakeFiles/CMakeTmp/src.c:6:13: error: variable ‘a’ set but not used [-Werror=unused-but-set-variable]
     __m128i a;
             ^
In file included from /home/membo/upmem-lib-membo/upmem-2021.3.0-Linux-x86_64/src/backends/build/CMakeFiles/CMakeTmp/src.c:2:
/usr/lib/gcc/x86_64-linux-gnu/8/include/pmmintrin.h:110:1: error: inlining failed in call to always_inline ‘_mm_lddqu_si128’: target specific option mismatch
 _mm_lddqu_si128 (__m128i const *__P)
 ^~~~~~~~~~~~~~~
/home/membo/upmem-lib-membo/upmem-2021.3.0-Linux-x86_64/src/backends/build/CMakeFiles/CMakeTmp/src.c:7:9: note: called from here
     a = _mm_lddqu_si128( (const __m128i*)vals );
         ^~~~~~~~~~~~~~~~~~~~~~~~~~~~~~~~~~~~~~~
cc1: all warnings being treated as errors
make[1]: *** [CMakeFiles/cmTC_5ecf7.dir/build.make:66: CMakeFiles/cmTC_5ecf7.dir/src.c.o] Error 1
make[1]: Leaving directory '/home/membo/upmem-lib-membo/upmem-2021.3.0-Linux-x86_64/src/backends/build/CMakeFiles/CMakeTmp'
make: *** [Makefile:121: cmTC_5ecf7/fast] Error 2


...and run output:

Return value: 1
Source file was:

  #include <pmmintrin.h>
  int main( )
  {
    const int vals[4] = {0,0,0,0};
    __m128i a;
    a = _mm_lddqu_si128( (const __m128i*)vals );
    return 0;
  }
Performing C SOURCE FILE Test CXX_COMPILES_SSE3_1 failed with the following output:
Change Dir: /home/membo/upmem-lib-membo/upmem-2021.3.0-Linux-x86_64/src/backends/build/CMakeFiles/CMakeTmp

Run Build Command(s):/usr/bin/make cmTC_60e9f/fast && /usr/bin/make -f CMakeFiles/cmTC_60e9f.dir/build.make CMakeFiles/cmTC_60e9f.dir/build
make[1]: Entering directory '/home/membo/upmem-lib-membo/upmem-2021.3.0-Linux-x86_64/src/backends/build/CMakeFiles/CMakeTmp'
Building C object CMakeFiles/cmTC_60e9f.dir/src.c.o
/usr/bin/cc   -Wall -Werror -Wextra -std=gnu11  -DCXX_COMPILES_SSE3_1   -o CMakeFiles/cmTC_60e9f.dir/src.c.o   -c /home/membo/upmem-lib-membo/upmem-2021.3.0-Linux-x86_64/src/backends/build/CMakeFiles/CMakeTmp/src.c
/home/membo/upmem-lib-membo/upmem-2021.3.0-Linux-x86_64/src/backends/build/CMakeFiles/CMakeTmp/src.c: In function ‘main’:
/home/membo/upmem-lib-membo/upmem-2021.3.0-Linux-x86_64/src/backends/build/CMakeFiles/CMakeTmp/src.c:6:13: error: variable ‘a’ set but not used [-Werror=unused-but-set-variable]
     __m128i a;
             ^
In file included from /home/membo/upmem-lib-membo/upmem-2021.3.0-Linux-x86_64/src/backends/build/CMakeFiles/CMakeTmp/src.c:2:
/usr/lib/gcc/x86_64-linux-gnu/8/include/pmmintrin.h:110:1: error: inlining failed in call to always_inline ‘_mm_lddqu_si128’: target specific option mismatch
 _mm_lddqu_si128 (__m128i const *__P)
 ^~~~~~~~~~~~~~~
/home/membo/upmem-lib-membo/upmem-2021.3.0-Linux-x86_64/src/backends/build/CMakeFiles/CMakeTmp/src.c:7:9: note: called from here
     a = _mm_lddqu_si128( (const __m128i*)vals );
         ^~~~~~~~~~~~~~~~~~~~~~~~~~~~~~~~~~~~~~~
cc1: all warnings being treated as errors
make[1]: *** [CMakeFiles/cmTC_60e9f.dir/build.make:66: CMakeFiles/cmTC_60e9f.dir/src.c.o] Error 1
make[1]: Leaving directory '/home/membo/upmem-lib-membo/upmem-2021.3.0-Linux-x86_64/src/backends/build/CMakeFiles/CMakeTmp'
make: *** [Makefile:121: cmTC_60e9f/fast] Error 2


Source file was:

  #include <pmmintrin.h>
  int main( )
  {
    const int vals[4] = {0,0,0,0};
    __m128i a;
    a = _mm_lddqu_si128( (const __m128i*)vals );
    return 0;
  }
Performing C SOURCE FILE Test CXX_HAS_SSE3_2 failed with the following compile output:
Change Dir: /home/membo/upmem-lib-membo/upmem-2021.3.0-Linux-x86_64/src/backends/build/CMakeFiles/CMakeTmp

Run Build Command(s):/usr/bin/make cmTC_4eff2/fast && /usr/bin/make -f CMakeFiles/cmTC_4eff2.dir/build.make CMakeFiles/cmTC_4eff2.dir/build
make[1]: Entering directory '/home/membo/upmem-lib-membo/upmem-2021.3.0-Linux-x86_64/src/backends/build/CMakeFiles/CMakeTmp'
Building C object CMakeFiles/cmTC_4eff2.dir/src.c.o
/usr/bin/cc   -Wall -Werror -Wextra -std=gnu11  -DCXX_HAS_SSE3_2 -msse3   -o CMakeFiles/cmTC_4eff2.dir/src.c.o   -c /home/membo/upmem-lib-membo/upmem-2021.3.0-Linux-x86_64/src/backends/build/CMakeFiles/CMakeTmp/src.c
/home/membo/upmem-lib-membo/upmem-2021.3.0-Linux-x86_64/src/backends/build/CMakeFiles/CMakeTmp/src.c: In function ‘main’:
/home/membo/upmem-lib-membo/upmem-2021.3.0-Linux-x86_64/src/backends/build/CMakeFiles/CMakeTmp/src.c:6:13: error: variable ‘a’ set but not used [-Werror=unused-but-set-variable]
     __m128i a;
             ^
cc1: all warnings being treated as errors
make[1]: *** [CMakeFiles/cmTC_4eff2.dir/build.make:66: CMakeFiles/cmTC_4eff2.dir/src.c.o] Error 1
make[1]: Leaving directory '/home/membo/upmem-lib-membo/upmem-2021.3.0-Linux-x86_64/src/backends/build/CMakeFiles/CMakeTmp'
make: *** [Makefile:121: cmTC_4eff2/fast] Error 2


...and run output:

Return value: 1
Source file was:

  #include <pmmintrin.h>
  int main( )
  {
    const int vals[4] = {0,0,0,0};
    __m128i a;
    a = _mm_lddqu_si128( (const __m128i*)vals );
    return 0;
  }
Performing C SOURCE FILE Test CXX_COMPILES_SSE3_2 failed with the following output:
Change Dir: /home/membo/upmem-lib-membo/upmem-2021.3.0-Linux-x86_64/src/backends/build/CMakeFiles/CMakeTmp

Run Build Command(s):/usr/bin/make cmTC_39620/fast && /usr/bin/make -f CMakeFiles/cmTC_39620.dir/build.make CMakeFiles/cmTC_39620.dir/build
make[1]: Entering directory '/home/membo/upmem-lib-membo/upmem-2021.3.0-Linux-x86_64/src/backends/build/CMakeFiles/CMakeTmp'
Building C object CMakeFiles/cmTC_39620.dir/src.c.o
/usr/bin/cc   -Wall -Werror -Wextra -std=gnu11  -DCXX_COMPILES_SSE3_2 -msse3   -o CMakeFiles/cmTC_39620.dir/src.c.o   -c /home/membo/upmem-lib-membo/upmem-2021.3.0-Linux-x86_64/src/backends/build/CMakeFiles/CMakeTmp/src.c
/home/membo/upmem-lib-membo/upmem-2021.3.0-Linux-x86_64/src/backends/build/CMakeFiles/CMakeTmp/src.c: In function ‘main’:
/home/membo/upmem-lib-membo/upmem-2021.3.0-Linux-x86_64/src/backends/build/CMakeFiles/CMakeTmp/src.c:6:13: error: variable ‘a’ set but not used [-Werror=unused-but-set-variable]
     __m128i a;
             ^
cc1: all warnings being treated as errors
make[1]: *** [CMakeFiles/cmTC_39620.dir/build.make:66: CMakeFiles/cmTC_39620.dir/src.c.o] Error 1
make[1]: Leaving directory '/home/membo/upmem-lib-membo/upmem-2021.3.0-Linux-x86_64/src/backends/build/CMakeFiles/CMakeTmp'
make: *** [Makefile:121: cmTC_39620/fast] Error 2


Source file was:

  #include <pmmintrin.h>
  int main( )
  {
    const int vals[4] = {0,0,0,0};
    __m128i a;
    a = _mm_lddqu_si128( (const __m128i*)vals );
    return 0;
  }
Performing C SOURCE FILE Test CXX_HAS_SSE3_3 failed with the following compile output:
Change Dir: /home/membo/upmem-lib-membo/upmem-2021.3.0-Linux-x86_64/src/backends/build/CMakeFiles/CMakeTmp

Run Build Command(s):/usr/bin/make cmTC_1e8c5/fast && /usr/bin/make -f CMakeFiles/cmTC_1e8c5.dir/build.make CMakeFiles/cmTC_1e8c5.dir/build
make[1]: Entering directory '/home/membo/upmem-lib-membo/upmem-2021.3.0-Linux-x86_64/src/backends/build/CMakeFiles/CMakeTmp'
Building C object CMakeFiles/cmTC_1e8c5.dir/src.c.o
/usr/bin/cc   -Wall -Werror -Wextra -std=gnu11  -DCXX_HAS_SSE3_3 /arch:SSE3   -o CMakeFiles/cmTC_1e8c5.dir/src.c.o   -c /home/membo/upmem-lib-membo/upmem-2021.3.0-Linux-x86_64/src/backends/build/CMakeFiles/CMakeTmp/src.c
cc: error: /arch:SSE3: No such file or directory
make[1]: *** [CMakeFiles/cmTC_1e8c5.dir/build.make:66: CMakeFiles/cmTC_1e8c5.dir/src.c.o] Error 1
make[1]: Leaving directory '/home/membo/upmem-lib-membo/upmem-2021.3.0-Linux-x86_64/src/backends/build/CMakeFiles/CMakeTmp'
make: *** [Makefile:121: cmTC_1e8c5/fast] Error 2


...and run output:

Return value: 1
Source file was:

  #include <pmmintrin.h>
  int main( )
  {
    const int vals[4] = {0,0,0,0};
    __m128i a;
    a = _mm_lddqu_si128( (const __m128i*)vals );
    return 0;
  }
Performing C SOURCE FILE Test CXX_COMPILES_SSE3_3 failed with the following output:
Change Dir: /home/membo/upmem-lib-membo/upmem-2021.3.0-Linux-x86_64/src/backends/build/CMakeFiles/CMakeTmp

Run Build Command(s):/usr/bin/make cmTC_ebad8/fast && /usr/bin/make -f CMakeFiles/cmTC_ebad8.dir/build.make CMakeFiles/cmTC_ebad8.dir/build
make[1]: Entering directory '/home/membo/upmem-lib-membo/upmem-2021.3.0-Linux-x86_64/src/backends/build/CMakeFiles/CMakeTmp'
Building C object CMakeFiles/cmTC_ebad8.dir/src.c.o
/usr/bin/cc   -Wall -Werror -Wextra -std=gnu11  -DCXX_COMPILES_SSE3_3 /arch:SSE3   -o CMakeFiles/cmTC_ebad8.dir/src.c.o   -c /home/membo/upmem-lib-membo/upmem-2021.3.0-Linux-x86_64/src/backends/build/CMakeFiles/CMakeTmp/src.c
cc: error: /arch:SSE3: No such file or directory
make[1]: *** [CMakeFiles/cmTC_ebad8.dir/build.make:66: CMakeFiles/cmTC_ebad8.dir/src.c.o] Error 1
make[1]: Leaving directory '/home/membo/upmem-lib-membo/upmem-2021.3.0-Linux-x86_64/src/backends/build/CMakeFiles/CMakeTmp'
make: *** [Makefile:121: cmTC_ebad8/fast] Error 2


Source file was:

  #include <pmmintrin.h>
  int main( )
  {
    const int vals[4] = {0,0,0,0};
    __m128i a;
    a = _mm_lddqu_si128( (const __m128i*)vals );
    return 0;
  }
Performing C SOURCE FILE Test CXX_HAS_SSE4_1_1 failed with the following compile output:
Change Dir: /home/membo/upmem-lib-membo/upmem-2021.3.0-Linux-x86_64/src/backends/build/CMakeFiles/CMakeTmp

Run Build Command(s):/usr/bin/make cmTC_db1b6/fast && /usr/bin/make -f CMakeFiles/cmTC_db1b6.dir/build.make CMakeFiles/cmTC_db1b6.dir/build
make[1]: Entering directory '/home/membo/upmem-lib-membo/upmem-2021.3.0-Linux-x86_64/src/backends/build/CMakeFiles/CMakeTmp'
Building C object CMakeFiles/cmTC_db1b6.dir/src.c.o
/usr/bin/cc   -Wall -Werror -Wextra -std=gnu11  -DCXX_HAS_SSE4_1_1   -o CMakeFiles/cmTC_db1b6.dir/src.c.o   -c /home/membo/upmem-lib-membo/upmem-2021.3.0-Linux-x86_64/src/backends/build/CMakeFiles/CMakeTmp/src.c
/home/membo/upmem-lib-membo/upmem-2021.3.0-Linux-x86_64/src/backends/build/CMakeFiles/CMakeTmp/src.c: In function ‘main’:
/home/membo/upmem-lib-membo/upmem-2021.3.0-Linux-x86_64/src/backends/build/CMakeFiles/CMakeTmp/src.c:5:22: error: excess elements in vector initializer [-Werror]
     __m128i a = {0,0,0,0}, b = {0,0,0,0};
                      ^
/home/membo/upmem-lib-membo/upmem-2021.3.0-Linux-x86_64/src/backends/build/CMakeFiles/CMakeTmp/src.c:5:22: note: (near initialization for ‘a’)
/home/membo/upmem-lib-membo/upmem-2021.3.0-Linux-x86_64/src/backends/build/CMakeFiles/CMakeTmp/src.c:5:24: error: excess elements in vector initializer [-Werror]
     __m128i a = {0,0,0,0}, b = {0,0,0,0};
                        ^
/home/membo/upmem-lib-membo/upmem-2021.3.0-Linux-x86_64/src/backends/build/CMakeFiles/CMakeTmp/src.c:5:24: note: (near initialization for ‘a’)
/home/membo/upmem-lib-membo/upmem-2021.3.0-Linux-x86_64/src/backends/build/CMakeFiles/CMakeTmp/src.c:5:37: error: excess elements in vector initializer [-Werror]
     __m128i a = {0,0,0,0}, b = {0,0,0,0};
                                     ^
/home/membo/upmem-lib-membo/upmem-2021.3.0-Linux-x86_64/src/backends/build/CMakeFiles/CMakeTmp/src.c:5:37: note: (near initialization for ‘b’)
/home/membo/upmem-lib-membo/upmem-2021.3.0-Linux-x86_64/src/backends/build/CMakeFiles/CMakeTmp/src.c:5:39: error: excess elements in vector initializer [-Werror]
     __m128i a = {0,0,0,0}, b = {0,0,0,0};
                                       ^
/home/membo/upmem-lib-membo/upmem-2021.3.0-Linux-x86_64/src/backends/build/CMakeFiles/CMakeTmp/src.c:5:39: note: (near initialization for ‘b’)
/home/membo/upmem-lib-membo/upmem-2021.3.0-Linux-x86_64/src/backends/build/CMakeFiles/CMakeTmp/src.c:6:13: error: unused variable ‘res’ [-Werror=unused-variable]
     __m128i res = _mm_max_epi8(a, b);
             ^~~
In file included from /home/membo/upmem-lib-membo/upmem-2021.3.0-Linux-x86_64/src/backends/build/CMakeFiles/CMakeTmp/src.c:2:
/usr/lib/gcc/x86_64-linux-gnu/8/include/smmintrin.h:282:1: error: inlining failed in call to always_inline ‘_mm_max_epi8’: target specific option mismatch
 _mm_max_epi8 (__m128i __X, __m128i __Y)
 ^~~~~~~~~~~~
/home/membo/upmem-lib-membo/upmem-2021.3.0-Linux-x86_64/src/backends/build/CMakeFiles/CMakeTmp/src.c:6:19: note: called from here
     __m128i res = _mm_max_epi8(a, b);
                   ^~~~~~~~~~~~~~~~~~
cc1: all warnings being treated as errors
make[1]: *** [CMakeFiles/cmTC_db1b6.dir/build.make:66: CMakeFiles/cmTC_db1b6.dir/src.c.o] Error 1
make[1]: Leaving directory '/home/membo/upmem-lib-membo/upmem-2021.3.0-Linux-x86_64/src/backends/build/CMakeFiles/CMakeTmp'
make: *** [Makefile:121: cmTC_db1b6/fast] Error 2


...and run output:

Return value: 1
Source file was:

  #include <smmintrin.h>
  int main ()
  {
    __m128i a = {0,0,0,0}, b = {0,0,0,0};
    __m128i res = _mm_max_epi8(a, b);
    return 0;
  }

Performing C SOURCE FILE Test CXX_COMPILES_SSE4_1_1 failed with the following output:
Change Dir: /home/membo/upmem-lib-membo/upmem-2021.3.0-Linux-x86_64/src/backends/build/CMakeFiles/CMakeTmp

Run Build Command(s):/usr/bin/make cmTC_8fc30/fast && /usr/bin/make -f CMakeFiles/cmTC_8fc30.dir/build.make CMakeFiles/cmTC_8fc30.dir/build
make[1]: Entering directory '/home/membo/upmem-lib-membo/upmem-2021.3.0-Linux-x86_64/src/backends/build/CMakeFiles/CMakeTmp'
Building C object CMakeFiles/cmTC_8fc30.dir/src.c.o
/usr/bin/cc   -Wall -Werror -Wextra -std=gnu11  -DCXX_COMPILES_SSE4_1_1   -o CMakeFiles/cmTC_8fc30.dir/src.c.o   -c /home/membo/upmem-lib-membo/upmem-2021.3.0-Linux-x86_64/src/backends/build/CMakeFiles/CMakeTmp/src.c
/home/membo/upmem-lib-membo/upmem-2021.3.0-Linux-x86_64/src/backends/build/CMakeFiles/CMakeTmp/src.c: In function ‘main’:
/home/membo/upmem-lib-membo/upmem-2021.3.0-Linux-x86_64/src/backends/build/CMakeFiles/CMakeTmp/src.c:5:22: error: excess elements in vector initializer [-Werror]
     __m128i a = {0,0,0,0}, b = {0,0,0,0};
                      ^
/home/membo/upmem-lib-membo/upmem-2021.3.0-Linux-x86_64/src/backends/build/CMakeFiles/CMakeTmp/src.c:5:22: note: (near initialization for ‘a’)
/home/membo/upmem-lib-membo/upmem-2021.3.0-Linux-x86_64/src/backends/build/CMakeFiles/CMakeTmp/src.c:5:24: error: excess elements in vector initializer [-Werror]
     __m128i a = {0,0,0,0}, b = {0,0,0,0};
                        ^
/home/membo/upmem-lib-membo/upmem-2021.3.0-Linux-x86_64/src/backends/build/CMakeFiles/CMakeTmp/src.c:5:24: note: (near initialization for ‘a’)
/home/membo/upmem-lib-membo/upmem-2021.3.0-Linux-x86_64/src/backends/build/CMakeFiles/CMakeTmp/src.c:5:37: error: excess elements in vector initializer [-Werror]
     __m128i a = {0,0,0,0}, b = {0,0,0,0};
                                     ^
/home/membo/upmem-lib-membo/upmem-2021.3.0-Linux-x86_64/src/backends/build/CMakeFiles/CMakeTmp/src.c:5:37: note: (near initialization for ‘b’)
/home/membo/upmem-lib-membo/upmem-2021.3.0-Linux-x86_64/src/backends/build/CMakeFiles/CMakeTmp/src.c:5:39: error: excess elements in vector initializer [-Werror]
     __m128i a = {0,0,0,0}, b = {0,0,0,0};
                                       ^
/home/membo/upmem-lib-membo/upmem-2021.3.0-Linux-x86_64/src/backends/build/CMakeFiles/CMakeTmp/src.c:5:39: note: (near initialization for ‘b’)
/home/membo/upmem-lib-membo/upmem-2021.3.0-Linux-x86_64/src/backends/build/CMakeFiles/CMakeTmp/src.c:6:13: error: unused variable ‘res’ [-Werror=unused-variable]
     __m128i res = _mm_max_epi8(a, b);
             ^~~
In file included from /home/membo/upmem-lib-membo/upmem-2021.3.0-Linux-x86_64/src/backends/build/CMakeFiles/CMakeTmp/src.c:2:
/usr/lib/gcc/x86_64-linux-gnu/8/include/smmintrin.h:282:1: error: inlining failed in call to always_inline ‘_mm_max_epi8’: target specific option mismatch
 _mm_max_epi8 (__m128i __X, __m128i __Y)
 ^~~~~~~~~~~~
/home/membo/upmem-lib-membo/upmem-2021.3.0-Linux-x86_64/src/backends/build/CMakeFiles/CMakeTmp/src.c:6:19: note: called from here
     __m128i res = _mm_max_epi8(a, b);
                   ^~~~~~~~~~~~~~~~~~
cc1: all warnings being treated as errors
make[1]: *** [CMakeFiles/cmTC_8fc30.dir/build.make:66: CMakeFiles/cmTC_8fc30.dir/src.c.o] Error 1
make[1]: Leaving directory '/home/membo/upmem-lib-membo/upmem-2021.3.0-Linux-x86_64/src/backends/build/CMakeFiles/CMakeTmp'
make: *** [Makefile:121: cmTC_8fc30/fast] Error 2


Source file was:

  #include <smmintrin.h>
  int main ()
  {
    __m128i a = {0,0,0,0}, b = {0,0,0,0};
    __m128i res = _mm_max_epi8(a, b);
    return 0;
  }

Performing C SOURCE FILE Test CXX_HAS_SSE4_1_2 failed with the following compile output:
Change Dir: /home/membo/upmem-lib-membo/upmem-2021.3.0-Linux-x86_64/src/backends/build/CMakeFiles/CMakeTmp

Run Build Command(s):/usr/bin/make cmTC_a41a5/fast && /usr/bin/make -f CMakeFiles/cmTC_a41a5.dir/build.make CMakeFiles/cmTC_a41a5.dir/build
make[1]: Entering directory '/home/membo/upmem-lib-membo/upmem-2021.3.0-Linux-x86_64/src/backends/build/CMakeFiles/CMakeTmp'
Building C object CMakeFiles/cmTC_a41a5.dir/src.c.o
/usr/bin/cc   -Wall -Werror -Wextra -std=gnu11  -DCXX_HAS_SSE4_1_2 -msse4.1   -o CMakeFiles/cmTC_a41a5.dir/src.c.o   -c /home/membo/upmem-lib-membo/upmem-2021.3.0-Linux-x86_64/src/backends/build/CMakeFiles/CMakeTmp/src.c
/home/membo/upmem-lib-membo/upmem-2021.3.0-Linux-x86_64/src/backends/build/CMakeFiles/CMakeTmp/src.c: In function ‘main’:
/home/membo/upmem-lib-membo/upmem-2021.3.0-Linux-x86_64/src/backends/build/CMakeFiles/CMakeTmp/src.c:5:22: error: excess elements in vector initializer [-Werror]
     __m128i a = {0,0,0,0}, b = {0,0,0,0};
                      ^
/home/membo/upmem-lib-membo/upmem-2021.3.0-Linux-x86_64/src/backends/build/CMakeFiles/CMakeTmp/src.c:5:22: note: (near initialization for ‘a’)
/home/membo/upmem-lib-membo/upmem-2021.3.0-Linux-x86_64/src/backends/build/CMakeFiles/CMakeTmp/src.c:5:24: error: excess elements in vector initializer [-Werror]
     __m128i a = {0,0,0,0}, b = {0,0,0,0};
                        ^
/home/membo/upmem-lib-membo/upmem-2021.3.0-Linux-x86_64/src/backends/build/CMakeFiles/CMakeTmp/src.c:5:24: note: (near initialization for ‘a’)
/home/membo/upmem-lib-membo/upmem-2021.3.0-Linux-x86_64/src/backends/build/CMakeFiles/CMakeTmp/src.c:5:37: error: excess elements in vector initializer [-Werror]
     __m128i a = {0,0,0,0}, b = {0,0,0,0};
                                     ^
/home/membo/upmem-lib-membo/upmem-2021.3.0-Linux-x86_64/src/backends/build/CMakeFiles/CMakeTmp/src.c:5:37: note: (near initialization for ‘b’)
/home/membo/upmem-lib-membo/upmem-2021.3.0-Linux-x86_64/src/backends/build/CMakeFiles/CMakeTmp/src.c:5:39: error: excess elements in vector initializer [-Werror]
     __m128i a = {0,0,0,0}, b = {0,0,0,0};
                                       ^
/home/membo/upmem-lib-membo/upmem-2021.3.0-Linux-x86_64/src/backends/build/CMakeFiles/CMakeTmp/src.c:5:39: note: (near initialization for ‘b’)
/home/membo/upmem-lib-membo/upmem-2021.3.0-Linux-x86_64/src/backends/build/CMakeFiles/CMakeTmp/src.c:6:13: error: unused variable ‘res’ [-Werror=unused-variable]
     __m128i res = _mm_max_epi8(a, b);
             ^~~
cc1: all warnings being treated as errors
make[1]: *** [CMakeFiles/cmTC_a41a5.dir/build.make:66: CMakeFiles/cmTC_a41a5.dir/src.c.o] Error 1
make[1]: Leaving directory '/home/membo/upmem-lib-membo/upmem-2021.3.0-Linux-x86_64/src/backends/build/CMakeFiles/CMakeTmp'
make: *** [Makefile:121: cmTC_a41a5/fast] Error 2


...and run output:

Return value: 1
Source file was:

  #include <smmintrin.h>
  int main ()
  {
    __m128i a = {0,0,0,0}, b = {0,0,0,0};
    __m128i res = _mm_max_epi8(a, b);
    return 0;
  }

Performing C SOURCE FILE Test CXX_COMPILES_SSE4_1_2 failed with the following output:
Change Dir: /home/membo/upmem-lib-membo/upmem-2021.3.0-Linux-x86_64/src/backends/build/CMakeFiles/CMakeTmp

Run Build Command(s):/usr/bin/make cmTC_6a52b/fast && /usr/bin/make -f CMakeFiles/cmTC_6a52b.dir/build.make CMakeFiles/cmTC_6a52b.dir/build
make[1]: Entering directory '/home/membo/upmem-lib-membo/upmem-2021.3.0-Linux-x86_64/src/backends/build/CMakeFiles/CMakeTmp'
Building C object CMakeFiles/cmTC_6a52b.dir/src.c.o
/usr/bin/cc   -Wall -Werror -Wextra -std=gnu11  -DCXX_COMPILES_SSE4_1_2 -msse4.1   -o CMakeFiles/cmTC_6a52b.dir/src.c.o   -c /home/membo/upmem-lib-membo/upmem-2021.3.0-Linux-x86_64/src/backends/build/CMakeFiles/CMakeTmp/src.c
/home/membo/upmem-lib-membo/upmem-2021.3.0-Linux-x86_64/src/backends/build/CMakeFiles/CMakeTmp/src.c: In function ‘main’:
/home/membo/upmem-lib-membo/upmem-2021.3.0-Linux-x86_64/src/backends/build/CMakeFiles/CMakeTmp/src.c:5:22: error: excess elements in vector initializer [-Werror]
     __m128i a = {0,0,0,0}, b = {0,0,0,0};
                      ^
/home/membo/upmem-lib-membo/upmem-2021.3.0-Linux-x86_64/src/backends/build/CMakeFiles/CMakeTmp/src.c:5:22: note: (near initialization for ‘a’)
/home/membo/upmem-lib-membo/upmem-2021.3.0-Linux-x86_64/src/backends/build/CMakeFiles/CMakeTmp/src.c:5:24: error: excess elements in vector initializer [-Werror]
     __m128i a = {0,0,0,0}, b = {0,0,0,0};
                        ^
/home/membo/upmem-lib-membo/upmem-2021.3.0-Linux-x86_64/src/backends/build/CMakeFiles/CMakeTmp/src.c:5:24: note: (near initialization for ‘a’)
/home/membo/upmem-lib-membo/upmem-2021.3.0-Linux-x86_64/src/backends/build/CMakeFiles/CMakeTmp/src.c:5:37: error: excess elements in vector initializer [-Werror]
     __m128i a = {0,0,0,0}, b = {0,0,0,0};
                                     ^
/home/membo/upmem-lib-membo/upmem-2021.3.0-Linux-x86_64/src/backends/build/CMakeFiles/CMakeTmp/src.c:5:37: note: (near initialization for ‘b’)
/home/membo/upmem-lib-membo/upmem-2021.3.0-Linux-x86_64/src/backends/build/CMakeFiles/CMakeTmp/src.c:5:39: error: excess elements in vector initializer [-Werror]
     __m128i a = {0,0,0,0}, b = {0,0,0,0};
                                       ^
/home/membo/upmem-lib-membo/upmem-2021.3.0-Linux-x86_64/src/backends/build/CMakeFiles/CMakeTmp/src.c:5:39: note: (near initialization for ‘b’)
/home/membo/upmem-lib-membo/upmem-2021.3.0-Linux-x86_64/src/backends/build/CMakeFiles/CMakeTmp/src.c:6:13: error: unused variable ‘res’ [-Werror=unused-variable]
     __m128i res = _mm_max_epi8(a, b);
             ^~~
cc1: all warnings being treated as errors
make[1]: *** [CMakeFiles/cmTC_6a52b.dir/build.make:66: CMakeFiles/cmTC_6a52b.dir/src.c.o] Error 1
make[1]: Leaving directory '/home/membo/upmem-lib-membo/upmem-2021.3.0-Linux-x86_64/src/backends/build/CMakeFiles/CMakeTmp'
make: *** [Makefile:121: cmTC_6a52b/fast] Error 2


Source file was:

  #include <smmintrin.h>
  int main ()
  {
    __m128i a = {0,0,0,0}, b = {0,0,0,0};
    __m128i res = _mm_max_epi8(a, b);
    return 0;
  }

Performing C SOURCE FILE Test CXX_HAS_SSE4_1_3 failed with the following compile output:
Change Dir: /home/membo/upmem-lib-membo/upmem-2021.3.0-Linux-x86_64/src/backends/build/CMakeFiles/CMakeTmp

Run Build Command(s):/usr/bin/make cmTC_53a6b/fast && /usr/bin/make -f CMakeFiles/cmTC_53a6b.dir/build.make CMakeFiles/cmTC_53a6b.dir/build
make[1]: Entering directory '/home/membo/upmem-lib-membo/upmem-2021.3.0-Linux-x86_64/src/backends/build/CMakeFiles/CMakeTmp'
Building C object CMakeFiles/cmTC_53a6b.dir/src.c.o
/usr/bin/cc   -Wall -Werror -Wextra -std=gnu11  -DCXX_HAS_SSE4_1_3 -msse4   -o CMakeFiles/cmTC_53a6b.dir/src.c.o   -c /home/membo/upmem-lib-membo/upmem-2021.3.0-Linux-x86_64/src/backends/build/CMakeFiles/CMakeTmp/src.c
/home/membo/upmem-lib-membo/upmem-2021.3.0-Linux-x86_64/src/backends/build/CMakeFiles/CMakeTmp/src.c: In function ‘main’:
/home/membo/upmem-lib-membo/upmem-2021.3.0-Linux-x86_64/src/backends/build/CMakeFiles/CMakeTmp/src.c:5:22: error: excess elements in vector initializer [-Werror]
     __m128i a = {0,0,0,0}, b = {0,0,0,0};
                      ^
/home/membo/upmem-lib-membo/upmem-2021.3.0-Linux-x86_64/src/backends/build/CMakeFiles/CMakeTmp/src.c:5:22: note: (near initialization for ‘a’)
/home/membo/upmem-lib-membo/upmem-2021.3.0-Linux-x86_64/src/backends/build/CMakeFiles/CMakeTmp/src.c:5:24: error: excess elements in vector initializer [-Werror]
     __m128i a = {0,0,0,0}, b = {0,0,0,0};
                        ^
/home/membo/upmem-lib-membo/upmem-2021.3.0-Linux-x86_64/src/backends/build/CMakeFiles/CMakeTmp/src.c:5:24: note: (near initialization for ‘a’)
/home/membo/upmem-lib-membo/upmem-2021.3.0-Linux-x86_64/src/backends/build/CMakeFiles/CMakeTmp/src.c:5:37: error: excess elements in vector initializer [-Werror]
     __m128i a = {0,0,0,0}, b = {0,0,0,0};
                                     ^
/home/membo/upmem-lib-membo/upmem-2021.3.0-Linux-x86_64/src/backends/build/CMakeFiles/CMakeTmp/src.c:5:37: note: (near initialization for ‘b’)
/home/membo/upmem-lib-membo/upmem-2021.3.0-Linux-x86_64/src/backends/build/CMakeFiles/CMakeTmp/src.c:5:39: error: excess elements in vector initializer [-Werror]
     __m128i a = {0,0,0,0}, b = {0,0,0,0};
                                       ^
/home/membo/upmem-lib-membo/upmem-2021.3.0-Linux-x86_64/src/backends/build/CMakeFiles/CMakeTmp/src.c:5:39: note: (near initialization for ‘b’)
/home/membo/upmem-lib-membo/upmem-2021.3.0-Linux-x86_64/src/backends/build/CMakeFiles/CMakeTmp/src.c:6:13: error: unused variable ‘res’ [-Werror=unused-variable]
     __m128i res = _mm_max_epi8(a, b);
             ^~~
cc1: all warnings being treated as errors
make[1]: *** [CMakeFiles/cmTC_53a6b.dir/build.make:66: CMakeFiles/cmTC_53a6b.dir/src.c.o] Error 1
make[1]: Leaving directory '/home/membo/upmem-lib-membo/upmem-2021.3.0-Linux-x86_64/src/backends/build/CMakeFiles/CMakeTmp'
make: *** [Makefile:121: cmTC_53a6b/fast] Error 2


...and run output:

Return value: 1
Source file was:

  #include <smmintrin.h>
  int main ()
  {
    __m128i a = {0,0,0,0}, b = {0,0,0,0};
    __m128i res = _mm_max_epi8(a, b);
    return 0;
  }

Performing C SOURCE FILE Test CXX_COMPILES_SSE4_1_3 failed with the following output:
Change Dir: /home/membo/upmem-lib-membo/upmem-2021.3.0-Linux-x86_64/src/backends/build/CMakeFiles/CMakeTmp

Run Build Command(s):/usr/bin/make cmTC_432d2/fast && /usr/bin/make -f CMakeFiles/cmTC_432d2.dir/build.make CMakeFiles/cmTC_432d2.dir/build
make[1]: Entering directory '/home/membo/upmem-lib-membo/upmem-2021.3.0-Linux-x86_64/src/backends/build/CMakeFiles/CMakeTmp'
Building C object CMakeFiles/cmTC_432d2.dir/src.c.o
/usr/bin/cc   -Wall -Werror -Wextra -std=gnu11  -DCXX_COMPILES_SSE4_1_3 -msse4   -o CMakeFiles/cmTC_432d2.dir/src.c.o   -c /home/membo/upmem-lib-membo/upmem-2021.3.0-Linux-x86_64/src/backends/build/CMakeFiles/CMakeTmp/src.c
/home/membo/upmem-lib-membo/upmem-2021.3.0-Linux-x86_64/src/backends/build/CMakeFiles/CMakeTmp/src.c: In function ‘main’:
/home/membo/upmem-lib-membo/upmem-2021.3.0-Linux-x86_64/src/backends/build/CMakeFiles/CMakeTmp/src.c:5:22: error: excess elements in vector initializer [-Werror]
     __m128i a = {0,0,0,0}, b = {0,0,0,0};
                      ^
/home/membo/upmem-lib-membo/upmem-2021.3.0-Linux-x86_64/src/backends/build/CMakeFiles/CMakeTmp/src.c:5:22: note: (near initialization for ‘a’)
/home/membo/upmem-lib-membo/upmem-2021.3.0-Linux-x86_64/src/backends/build/CMakeFiles/CMakeTmp/src.c:5:24: error: excess elements in vector initializer [-Werror]
     __m128i a = {0,0,0,0}, b = {0,0,0,0};
                        ^
/home/membo/upmem-lib-membo/upmem-2021.3.0-Linux-x86_64/src/backends/build/CMakeFiles/CMakeTmp/src.c:5:24: note: (near initialization for ‘a’)
/home/membo/upmem-lib-membo/upmem-2021.3.0-Linux-x86_64/src/backends/build/CMakeFiles/CMakeTmp/src.c:5:37: error: excess elements in vector initializer [-Werror]
     __m128i a = {0,0,0,0}, b = {0,0,0,0};
                                     ^
/home/membo/upmem-lib-membo/upmem-2021.3.0-Linux-x86_64/src/backends/build/CMakeFiles/CMakeTmp/src.c:5:37: note: (near initialization for ‘b’)
/home/membo/upmem-lib-membo/upmem-2021.3.0-Linux-x86_64/src/backends/build/CMakeFiles/CMakeTmp/src.c:5:39: error: excess elements in vector initializer [-Werror]
     __m128i a = {0,0,0,0}, b = {0,0,0,0};
                                       ^
/home/membo/upmem-lib-membo/upmem-2021.3.0-Linux-x86_64/src/backends/build/CMakeFiles/CMakeTmp/src.c:5:39: note: (near initialization for ‘b’)
/home/membo/upmem-lib-membo/upmem-2021.3.0-Linux-x86_64/src/backends/build/CMakeFiles/CMakeTmp/src.c:6:13: error: unused variable ‘res’ [-Werror=unused-variable]
     __m128i res = _mm_max_epi8(a, b);
             ^~~
cc1: all warnings being treated as errors
make[1]: *** [CMakeFiles/cmTC_432d2.dir/build.make:66: CMakeFiles/cmTC_432d2.dir/src.c.o] Error 1
make[1]: Leaving directory '/home/membo/upmem-lib-membo/upmem-2021.3.0-Linux-x86_64/src/backends/build/CMakeFiles/CMakeTmp'
make: *** [Makefile:121: cmTC_432d2/fast] Error 2


Source file was:

  #include <smmintrin.h>
  int main ()
  {
    __m128i a = {0,0,0,0}, b = {0,0,0,0};
    __m128i res = _mm_max_epi8(a, b);
    return 0;
  }

Performing C SOURCE FILE Test CXX_HAS_SSE4_1_4 failed with the following compile output:
Change Dir: /home/membo/upmem-lib-membo/upmem-2021.3.0-Linux-x86_64/src/backends/build/CMakeFiles/CMakeTmp

Run Build Command(s):/usr/bin/make cmTC_62e78/fast && /usr/bin/make -f CMakeFiles/cmTC_62e78.dir/build.make CMakeFiles/cmTC_62e78.dir/build
make[1]: Entering directory '/home/membo/upmem-lib-membo/upmem-2021.3.0-Linux-x86_64/src/backends/build/CMakeFiles/CMakeTmp'
Building C object CMakeFiles/cmTC_62e78.dir/src.c.o
/usr/bin/cc   -Wall -Werror -Wextra -std=gnu11  -DCXX_HAS_SSE4_1_4 /arch:SSE4   -o CMakeFiles/cmTC_62e78.dir/src.c.o   -c /home/membo/upmem-lib-membo/upmem-2021.3.0-Linux-x86_64/src/backends/build/CMakeFiles/CMakeTmp/src.c
cc: error: /arch:SSE4: No such file or directory
make[1]: *** [CMakeFiles/cmTC_62e78.dir/build.make:66: CMakeFiles/cmTC_62e78.dir/src.c.o] Error 1
make[1]: Leaving directory '/home/membo/upmem-lib-membo/upmem-2021.3.0-Linux-x86_64/src/backends/build/CMakeFiles/CMakeTmp'
make: *** [Makefile:121: cmTC_62e78/fast] Error 2


...and run output:

Return value: 1
Source file was:

  #include <smmintrin.h>
  int main ()
  {
    __m128i a = {0,0,0,0}, b = {0,0,0,0};
    __m128i res = _mm_max_epi8(a, b);
    return 0;
  }

Performing C SOURCE FILE Test CXX_COMPILES_SSE4_1_4 failed with the following output:
Change Dir: /home/membo/upmem-lib-membo/upmem-2021.3.0-Linux-x86_64/src/backends/build/CMakeFiles/CMakeTmp

Run Build Command(s):/usr/bin/make cmTC_4f74d/fast && /usr/bin/make -f CMakeFiles/cmTC_4f74d.dir/build.make CMakeFiles/cmTC_4f74d.dir/build
make[1]: Entering directory '/home/membo/upmem-lib-membo/upmem-2021.3.0-Linux-x86_64/src/backends/build/CMakeFiles/CMakeTmp'
Building C object CMakeFiles/cmTC_4f74d.dir/src.c.o
/usr/bin/cc   -Wall -Werror -Wextra -std=gnu11  -DCXX_COMPILES_SSE4_1_4 /arch:SSE4   -o CMakeFiles/cmTC_4f74d.dir/src.c.o   -c /home/membo/upmem-lib-membo/upmem-2021.3.0-Linux-x86_64/src/backends/build/CMakeFiles/CMakeTmp/src.c
cc: error: /arch:SSE4: No such file or directory
make[1]: *** [CMakeFiles/cmTC_4f74d.dir/build.make:66: CMakeFiles/cmTC_4f74d.dir/src.c.o] Error 1
make[1]: Leaving directory '/home/membo/upmem-lib-membo/upmem-2021.3.0-Linux-x86_64/src/backends/build/CMakeFiles/CMakeTmp'
make: *** [Makefile:121: cmTC_4f74d/fast] Error 2


Source file was:

  #include <smmintrin.h>
  int main ()
  {
    __m128i a = {0,0,0,0}, b = {0,0,0,0};
    __m128i res = _mm_max_epi8(a, b);
    return 0;
  }

Performing C SOURCE FILE Test CXX_HAS_SSE4_2_1 failed with the following compile output:
Change Dir: /home/membo/upmem-lib-membo/upmem-2021.3.0-Linux-x86_64/src/backends/build/CMakeFiles/CMakeTmp

Run Build Command(s):/usr/bin/make cmTC_bd53c/fast && /usr/bin/make -f CMakeFiles/cmTC_bd53c.dir/build.make CMakeFiles/cmTC_bd53c.dir/build
make[1]: Entering directory '/home/membo/upmem-lib-membo/upmem-2021.3.0-Linux-x86_64/src/backends/build/CMakeFiles/CMakeTmp'
Building C object CMakeFiles/cmTC_bd53c.dir/src.c.o
/usr/bin/cc   -Wall -Werror -Wextra -std=gnu11  -DCXX_HAS_SSE4_2_1   -o CMakeFiles/cmTC_bd53c.dir/src.c.o   -c /home/membo/upmem-lib-membo/upmem-2021.3.0-Linux-x86_64/src/backends/build/CMakeFiles/CMakeTmp/src.c
/home/membo/upmem-lib-membo/upmem-2021.3.0-Linux-x86_64/src/backends/build/CMakeFiles/CMakeTmp/src.c: In function ‘main’:
/home/membo/upmem-lib-membo/upmem-2021.3.0-Linux-x86_64/src/backends/build/CMakeFiles/CMakeTmp/src.c:5:22: error: excess elements in vector initializer [-Werror]
     __m128i a = {0,0,0,0}, b = {0,0,0,0}, c = {0,0,0,0};
                      ^
/home/membo/upmem-lib-membo/upmem-2021.3.0-Linux-x86_64/src/backends/build/CMakeFiles/CMakeTmp/src.c:5:22: note: (near initialization for ‘a’)
/home/membo/upmem-lib-membo/upmem-2021.3.0-Linux-x86_64/src/backends/build/CMakeFiles/CMakeTmp/src.c:5:24: error: excess elements in vector initializer [-Werror]
     __m128i a = {0,0,0,0}, b = {0,0,0,0}, c = {0,0,0,0};
                        ^
/home/membo/upmem-lib-membo/upmem-2021.3.0-Linux-x86_64/src/backends/build/CMakeFiles/CMakeTmp/src.c:5:24: note: (near initialization for ‘a’)
/home/membo/upmem-lib-membo/upmem-2021.3.0-Linux-x86_64/src/backends/build/CMakeFiles/CMakeTmp/src.c:5:37: error: excess elements in vector initializer [-Werror]
     __m128i a = {0,0,0,0}, b = {0,0,0,0}, c = {0,0,0,0};
                                     ^
/home/membo/upmem-lib-membo/upmem-2021.3.0-Linux-x86_64/src/backends/build/CMakeFiles/CMakeTmp/src.c:5:37: note: (near initialization for ‘b’)
/home/membo/upmem-lib-membo/upmem-2021.3.0-Linux-x86_64/src/backends/build/CMakeFiles/CMakeTmp/src.c:5:39: error: excess elements in vector initializer [-Werror]
     __m128i a = {0,0,0,0}, b = {0,0,0,0}, c = {0,0,0,0};
                                       ^
/home/membo/upmem-lib-membo/upmem-2021.3.0-Linux-x86_64/src/backends/build/CMakeFiles/CMakeTmp/src.c:5:39: note: (near initialization for ‘b’)
/home/membo/upmem-lib-membo/upmem-2021.3.0-Linux-x86_64/src/backends/build/CMakeFiles/CMakeTmp/src.c:5:52: error: excess elements in vector initializer [-Werror]
     __m128i a = {0,0,0,0}, b = {0,0,0,0}, c = {0,0,0,0};
                                                    ^
/home/membo/upmem-lib-membo/upmem-2021.3.0-Linux-x86_64/src/backends/build/CMakeFiles/CMakeTmp/src.c:5:52: note: (near initialization for ‘c’)
/home/membo/upmem-lib-membo/upmem-2021.3.0-Linux-x86_64/src/backends/build/CMakeFiles/CMakeTmp/src.c:5:54: error: excess elements in vector initializer [-Werror]
     __m128i a = {0,0,0,0}, b = {0,0,0,0}, c = {0,0,0,0};
                                                      ^
/home/membo/upmem-lib-membo/upmem-2021.3.0-Linux-x86_64/src/backends/build/CMakeFiles/CMakeTmp/src.c:5:54: note: (near initialization for ‘c’)
/home/membo/upmem-lib-membo/upmem-2021.3.0-Linux-x86_64/src/backends/build/CMakeFiles/CMakeTmp/src.c:5:43: error: variable ‘c’ set but not used [-Werror=unused-but-set-variable]
     __m128i a = {0,0,0,0}, b = {0,0,0,0}, c = {0,0,0,0};
                                           ^
In file included from /usr/lib/gcc/x86_64-linux-gnu/8/include/nmmintrin.h:31,
                 from /home/membo/upmem-lib-membo/upmem-2021.3.0-Linux-x86_64/src/backends/build/CMakeFiles/CMakeTmp/src.c:2:
/usr/lib/gcc/x86_64-linux-gnu/8/include/smmintrin.h:796:1: error: inlining failed in call to always_inline ‘_mm_cmpgt_epi64’: target specific option mismatch
 _mm_cmpgt_epi64 (__m128i __X, __m128i __Y)
 ^~~~~~~~~~~~~~~
/home/membo/upmem-lib-membo/upmem-2021.3.0-Linux-x86_64/src/backends/build/CMakeFiles/CMakeTmp/src.c:6:9: note: called from here
     c = _mm_cmpgt_epi64(a, b);
         ^~~~~~~~~~~~~~~~~~~~~
cc1: all warnings being treated as errors
make[1]: *** [CMakeFiles/cmTC_bd53c.dir/build.make:66: CMakeFiles/cmTC_bd53c.dir/src.c.o] Error 1
make[1]: Leaving directory '/home/membo/upmem-lib-membo/upmem-2021.3.0-Linux-x86_64/src/backends/build/CMakeFiles/CMakeTmp'
make: *** [Makefile:121: cmTC_bd53c/fast] Error 2


...and run output:

Return value: 1
Source file was:

  #include <nmmintrin.h>
  int main()
  {
    __m128i a = {0,0,0,0}, b = {0,0,0,0}, c = {0,0,0,0};
    c = _mm_cmpgt_epi64(a, b);
    return 0;
  }

Performing C SOURCE FILE Test CXX_COMPILES_SSE4_2_1 failed with the following output:
Change Dir: /home/membo/upmem-lib-membo/upmem-2021.3.0-Linux-x86_64/src/backends/build/CMakeFiles/CMakeTmp

Run Build Command(s):/usr/bin/make cmTC_ad6c2/fast && /usr/bin/make -f CMakeFiles/cmTC_ad6c2.dir/build.make CMakeFiles/cmTC_ad6c2.dir/build
make[1]: Entering directory '/home/membo/upmem-lib-membo/upmem-2021.3.0-Linux-x86_64/src/backends/build/CMakeFiles/CMakeTmp'
Building C object CMakeFiles/cmTC_ad6c2.dir/src.c.o
/usr/bin/cc   -Wall -Werror -Wextra -std=gnu11  -DCXX_COMPILES_SSE4_2_1   -o CMakeFiles/cmTC_ad6c2.dir/src.c.o   -c /home/membo/upmem-lib-membo/upmem-2021.3.0-Linux-x86_64/src/backends/build/CMakeFiles/CMakeTmp/src.c
/home/membo/upmem-lib-membo/upmem-2021.3.0-Linux-x86_64/src/backends/build/CMakeFiles/CMakeTmp/src.c: In function ‘main’:
/home/membo/upmem-lib-membo/upmem-2021.3.0-Linux-x86_64/src/backends/build/CMakeFiles/CMakeTmp/src.c:5:22: error: excess elements in vector initializer [-Werror]
     __m128i a = {0,0,0,0}, b = {0,0,0,0}, c = {0,0,0,0};
                      ^
/home/membo/upmem-lib-membo/upmem-2021.3.0-Linux-x86_64/src/backends/build/CMakeFiles/CMakeTmp/src.c:5:22: note: (near initialization for ‘a’)
/home/membo/upmem-lib-membo/upmem-2021.3.0-Linux-x86_64/src/backends/build/CMakeFiles/CMakeTmp/src.c:5:24: error: excess elements in vector initializer [-Werror]
     __m128i a = {0,0,0,0}, b = {0,0,0,0}, c = {0,0,0,0};
                        ^
/home/membo/upmem-lib-membo/upmem-2021.3.0-Linux-x86_64/src/backends/build/CMakeFiles/CMakeTmp/src.c:5:24: note: (near initialization for ‘a’)
/home/membo/upmem-lib-membo/upmem-2021.3.0-Linux-x86_64/src/backends/build/CMakeFiles/CMakeTmp/src.c:5:37: error: excess elements in vector initializer [-Werror]
     __m128i a = {0,0,0,0}, b = {0,0,0,0}, c = {0,0,0,0};
                                     ^
/home/membo/upmem-lib-membo/upmem-2021.3.0-Linux-x86_64/src/backends/build/CMakeFiles/CMakeTmp/src.c:5:37: note: (near initialization for ‘b’)
/home/membo/upmem-lib-membo/upmem-2021.3.0-Linux-x86_64/src/backends/build/CMakeFiles/CMakeTmp/src.c:5:39: error: excess elements in vector initializer [-Werror]
     __m128i a = {0,0,0,0}, b = {0,0,0,0}, c = {0,0,0,0};
                                       ^
/home/membo/upmem-lib-membo/upmem-2021.3.0-Linux-x86_64/src/backends/build/CMakeFiles/CMakeTmp/src.c:5:39: note: (near initialization for ‘b’)
/home/membo/upmem-lib-membo/upmem-2021.3.0-Linux-x86_64/src/backends/build/CMakeFiles/CMakeTmp/src.c:5:52: error: excess elements in vector initializer [-Werror]
     __m128i a = {0,0,0,0}, b = {0,0,0,0}, c = {0,0,0,0};
                                                    ^
/home/membo/upmem-lib-membo/upmem-2021.3.0-Linux-x86_64/src/backends/build/CMakeFiles/CMakeTmp/src.c:5:52: note: (near initialization for ‘c’)
/home/membo/upmem-lib-membo/upmem-2021.3.0-Linux-x86_64/src/backends/build/CMakeFiles/CMakeTmp/src.c:5:54: error: excess elements in vector initializer [-Werror]
     __m128i a = {0,0,0,0}, b = {0,0,0,0}, c = {0,0,0,0};
                                                      ^
/home/membo/upmem-lib-membo/upmem-2021.3.0-Linux-x86_64/src/backends/build/CMakeFiles/CMakeTmp/src.c:5:54: note: (near initialization for ‘c’)
/home/membo/upmem-lib-membo/upmem-2021.3.0-Linux-x86_64/src/backends/build/CMakeFiles/CMakeTmp/src.c:5:43: error: variable ‘c’ set but not used [-Werror=unused-but-set-variable]
     __m128i a = {0,0,0,0}, b = {0,0,0,0}, c = {0,0,0,0};
                                           ^
In file included from /usr/lib/gcc/x86_64-linux-gnu/8/include/nmmintrin.h:31,
                 from /home/membo/upmem-lib-membo/upmem-2021.3.0-Linux-x86_64/src/backends/build/CMakeFiles/CMakeTmp/src.c:2:
/usr/lib/gcc/x86_64-linux-gnu/8/include/smmintrin.h:796:1: error: inlining failed in call to always_inline ‘_mm_cmpgt_epi64’: target specific option mismatch
 _mm_cmpgt_epi64 (__m128i __X, __m128i __Y)
 ^~~~~~~~~~~~~~~
/home/membo/upmem-lib-membo/upmem-2021.3.0-Linux-x86_64/src/backends/build/CMakeFiles/CMakeTmp/src.c:6:9: note: called from here
     c = _mm_cmpgt_epi64(a, b);
         ^~~~~~~~~~~~~~~~~~~~~
cc1: all warnings being treated as errors
make[1]: *** [CMakeFiles/cmTC_ad6c2.dir/build.make:66: CMakeFiles/cmTC_ad6c2.dir/src.c.o] Error 1
make[1]: Leaving directory '/home/membo/upmem-lib-membo/upmem-2021.3.0-Linux-x86_64/src/backends/build/CMakeFiles/CMakeTmp'
make: *** [Makefile:121: cmTC_ad6c2/fast] Error 2


Source file was:

  #include <nmmintrin.h>
  int main()
  {
    __m128i a = {0,0,0,0}, b = {0,0,0,0}, c = {0,0,0,0};
    c = _mm_cmpgt_epi64(a, b);
    return 0;
  }

Performing C SOURCE FILE Test CXX_HAS_SSE4_2_2 failed with the following compile output:
Change Dir: /home/membo/upmem-lib-membo/upmem-2021.3.0-Linux-x86_64/src/backends/build/CMakeFiles/CMakeTmp

Run Build Command(s):/usr/bin/make cmTC_2eb4b/fast && /usr/bin/make -f CMakeFiles/cmTC_2eb4b.dir/build.make CMakeFiles/cmTC_2eb4b.dir/build
make[1]: Entering directory '/home/membo/upmem-lib-membo/upmem-2021.3.0-Linux-x86_64/src/backends/build/CMakeFiles/CMakeTmp'
Building C object CMakeFiles/cmTC_2eb4b.dir/src.c.o
/usr/bin/cc   -Wall -Werror -Wextra -std=gnu11  -DCXX_HAS_SSE4_2_2 -msse4.2   -o CMakeFiles/cmTC_2eb4b.dir/src.c.o   -c /home/membo/upmem-lib-membo/upmem-2021.3.0-Linux-x86_64/src/backends/build/CMakeFiles/CMakeTmp/src.c
/home/membo/upmem-lib-membo/upmem-2021.3.0-Linux-x86_64/src/backends/build/CMakeFiles/CMakeTmp/src.c: In function ‘main’:
/home/membo/upmem-lib-membo/upmem-2021.3.0-Linux-x86_64/src/backends/build/CMakeFiles/CMakeTmp/src.c:5:22: error: excess elements in vector initializer [-Werror]
     __m128i a = {0,0,0,0}, b = {0,0,0,0}, c = {0,0,0,0};
                      ^
/home/membo/upmem-lib-membo/upmem-2021.3.0-Linux-x86_64/src/backends/build/CMakeFiles/CMakeTmp/src.c:5:22: note: (near initialization for ‘a’)
/home/membo/upmem-lib-membo/upmem-2021.3.0-Linux-x86_64/src/backends/build/CMakeFiles/CMakeTmp/src.c:5:24: error: excess elements in vector initializer [-Werror]
     __m128i a = {0,0,0,0}, b = {0,0,0,0}, c = {0,0,0,0};
                        ^
/home/membo/upmem-lib-membo/upmem-2021.3.0-Linux-x86_64/src/backends/build/CMakeFiles/CMakeTmp/src.c:5:24: note: (near initialization for ‘a’)
/home/membo/upmem-lib-membo/upmem-2021.3.0-Linux-x86_64/src/backends/build/CMakeFiles/CMakeTmp/src.c:5:37: error: excess elements in vector initializer [-Werror]
     __m128i a = {0,0,0,0}, b = {0,0,0,0}, c = {0,0,0,0};
                                     ^
/home/membo/upmem-lib-membo/upmem-2021.3.0-Linux-x86_64/src/backends/build/CMakeFiles/CMakeTmp/src.c:5:37: note: (near initialization for ‘b’)
/home/membo/upmem-lib-membo/upmem-2021.3.0-Linux-x86_64/src/backends/build/CMakeFiles/CMakeTmp/src.c:5:39: error: excess elements in vector initializer [-Werror]
     __m128i a = {0,0,0,0}, b = {0,0,0,0}, c = {0,0,0,0};
                                       ^
/home/membo/upmem-lib-membo/upmem-2021.3.0-Linux-x86_64/src/backends/build/CMakeFiles/CMakeTmp/src.c:5:39: note: (near initialization for ‘b’)
/home/membo/upmem-lib-membo/upmem-2021.3.0-Linux-x86_64/src/backends/build/CMakeFiles/CMakeTmp/src.c:5:52: error: excess elements in vector initializer [-Werror]
     __m128i a = {0,0,0,0}, b = {0,0,0,0}, c = {0,0,0,0};
                                                    ^
/home/membo/upmem-lib-membo/upmem-2021.3.0-Linux-x86_64/src/backends/build/CMakeFiles/CMakeTmp/src.c:5:52: note: (near initialization for ‘c’)
/home/membo/upmem-lib-membo/upmem-2021.3.0-Linux-x86_64/src/backends/build/CMakeFiles/CMakeTmp/src.c:5:54: error: excess elements in vector initializer [-Werror]
     __m128i a = {0,0,0,0}, b = {0,0,0,0}, c = {0,0,0,0};
                                                      ^
/home/membo/upmem-lib-membo/upmem-2021.3.0-Linux-x86_64/src/backends/build/CMakeFiles/CMakeTmp/src.c:5:54: note: (near initialization for ‘c’)
/home/membo/upmem-lib-membo/upmem-2021.3.0-Linux-x86_64/src/backends/build/CMakeFiles/CMakeTmp/src.c:5:43: error: variable ‘c’ set but not used [-Werror=unused-but-set-variable]
     __m128i a = {0,0,0,0}, b = {0,0,0,0}, c = {0,0,0,0};
                                           ^
cc1: all warnings being treated as errors
make[1]: *** [CMakeFiles/cmTC_2eb4b.dir/build.make:66: CMakeFiles/cmTC_2eb4b.dir/src.c.o] Error 1
make[1]: Leaving directory '/home/membo/upmem-lib-membo/upmem-2021.3.0-Linux-x86_64/src/backends/build/CMakeFiles/CMakeTmp'
make: *** [Makefile:121: cmTC_2eb4b/fast] Error 2


...and run output:

Return value: 1
Source file was:

  #include <nmmintrin.h>
  int main()
  {
    __m128i a = {0,0,0,0}, b = {0,0,0,0}, c = {0,0,0,0};
    c = _mm_cmpgt_epi64(a, b);
    return 0;
  }

Performing C SOURCE FILE Test CXX_COMPILES_SSE4_2_2 failed with the following output:
Change Dir: /home/membo/upmem-lib-membo/upmem-2021.3.0-Linux-x86_64/src/backends/build/CMakeFiles/CMakeTmp

Run Build Command(s):/usr/bin/make cmTC_99770/fast && /usr/bin/make -f CMakeFiles/cmTC_99770.dir/build.make CMakeFiles/cmTC_99770.dir/build
make[1]: Entering directory '/home/membo/upmem-lib-membo/upmem-2021.3.0-Linux-x86_64/src/backends/build/CMakeFiles/CMakeTmp'
Building C object CMakeFiles/cmTC_99770.dir/src.c.o
/usr/bin/cc   -Wall -Werror -Wextra -std=gnu11  -DCXX_COMPILES_SSE4_2_2 -msse4.2   -o CMakeFiles/cmTC_99770.dir/src.c.o   -c /home/membo/upmem-lib-membo/upmem-2021.3.0-Linux-x86_64/src/backends/build/CMakeFiles/CMakeTmp/src.c
/home/membo/upmem-lib-membo/upmem-2021.3.0-Linux-x86_64/src/backends/build/CMakeFiles/CMakeTmp/src.c: In function ‘main’:
/home/membo/upmem-lib-membo/upmem-2021.3.0-Linux-x86_64/src/backends/build/CMakeFiles/CMakeTmp/src.c:5:22: error: excess elements in vector initializer [-Werror]
     __m128i a = {0,0,0,0}, b = {0,0,0,0}, c = {0,0,0,0};
                      ^
/home/membo/upmem-lib-membo/upmem-2021.3.0-Linux-x86_64/src/backends/build/CMakeFiles/CMakeTmp/src.c:5:22: note: (near initialization for ‘a’)
/home/membo/upmem-lib-membo/upmem-2021.3.0-Linux-x86_64/src/backends/build/CMakeFiles/CMakeTmp/src.c:5:24: error: excess elements in vector initializer [-Werror]
     __m128i a = {0,0,0,0}, b = {0,0,0,0}, c = {0,0,0,0};
                        ^
/home/membo/upmem-lib-membo/upmem-2021.3.0-Linux-x86_64/src/backends/build/CMakeFiles/CMakeTmp/src.c:5:24: note: (near initialization for ‘a’)
/home/membo/upmem-lib-membo/upmem-2021.3.0-Linux-x86_64/src/backends/build/CMakeFiles/CMakeTmp/src.c:5:37: error: excess elements in vector initializer [-Werror]
     __m128i a = {0,0,0,0}, b = {0,0,0,0}, c = {0,0,0,0};
                                     ^
/home/membo/upmem-lib-membo/upmem-2021.3.0-Linux-x86_64/src/backends/build/CMakeFiles/CMakeTmp/src.c:5:37: note: (near initialization for ‘b’)
/home/membo/upmem-lib-membo/upmem-2021.3.0-Linux-x86_64/src/backends/build/CMakeFiles/CMakeTmp/src.c:5:39: error: excess elements in vector initializer [-Werror]
     __m128i a = {0,0,0,0}, b = {0,0,0,0}, c = {0,0,0,0};
                                       ^
/home/membo/upmem-lib-membo/upmem-2021.3.0-Linux-x86_64/src/backends/build/CMakeFiles/CMakeTmp/src.c:5:39: note: (near initialization for ‘b’)
/home/membo/upmem-lib-membo/upmem-2021.3.0-Linux-x86_64/src/backends/build/CMakeFiles/CMakeTmp/src.c:5:52: error: excess elements in vector initializer [-Werror]
     __m128i a = {0,0,0,0}, b = {0,0,0,0}, c = {0,0,0,0};
                                                    ^
/home/membo/upmem-lib-membo/upmem-2021.3.0-Linux-x86_64/src/backends/build/CMakeFiles/CMakeTmp/src.c:5:52: note: (near initialization for ‘c’)
/home/membo/upmem-lib-membo/upmem-2021.3.0-Linux-x86_64/src/backends/build/CMakeFiles/CMakeTmp/src.c:5:54: error: excess elements in vector initializer [-Werror]
     __m128i a = {0,0,0,0}, b = {0,0,0,0}, c = {0,0,0,0};
                                                      ^
/home/membo/upmem-lib-membo/upmem-2021.3.0-Linux-x86_64/src/backends/build/CMakeFiles/CMakeTmp/src.c:5:54: note: (near initialization for ‘c’)
/home/membo/upmem-lib-membo/upmem-2021.3.0-Linux-x86_64/src/backends/build/CMakeFiles/CMakeTmp/src.c:5:43: error: variable ‘c’ set but not used [-Werror=unused-but-set-variable]
     __m128i a = {0,0,0,0}, b = {0,0,0,0}, c = {0,0,0,0};
                                           ^
cc1: all warnings being treated as errors
make[1]: *** [CMakeFiles/cmTC_99770.dir/build.make:66: CMakeFiles/cmTC_99770.dir/src.c.o] Error 1
make[1]: Leaving directory '/home/membo/upmem-lib-membo/upmem-2021.3.0-Linux-x86_64/src/backends/build/CMakeFiles/CMakeTmp'
make: *** [Makefile:121: cmTC_99770/fast] Error 2


Source file was:

  #include <nmmintrin.h>
  int main()
  {
    __m128i a = {0,0,0,0}, b = {0,0,0,0}, c = {0,0,0,0};
    c = _mm_cmpgt_epi64(a, b);
    return 0;
  }

Performing C SOURCE FILE Test CXX_HAS_SSE4_2_3 failed with the following compile output:
Change Dir: /home/membo/upmem-lib-membo/upmem-2021.3.0-Linux-x86_64/src/backends/build/CMakeFiles/CMakeTmp

Run Build Command(s):/usr/bin/make cmTC_1803d/fast && /usr/bin/make -f CMakeFiles/cmTC_1803d.dir/build.make CMakeFiles/cmTC_1803d.dir/build
make[1]: Entering directory '/home/membo/upmem-lib-membo/upmem-2021.3.0-Linux-x86_64/src/backends/build/CMakeFiles/CMakeTmp'
Building C object CMakeFiles/cmTC_1803d.dir/src.c.o
/usr/bin/cc   -Wall -Werror -Wextra -std=gnu11  -DCXX_HAS_SSE4_2_3 -msse4   -o CMakeFiles/cmTC_1803d.dir/src.c.o   -c /home/membo/upmem-lib-membo/upmem-2021.3.0-Linux-x86_64/src/backends/build/CMakeFiles/CMakeTmp/src.c
/home/membo/upmem-lib-membo/upmem-2021.3.0-Linux-x86_64/src/backends/build/CMakeFiles/CMakeTmp/src.c: In function ‘main’:
/home/membo/upmem-lib-membo/upmem-2021.3.0-Linux-x86_64/src/backends/build/CMakeFiles/CMakeTmp/src.c:5:22: error: excess elements in vector initializer [-Werror]
     __m128i a = {0,0,0,0}, b = {0,0,0,0}, c = {0,0,0,0};
                      ^
/home/membo/upmem-lib-membo/upmem-2021.3.0-Linux-x86_64/src/backends/build/CMakeFiles/CMakeTmp/src.c:5:22: note: (near initialization for ‘a’)
/home/membo/upmem-lib-membo/upmem-2021.3.0-Linux-x86_64/src/backends/build/CMakeFiles/CMakeTmp/src.c:5:24: error: excess elements in vector initializer [-Werror]
     __m128i a = {0,0,0,0}, b = {0,0,0,0}, c = {0,0,0,0};
                        ^
/home/membo/upmem-lib-membo/upmem-2021.3.0-Linux-x86_64/src/backends/build/CMakeFiles/CMakeTmp/src.c:5:24: note: (near initialization for ‘a’)
/home/membo/upmem-lib-membo/upmem-2021.3.0-Linux-x86_64/src/backends/build/CMakeFiles/CMakeTmp/src.c:5:37: error: excess elements in vector initializer [-Werror]
     __m128i a = {0,0,0,0}, b = {0,0,0,0}, c = {0,0,0,0};
                                     ^
/home/membo/upmem-lib-membo/upmem-2021.3.0-Linux-x86_64/src/backends/build/CMakeFiles/CMakeTmp/src.c:5:37: note: (near initialization for ‘b’)
/home/membo/upmem-lib-membo/upmem-2021.3.0-Linux-x86_64/src/backends/build/CMakeFiles/CMakeTmp/src.c:5:39: error: excess elements in vector initializer [-Werror]
     __m128i a = {0,0,0,0}, b = {0,0,0,0}, c = {0,0,0,0};
                                       ^
/home/membo/upmem-lib-membo/upmem-2021.3.0-Linux-x86_64/src/backends/build/CMakeFiles/CMakeTmp/src.c:5:39: note: (near initialization for ‘b’)
/home/membo/upmem-lib-membo/upmem-2021.3.0-Linux-x86_64/src/backends/build/CMakeFiles/CMakeTmp/src.c:5:52: error: excess elements in vector initializer [-Werror]
     __m128i a = {0,0,0,0}, b = {0,0,0,0}, c = {0,0,0,0};
                                                    ^
/home/membo/upmem-lib-membo/upmem-2021.3.0-Linux-x86_64/src/backends/build/CMakeFiles/CMakeTmp/src.c:5:52: note: (near initialization for ‘c’)
/home/membo/upmem-lib-membo/upmem-2021.3.0-Linux-x86_64/src/backends/build/CMakeFiles/CMakeTmp/src.c:5:54: error: excess elements in vector initializer [-Werror]
     __m128i a = {0,0,0,0}, b = {0,0,0,0}, c = {0,0,0,0};
                                                      ^
/home/membo/upmem-lib-membo/upmem-2021.3.0-Linux-x86_64/src/backends/build/CMakeFiles/CMakeTmp/src.c:5:54: note: (near initialization for ‘c’)
/home/membo/upmem-lib-membo/upmem-2021.3.0-Linux-x86_64/src/backends/build/CMakeFiles/CMakeTmp/src.c:5:43: error: variable ‘c’ set but not used [-Werror=unused-but-set-variable]
     __m128i a = {0,0,0,0}, b = {0,0,0,0}, c = {0,0,0,0};
                                           ^
cc1: all warnings being treated as errors
make[1]: *** [CMakeFiles/cmTC_1803d.dir/build.make:66: CMakeFiles/cmTC_1803d.dir/src.c.o] Error 1
make[1]: Leaving directory '/home/membo/upmem-lib-membo/upmem-2021.3.0-Linux-x86_64/src/backends/build/CMakeFiles/CMakeTmp'
make: *** [Makefile:121: cmTC_1803d/fast] Error 2


...and run output:

Return value: 1
Source file was:

  #include <nmmintrin.h>
  int main()
  {
    __m128i a = {0,0,0,0}, b = {0,0,0,0}, c = {0,0,0,0};
    c = _mm_cmpgt_epi64(a, b);
    return 0;
  }

Performing C SOURCE FILE Test CXX_COMPILES_SSE4_2_3 failed with the following output:
Change Dir: /home/membo/upmem-lib-membo/upmem-2021.3.0-Linux-x86_64/src/backends/build/CMakeFiles/CMakeTmp

Run Build Command(s):/usr/bin/make cmTC_693a4/fast && /usr/bin/make -f CMakeFiles/cmTC_693a4.dir/build.make CMakeFiles/cmTC_693a4.dir/build
make[1]: Entering directory '/home/membo/upmem-lib-membo/upmem-2021.3.0-Linux-x86_64/src/backends/build/CMakeFiles/CMakeTmp'
Building C object CMakeFiles/cmTC_693a4.dir/src.c.o
/usr/bin/cc   -Wall -Werror -Wextra -std=gnu11  -DCXX_COMPILES_SSE4_2_3 -msse4   -o CMakeFiles/cmTC_693a4.dir/src.c.o   -c /home/membo/upmem-lib-membo/upmem-2021.3.0-Linux-x86_64/src/backends/build/CMakeFiles/CMakeTmp/src.c
/home/membo/upmem-lib-membo/upmem-2021.3.0-Linux-x86_64/src/backends/build/CMakeFiles/CMakeTmp/src.c: In function ‘main’:
/home/membo/upmem-lib-membo/upmem-2021.3.0-Linux-x86_64/src/backends/build/CMakeFiles/CMakeTmp/src.c:5:22: error: excess elements in vector initializer [-Werror]
     __m128i a = {0,0,0,0}, b = {0,0,0,0}, c = {0,0,0,0};
                      ^
/home/membo/upmem-lib-membo/upmem-2021.3.0-Linux-x86_64/src/backends/build/CMakeFiles/CMakeTmp/src.c:5:22: note: (near initialization for ‘a’)
/home/membo/upmem-lib-membo/upmem-2021.3.0-Linux-x86_64/src/backends/build/CMakeFiles/CMakeTmp/src.c:5:24: error: excess elements in vector initializer [-Werror]
     __m128i a = {0,0,0,0}, b = {0,0,0,0}, c = {0,0,0,0};
                        ^
/home/membo/upmem-lib-membo/upmem-2021.3.0-Linux-x86_64/src/backends/build/CMakeFiles/CMakeTmp/src.c:5:24: note: (near initialization for ‘a’)
/home/membo/upmem-lib-membo/upmem-2021.3.0-Linux-x86_64/src/backends/build/CMakeFiles/CMakeTmp/src.c:5:37: error: excess elements in vector initializer [-Werror]
     __m128i a = {0,0,0,0}, b = {0,0,0,0}, c = {0,0,0,0};
                                     ^
/home/membo/upmem-lib-membo/upmem-2021.3.0-Linux-x86_64/src/backends/build/CMakeFiles/CMakeTmp/src.c:5:37: note: (near initialization for ‘b’)
/home/membo/upmem-lib-membo/upmem-2021.3.0-Linux-x86_64/src/backends/build/CMakeFiles/CMakeTmp/src.c:5:39: error: excess elements in vector initializer [-Werror]
     __m128i a = {0,0,0,0}, b = {0,0,0,0}, c = {0,0,0,0};
                                       ^
/home/membo/upmem-lib-membo/upmem-2021.3.0-Linux-x86_64/src/backends/build/CMakeFiles/CMakeTmp/src.c:5:39: note: (near initialization for ‘b’)
/home/membo/upmem-lib-membo/upmem-2021.3.0-Linux-x86_64/src/backends/build/CMakeFiles/CMakeTmp/src.c:5:52: error: excess elements in vector initializer [-Werror]
     __m128i a = {0,0,0,0}, b = {0,0,0,0}, c = {0,0,0,0};
                                                    ^
/home/membo/upmem-lib-membo/upmem-2021.3.0-Linux-x86_64/src/backends/build/CMakeFiles/CMakeTmp/src.c:5:52: note: (near initialization for ‘c’)
/home/membo/upmem-lib-membo/upmem-2021.3.0-Linux-x86_64/src/backends/build/CMakeFiles/CMakeTmp/src.c:5:54: error: excess elements in vector initializer [-Werror]
     __m128i a = {0,0,0,0}, b = {0,0,0,0}, c = {0,0,0,0};
                                                      ^
/home/membo/upmem-lib-membo/upmem-2021.3.0-Linux-x86_64/src/backends/build/CMakeFiles/CMakeTmp/src.c:5:54: note: (near initialization for ‘c’)
/home/membo/upmem-lib-membo/upmem-2021.3.0-Linux-x86_64/src/backends/build/CMakeFiles/CMakeTmp/src.c:5:43: error: variable ‘c’ set but not used [-Werror=unused-but-set-variable]
     __m128i a = {0,0,0,0}, b = {0,0,0,0}, c = {0,0,0,0};
                                           ^
cc1: all warnings being treated as errors
make[1]: *** [CMakeFiles/cmTC_693a4.dir/build.make:66: CMakeFiles/cmTC_693a4.dir/src.c.o] Error 1
make[1]: Leaving directory '/home/membo/upmem-lib-membo/upmem-2021.3.0-Linux-x86_64/src/backends/build/CMakeFiles/CMakeTmp'
make: *** [Makefile:121: cmTC_693a4/fast] Error 2


Source file was:

  #include <nmmintrin.h>
  int main()
  {
    __m128i a = {0,0,0,0}, b = {0,0,0,0}, c = {0,0,0,0};
    c = _mm_cmpgt_epi64(a, b);
    return 0;
  }

Performing C SOURCE FILE Test CXX_HAS_SSE4_2_4 failed with the following compile output:
Change Dir: /home/membo/upmem-lib-membo/upmem-2021.3.0-Linux-x86_64/src/backends/build/CMakeFiles/CMakeTmp

Run Build Command(s):/usr/bin/make cmTC_9ad67/fast && /usr/bin/make -f CMakeFiles/cmTC_9ad67.dir/build.make CMakeFiles/cmTC_9ad67.dir/build
make[1]: Entering directory '/home/membo/upmem-lib-membo/upmem-2021.3.0-Linux-x86_64/src/backends/build/CMakeFiles/CMakeTmp'
Building C object CMakeFiles/cmTC_9ad67.dir/src.c.o
/usr/bin/cc   -Wall -Werror -Wextra -std=gnu11  -DCXX_HAS_SSE4_2_4 /arch:SSE4   -o CMakeFiles/cmTC_9ad67.dir/src.c.o   -c /home/membo/upmem-lib-membo/upmem-2021.3.0-Linux-x86_64/src/backends/build/CMakeFiles/CMakeTmp/src.c
cc: error: /arch:SSE4: No such file or directory
make[1]: *** [CMakeFiles/cmTC_9ad67.dir/build.make:66: CMakeFiles/cmTC_9ad67.dir/src.c.o] Error 1
make[1]: Leaving directory '/home/membo/upmem-lib-membo/upmem-2021.3.0-Linux-x86_64/src/backends/build/CMakeFiles/CMakeTmp'
make: *** [Makefile:121: cmTC_9ad67/fast] Error 2


...and run output:

Return value: 1
Source file was:

  #include <nmmintrin.h>
  int main()
  {
    __m128i a = {0,0,0,0}, b = {0,0,0,0}, c = {0,0,0,0};
    c = _mm_cmpgt_epi64(a, b);
    return 0;
  }

Performing C SOURCE FILE Test CXX_COMPILES_SSE4_2_4 failed with the following output:
Change Dir: /home/membo/upmem-lib-membo/upmem-2021.3.0-Linux-x86_64/src/backends/build/CMakeFiles/CMakeTmp

Run Build Command(s):/usr/bin/make cmTC_0d8fd/fast && /usr/bin/make -f CMakeFiles/cmTC_0d8fd.dir/build.make CMakeFiles/cmTC_0d8fd.dir/build
make[1]: Entering directory '/home/membo/upmem-lib-membo/upmem-2021.3.0-Linux-x86_64/src/backends/build/CMakeFiles/CMakeTmp'
Building C object CMakeFiles/cmTC_0d8fd.dir/src.c.o
/usr/bin/cc   -Wall -Werror -Wextra -std=gnu11  -DCXX_COMPILES_SSE4_2_4 /arch:SSE4   -o CMakeFiles/cmTC_0d8fd.dir/src.c.o   -c /home/membo/upmem-lib-membo/upmem-2021.3.0-Linux-x86_64/src/backends/build/CMakeFiles/CMakeTmp/src.c
cc: error: /arch:SSE4: No such file or directory
make[1]: *** [CMakeFiles/cmTC_0d8fd.dir/build.make:66: CMakeFiles/cmTC_0d8fd.dir/src.c.o] Error 1
make[1]: Leaving directory '/home/membo/upmem-lib-membo/upmem-2021.3.0-Linux-x86_64/src/backends/build/CMakeFiles/CMakeTmp'
make: *** [Makefile:121: cmTC_0d8fd/fast] Error 2


Source file was:

  #include <nmmintrin.h>
  int main()
  {
    __m128i a = {0,0,0,0}, b = {0,0,0,0}, c = {0,0,0,0};
    c = _mm_cmpgt_epi64(a, b);
    return 0;
  }

Performing C SOURCE FILE Test CXX_HAS_AVX_1 failed with the following compile output:
Change Dir: /home/membo/upmem-lib-membo/upmem-2021.3.0-Linux-x86_64/src/backends/build/CMakeFiles/CMakeTmp

Run Build Command(s):/usr/bin/make cmTC_11567/fast && /usr/bin/make -f CMakeFiles/cmTC_11567.dir/build.make CMakeFiles/cmTC_11567.dir/build
make[1]: Entering directory '/home/membo/upmem-lib-membo/upmem-2021.3.0-Linux-x86_64/src/backends/build/CMakeFiles/CMakeTmp'
Building C object CMakeFiles/cmTC_11567.dir/src.c.o
/usr/bin/cc   -Wall -Werror -Wextra -std=gnu11  -DCXX_HAS_AVX_1   -o CMakeFiles/cmTC_11567.dir/src.c.o   -c /home/membo/upmem-lib-membo/upmem-2021.3.0-Linux-x86_64/src/backends/build/CMakeFiles/CMakeTmp/src.c
/home/membo/upmem-lib-membo/upmem-2021.3.0-Linux-x86_64/src/backends/build/CMakeFiles/CMakeTmp/src.c: In function ‘main’:
/home/membo/upmem-lib-membo/upmem-2021.3.0-Linux-x86_64/src/backends/build/CMakeFiles/CMakeTmp/src.c:5:12: error: variable ‘a’ set but not used [-Werror=unused-but-set-variable]
     __m256 a;
            ^
/home/membo/upmem-lib-membo/upmem-2021.3.0-Linux-x86_64/src/backends/build/CMakeFiles/CMakeTmp/src.c:6:7: error: AVX vector return without AVX enabled changes the ABI [-Werror=psabi]
     a = _mm256_set1_ps(0);
     ~~^~~~~~~~~~~~~~~~~~~
In file included from /usr/lib/gcc/x86_64-linux-gnu/8/include/immintrin.h:41,
                 from /home/membo/upmem-lib-membo/upmem-2021.3.0-Linux-x86_64/src/backends/build/CMakeFiles/CMakeTmp/src.c:2:
/usr/lib/gcc/x86_64-linux-gnu/8/include/avxintrin.h:1311:1: error: inlining failed in call to always_inline ‘_mm256_set1_ps’: target specific option mismatch
 _mm256_set1_ps (float __A)
 ^~~~~~~~~~~~~~
/home/membo/upmem-lib-membo/upmem-2021.3.0-Linux-x86_64/src/backends/build/CMakeFiles/CMakeTmp/src.c:6:9: note: called from here
     a = _mm256_set1_ps(0);
         ^~~~~~~~~~~~~~~~~
cc1: all warnings being treated as errors
make[1]: *** [CMakeFiles/cmTC_11567.dir/build.make:66: CMakeFiles/cmTC_11567.dir/src.c.o] Error 1
make[1]: Leaving directory '/home/membo/upmem-lib-membo/upmem-2021.3.0-Linux-x86_64/src/backends/build/CMakeFiles/CMakeTmp'
make: *** [Makefile:121: cmTC_11567/fast] Error 2


...and run output:

Return value: 1
Source file was:

  #include <immintrin.h>
  int main()
  {
    __m256 a;
    a = _mm256_set1_ps(0);
    return 0;
  }

Performing C SOURCE FILE Test CXX_COMPILES_AVX_1 failed with the following output:
Change Dir: /home/membo/upmem-lib-membo/upmem-2021.3.0-Linux-x86_64/src/backends/build/CMakeFiles/CMakeTmp

Run Build Command(s):/usr/bin/make cmTC_ec7b5/fast && /usr/bin/make -f CMakeFiles/cmTC_ec7b5.dir/build.make CMakeFiles/cmTC_ec7b5.dir/build
make[1]: Entering directory '/home/membo/upmem-lib-membo/upmem-2021.3.0-Linux-x86_64/src/backends/build/CMakeFiles/CMakeTmp'
Building C object CMakeFiles/cmTC_ec7b5.dir/src.c.o
/usr/bin/cc   -Wall -Werror -Wextra -std=gnu11  -DCXX_COMPILES_AVX_1   -o CMakeFiles/cmTC_ec7b5.dir/src.c.o   -c /home/membo/upmem-lib-membo/upmem-2021.3.0-Linux-x86_64/src/backends/build/CMakeFiles/CMakeTmp/src.c
/home/membo/upmem-lib-membo/upmem-2021.3.0-Linux-x86_64/src/backends/build/CMakeFiles/CMakeTmp/src.c: In function ‘main’:
/home/membo/upmem-lib-membo/upmem-2021.3.0-Linux-x86_64/src/backends/build/CMakeFiles/CMakeTmp/src.c:5:12: error: variable ‘a’ set but not used [-Werror=unused-but-set-variable]
     __m256 a;
            ^
/home/membo/upmem-lib-membo/upmem-2021.3.0-Linux-x86_64/src/backends/build/CMakeFiles/CMakeTmp/src.c:6:7: error: AVX vector return without AVX enabled changes the ABI [-Werror=psabi]
     a = _mm256_set1_ps(0);
     ~~^~~~~~~~~~~~~~~~~~~
In file included from /usr/lib/gcc/x86_64-linux-gnu/8/include/immintrin.h:41,
                 from /home/membo/upmem-lib-membo/upmem-2021.3.0-Linux-x86_64/src/backends/build/CMakeFiles/CMakeTmp/src.c:2:
/usr/lib/gcc/x86_64-linux-gnu/8/include/avxintrin.h:1311:1: error: inlining failed in call to always_inline ‘_mm256_set1_ps’: target specific option mismatch
 _mm256_set1_ps (float __A)
 ^~~~~~~~~~~~~~
/home/membo/upmem-lib-membo/upmem-2021.3.0-Linux-x86_64/src/backends/build/CMakeFiles/CMakeTmp/src.c:6:9: note: called from here
     a = _mm256_set1_ps(0);
         ^~~~~~~~~~~~~~~~~
cc1: all warnings being treated as errors
make[1]: *** [CMakeFiles/cmTC_ec7b5.dir/build.make:66: CMakeFiles/cmTC_ec7b5.dir/src.c.o] Error 1
make[1]: Leaving directory '/home/membo/upmem-lib-membo/upmem-2021.3.0-Linux-x86_64/src/backends/build/CMakeFiles/CMakeTmp'
make: *** [Makefile:121: cmTC_ec7b5/fast] Error 2


Source file was:

  #include <immintrin.h>
  int main()
  {
    __m256 a;
    a = _mm256_set1_ps(0);
    return 0;
  }

Performing C SOURCE FILE Test CXX_HAS_AVX_2 failed with the following compile output:
Change Dir: /home/membo/upmem-lib-membo/upmem-2021.3.0-Linux-x86_64/src/backends/build/CMakeFiles/CMakeTmp

Run Build Command(s):/usr/bin/make cmTC_509d1/fast && /usr/bin/make -f CMakeFiles/cmTC_509d1.dir/build.make CMakeFiles/cmTC_509d1.dir/build
make[1]: Entering directory '/home/membo/upmem-lib-membo/upmem-2021.3.0-Linux-x86_64/src/backends/build/CMakeFiles/CMakeTmp'
Building C object CMakeFiles/cmTC_509d1.dir/src.c.o
/usr/bin/cc   -Wall -Werror -Wextra -std=gnu11  -DCXX_HAS_AVX_2 -mavx   -o CMakeFiles/cmTC_509d1.dir/src.c.o   -c /home/membo/upmem-lib-membo/upmem-2021.3.0-Linux-x86_64/src/backends/build/CMakeFiles/CMakeTmp/src.c
/home/membo/upmem-lib-membo/upmem-2021.3.0-Linux-x86_64/src/backends/build/CMakeFiles/CMakeTmp/src.c: In function ‘main’:
/home/membo/upmem-lib-membo/upmem-2021.3.0-Linux-x86_64/src/backends/build/CMakeFiles/CMakeTmp/src.c:5:12: error: variable ‘a’ set but not used [-Werror=unused-but-set-variable]
     __m256 a;
            ^
cc1: all warnings being treated as errors
make[1]: *** [CMakeFiles/cmTC_509d1.dir/build.make:66: CMakeFiles/cmTC_509d1.dir/src.c.o] Error 1
make[1]: Leaving directory '/home/membo/upmem-lib-membo/upmem-2021.3.0-Linux-x86_64/src/backends/build/CMakeFiles/CMakeTmp'
make: *** [Makefile:121: cmTC_509d1/fast] Error 2


...and run output:

Return value: 1
Source file was:

  #include <immintrin.h>
  int main()
  {
    __m256 a;
    a = _mm256_set1_ps(0);
    return 0;
  }

Performing C SOURCE FILE Test CXX_COMPILES_AVX_2 failed with the following output:
Change Dir: /home/membo/upmem-lib-membo/upmem-2021.3.0-Linux-x86_64/src/backends/build/CMakeFiles/CMakeTmp

Run Build Command(s):/usr/bin/make cmTC_7db0e/fast && /usr/bin/make -f CMakeFiles/cmTC_7db0e.dir/build.make CMakeFiles/cmTC_7db0e.dir/build
make[1]: Entering directory '/home/membo/upmem-lib-membo/upmem-2021.3.0-Linux-x86_64/src/backends/build/CMakeFiles/CMakeTmp'
Building C object CMakeFiles/cmTC_7db0e.dir/src.c.o
/usr/bin/cc   -Wall -Werror -Wextra -std=gnu11  -DCXX_COMPILES_AVX_2 -mavx   -o CMakeFiles/cmTC_7db0e.dir/src.c.o   -c /home/membo/upmem-lib-membo/upmem-2021.3.0-Linux-x86_64/src/backends/build/CMakeFiles/CMakeTmp/src.c
/home/membo/upmem-lib-membo/upmem-2021.3.0-Linux-x86_64/src/backends/build/CMakeFiles/CMakeTmp/src.c: In function ‘main’:
/home/membo/upmem-lib-membo/upmem-2021.3.0-Linux-x86_64/src/backends/build/CMakeFiles/CMakeTmp/src.c:5:12: error: variable ‘a’ set but not used [-Werror=unused-but-set-variable]
     __m256 a;
            ^
cc1: all warnings being treated as errors
make[1]: *** [CMakeFiles/cmTC_7db0e.dir/build.make:66: CMakeFiles/cmTC_7db0e.dir/src.c.o] Error 1
make[1]: Leaving directory '/home/membo/upmem-lib-membo/upmem-2021.3.0-Linux-x86_64/src/backends/build/CMakeFiles/CMakeTmp'
make: *** [Makefile:121: cmTC_7db0e/fast] Error 2


Source file was:

  #include <immintrin.h>
  int main()
  {
    __m256 a;
    a = _mm256_set1_ps(0);
    return 0;
  }

Performing C SOURCE FILE Test CXX_HAS_AVX_3 failed with the following compile output:
Change Dir: /home/membo/upmem-lib-membo/upmem-2021.3.0-Linux-x86_64/src/backends/build/CMakeFiles/CMakeTmp

Run Build Command(s):/usr/bin/make cmTC_021e9/fast && /usr/bin/make -f CMakeFiles/cmTC_021e9.dir/build.make CMakeFiles/cmTC_021e9.dir/build
make[1]: Entering directory '/home/membo/upmem-lib-membo/upmem-2021.3.0-Linux-x86_64/src/backends/build/CMakeFiles/CMakeTmp'
Building C object CMakeFiles/cmTC_021e9.dir/src.c.o
/usr/bin/cc   -Wall -Werror -Wextra -std=gnu11  -DCXX_HAS_AVX_3 /arch:AVX   -o CMakeFiles/cmTC_021e9.dir/src.c.o   -c /home/membo/upmem-lib-membo/upmem-2021.3.0-Linux-x86_64/src/backends/build/CMakeFiles/CMakeTmp/src.c
cc: error: /arch:AVX: No such file or directory
make[1]: *** [CMakeFiles/cmTC_021e9.dir/build.make:66: CMakeFiles/cmTC_021e9.dir/src.c.o] Error 1
make[1]: Leaving directory '/home/membo/upmem-lib-membo/upmem-2021.3.0-Linux-x86_64/src/backends/build/CMakeFiles/CMakeTmp'
make: *** [Makefile:121: cmTC_021e9/fast] Error 2


...and run output:

Return value: 1
Source file was:

  #include <immintrin.h>
  int main()
  {
    __m256 a;
    a = _mm256_set1_ps(0);
    return 0;
  }

Performing C SOURCE FILE Test CXX_COMPILES_AVX_3 failed with the following output:
Change Dir: /home/membo/upmem-lib-membo/upmem-2021.3.0-Linux-x86_64/src/backends/build/CMakeFiles/CMakeTmp

Run Build Command(s):/usr/bin/make cmTC_9720b/fast && /usr/bin/make -f CMakeFiles/cmTC_9720b.dir/build.make CMakeFiles/cmTC_9720b.dir/build
make[1]: Entering directory '/home/membo/upmem-lib-membo/upmem-2021.3.0-Linux-x86_64/src/backends/build/CMakeFiles/CMakeTmp'
Building C object CMakeFiles/cmTC_9720b.dir/src.c.o
/usr/bin/cc   -Wall -Werror -Wextra -std=gnu11  -DCXX_COMPILES_AVX_3 /arch:AVX   -o CMakeFiles/cmTC_9720b.dir/src.c.o   -c /home/membo/upmem-lib-membo/upmem-2021.3.0-Linux-x86_64/src/backends/build/CMakeFiles/CMakeTmp/src.c
cc: error: /arch:AVX: No such file or directory
make[1]: *** [CMakeFiles/cmTC_9720b.dir/build.make:66: CMakeFiles/cmTC_9720b.dir/src.c.o] Error 1
make[1]: Leaving directory '/home/membo/upmem-lib-membo/upmem-2021.3.0-Linux-x86_64/src/backends/build/CMakeFiles/CMakeTmp'
make: *** [Makefile:121: cmTC_9720b/fast] Error 2


Source file was:

  #include <immintrin.h>
  int main()
  {
    __m256 a;
    a = _mm256_set1_ps(0);
    return 0;
  }

Performing C SOURCE FILE Test CXX_HAS_AVX2_1 failed with the following compile output:
Change Dir: /home/membo/upmem-lib-membo/upmem-2021.3.0-Linux-x86_64/src/backends/build/CMakeFiles/CMakeTmp

Run Build Command(s):/usr/bin/make cmTC_bd760/fast && /usr/bin/make -f CMakeFiles/cmTC_bd760.dir/build.make CMakeFiles/cmTC_bd760.dir/build
make[1]: Entering directory '/home/membo/upmem-lib-membo/upmem-2021.3.0-Linux-x86_64/src/backends/build/CMakeFiles/CMakeTmp'
Building C object CMakeFiles/cmTC_bd760.dir/src.c.o
/usr/bin/cc   -Wall -Werror -Wextra -std=gnu11  -DCXX_HAS_AVX2_1   -o CMakeFiles/cmTC_bd760.dir/src.c.o   -c /home/membo/upmem-lib-membo/upmem-2021.3.0-Linux-x86_64/src/backends/build/CMakeFiles/CMakeTmp/src.c
/home/membo/upmem-lib-membo/upmem-2021.3.0-Linux-x86_64/src/backends/build/CMakeFiles/CMakeTmp/src.c: In function ‘main’:
/home/membo/upmem-lib-membo/upmem-2021.3.0-Linux-x86_64/src/backends/build/CMakeFiles/CMakeTmp/src.c:6:7: error: AVX vector return without AVX enabled changes the ABI [-Werror=psabi]
     a = _mm256_abs_epi16(a);
     ~~^~~~~~~~~~~~~~~~~~~~~
In file included from /usr/lib/gcc/x86_64-linux-gnu/8/include/immintrin.h:43,
                 from /home/membo/upmem-lib-membo/upmem-2021.3.0-Linux-x86_64/src/backends/build/CMakeFiles/CMakeTmp/src.c:2:
/usr/lib/gcc/x86_64-linux-gnu/8/include/avx2intrin.h:63:1: error: inlining failed in call to always_inline ‘_mm256_abs_epi16’: target specific option mismatch
 _mm256_abs_epi16 (__m256i __A)
 ^~~~~~~~~~~~~~~~
/home/membo/upmem-lib-membo/upmem-2021.3.0-Linux-x86_64/src/backends/build/CMakeFiles/CMakeTmp/src.c:6:9: note: called from here
     a = _mm256_abs_epi16(a);
         ^~~~~~~~~~~~~~~~~~~
cc1: all warnings being treated as errors
make[1]: *** [CMakeFiles/cmTC_bd760.dir/build.make:66: CMakeFiles/cmTC_bd760.dir/src.c.o] Error 1
make[1]: Leaving directory '/home/membo/upmem-lib-membo/upmem-2021.3.0-Linux-x86_64/src/backends/build/CMakeFiles/CMakeTmp'
make: *** [Makefile:121: cmTC_bd760/fast] Error 2


...and run output:

Return value: 1
Source file was:

  #include <immintrin.h>
  int main()
  {
    __m256i a = {0};
    a = _mm256_abs_epi16(a);
    return 0;
  }

Performing C SOURCE FILE Test CXX_COMPILES_AVX2_1 failed with the following output:
Change Dir: /home/membo/upmem-lib-membo/upmem-2021.3.0-Linux-x86_64/src/backends/build/CMakeFiles/CMakeTmp

Run Build Command(s):/usr/bin/make cmTC_0639d/fast && /usr/bin/make -f CMakeFiles/cmTC_0639d.dir/build.make CMakeFiles/cmTC_0639d.dir/build
make[1]: Entering directory '/home/membo/upmem-lib-membo/upmem-2021.3.0-Linux-x86_64/src/backends/build/CMakeFiles/CMakeTmp'
Building C object CMakeFiles/cmTC_0639d.dir/src.c.o
/usr/bin/cc   -Wall -Werror -Wextra -std=gnu11  -DCXX_COMPILES_AVX2_1   -o CMakeFiles/cmTC_0639d.dir/src.c.o   -c /home/membo/upmem-lib-membo/upmem-2021.3.0-Linux-x86_64/src/backends/build/CMakeFiles/CMakeTmp/src.c
/home/membo/upmem-lib-membo/upmem-2021.3.0-Linux-x86_64/src/backends/build/CMakeFiles/CMakeTmp/src.c: In function ‘main’:
/home/membo/upmem-lib-membo/upmem-2021.3.0-Linux-x86_64/src/backends/build/CMakeFiles/CMakeTmp/src.c:6:7: error: AVX vector return without AVX enabled changes the ABI [-Werror=psabi]
     a = _mm256_abs_epi16(a);
     ~~^~~~~~~~~~~~~~~~~~~~~
In file included from /usr/lib/gcc/x86_64-linux-gnu/8/include/immintrin.h:43,
                 from /home/membo/upmem-lib-membo/upmem-2021.3.0-Linux-x86_64/src/backends/build/CMakeFiles/CMakeTmp/src.c:2:
/usr/lib/gcc/x86_64-linux-gnu/8/include/avx2intrin.h:63:1: error: inlining failed in call to always_inline ‘_mm256_abs_epi16’: target specific option mismatch
 _mm256_abs_epi16 (__m256i __A)
 ^~~~~~~~~~~~~~~~
/home/membo/upmem-lib-membo/upmem-2021.3.0-Linux-x86_64/src/backends/build/CMakeFiles/CMakeTmp/src.c:6:9: note: called from here
     a = _mm256_abs_epi16(a);
         ^~~~~~~~~~~~~~~~~~~
cc1: all warnings being treated as errors
make[1]: *** [CMakeFiles/cmTC_0639d.dir/build.make:66: CMakeFiles/cmTC_0639d.dir/src.c.o] Error 1
make[1]: Leaving directory '/home/membo/upmem-lib-membo/upmem-2021.3.0-Linux-x86_64/src/backends/build/CMakeFiles/CMakeTmp'
make: *** [Makefile:121: cmTC_0639d/fast] Error 2


Source file was:

  #include <immintrin.h>
  int main()
  {
    __m256i a = {0};
    a = _mm256_abs_epi16(a);
    return 0;
  }

Performing C SOURCE FILE Test CXX_HAS_AVX512F_1 failed with the following compile output:
Change Dir: /home/membo/upmem-lib-membo/upmem-2021.3.0-Linux-x86_64/src/backends/build/CMakeFiles/CMakeTmp

Run Build Command(s):/usr/bin/make cmTC_09923/fast && /usr/bin/make -f CMakeFiles/cmTC_09923.dir/build.make CMakeFiles/cmTC_09923.dir/build
make[1]: Entering directory '/home/membo/upmem-lib-membo/upmem-2021.3.0-Linux-x86_64/src/backends/build/CMakeFiles/CMakeTmp'
Building C object CMakeFiles/cmTC_09923.dir/src.c.o
/usr/bin/cc   -Wall -Werror -Wextra -std=gnu11  -DCXX_HAS_AVX512F_1   -o CMakeFiles/cmTC_09923.dir/src.c.o   -c /home/membo/upmem-lib-membo/upmem-2021.3.0-Linux-x86_64/src/backends/build/CMakeFiles/CMakeTmp/src.c
/home/membo/upmem-lib-membo/upmem-2021.3.0-Linux-x86_64/src/backends/build/CMakeFiles/CMakeTmp/src.c: In function ‘main’:
/home/membo/upmem-lib-membo/upmem-2021.3.0-Linux-x86_64/src/backends/build/CMakeFiles/CMakeTmp/src.c:5:12: error: AVX512F vector return without AVX512F enabled changes the ABI [-Werror=psabi]
     __m512 a = _mm512_set1_ps(1.f);
            ^
In file included from /usr/lib/gcc/x86_64-linux-gnu/8/include/immintrin.h:45,
                 from /home/membo/upmem-lib-membo/upmem-2021.3.0-Linux-x86_64/src/backends/build/CMakeFiles/CMakeTmp/src.c:2:
/usr/lib/gcc/x86_64-linux-gnu/8/include/avx512fintrin.h:11534:1: error: inlining failed in call to always_inline ‘_mm512_add_ps’: target specific option mismatch
 _mm512_add_ps (__m512 __A, __m512 __B)
 ^~~~~~~~~~~~~
/home/membo/upmem-lib-membo/upmem-2021.3.0-Linux-x86_64/src/backends/build/CMakeFiles/CMakeTmp/src.c:6:9: note: called from here
     a = _mm512_add_ps(a, _mm512_set1_ps(1.f));;
         ^~~~~~~~~~~~~~~~~~~~~~~~~~~~~~~~~~~~~
In file included from /usr/lib/gcc/x86_64-linux-gnu/8/include/immintrin.h:45,
                 from /home/membo/upmem-lib-membo/upmem-2021.3.0-Linux-x86_64/src/backends/build/CMakeFiles/CMakeTmp/src.c:2:
/usr/lib/gcc/x86_64-linux-gnu/8/include/avx512fintrin.h:201:1: error: inlining failed in call to always_inline ‘_mm512_set1_ps’: target specific option mismatch
 _mm512_set1_ps (float __A)
 ^~~~~~~~~~~~~~
/home/membo/upmem-lib-membo/upmem-2021.3.0-Linux-x86_64/src/backends/build/CMakeFiles/CMakeTmp/src.c:6:9: note: called from here
     a = _mm512_add_ps(a, _mm512_set1_ps(1.f));;
         ^~~~~~~~~~~~~~~~~~~~~~~~~~~~~~~~~~~~~
In file included from /usr/lib/gcc/x86_64-linux-gnu/8/include/immintrin.h:45,
                 from /home/membo/upmem-lib-membo/upmem-2021.3.0-Linux-x86_64/src/backends/build/CMakeFiles/CMakeTmp/src.c:2:
/usr/lib/gcc/x86_64-linux-gnu/8/include/avx512fintrin.h:201:1: error: inlining failed in call to always_inline ‘_mm512_set1_ps’: target specific option mismatch
 _mm512_set1_ps (float __A)
 ^~~~~~~~~~~~~~
/home/membo/upmem-lib-membo/upmem-2021.3.0-Linux-x86_64/src/backends/build/CMakeFiles/CMakeTmp/src.c:5:16: note: called from here
     __m512 a = _mm512_set1_ps(1.f);
                ^~~~~~~~~~~~~~~~~~~
cc1: all warnings being treated as errors
make[1]: *** [CMakeFiles/cmTC_09923.dir/build.make:66: CMakeFiles/cmTC_09923.dir/src.c.o] Error 1
make[1]: Leaving directory '/home/membo/upmem-lib-membo/upmem-2021.3.0-Linux-x86_64/src/backends/build/CMakeFiles/CMakeTmp'
make: *** [Makefile:121: cmTC_09923/fast] Error 2


...and run output:

Return value: 1
Source file was:

  #include <immintrin.h>
  int main()
  {
    __m512 a = _mm512_set1_ps(1.f);
    a = _mm512_add_ps(a, _mm512_set1_ps(1.f));;
    return 0;
  }

Performing C SOURCE FILE Test CXX_COMPILES_AVX512F_1 failed with the following output:
Change Dir: /home/membo/upmem-lib-membo/upmem-2021.3.0-Linux-x86_64/src/backends/build/CMakeFiles/CMakeTmp

Run Build Command(s):/usr/bin/make cmTC_96b02/fast && /usr/bin/make -f CMakeFiles/cmTC_96b02.dir/build.make CMakeFiles/cmTC_96b02.dir/build
make[1]: Entering directory '/home/membo/upmem-lib-membo/upmem-2021.3.0-Linux-x86_64/src/backends/build/CMakeFiles/CMakeTmp'
Building C object CMakeFiles/cmTC_96b02.dir/src.c.o
/usr/bin/cc   -Wall -Werror -Wextra -std=gnu11  -DCXX_COMPILES_AVX512F_1   -o CMakeFiles/cmTC_96b02.dir/src.c.o   -c /home/membo/upmem-lib-membo/upmem-2021.3.0-Linux-x86_64/src/backends/build/CMakeFiles/CMakeTmp/src.c
/home/membo/upmem-lib-membo/upmem-2021.3.0-Linux-x86_64/src/backends/build/CMakeFiles/CMakeTmp/src.c: In function ‘main’:
/home/membo/upmem-lib-membo/upmem-2021.3.0-Linux-x86_64/src/backends/build/CMakeFiles/CMakeTmp/src.c:5:12: error: AVX512F vector return without AVX512F enabled changes the ABI [-Werror=psabi]
     __m512 a = _mm512_set1_ps(1.f);
            ^
In file included from /usr/lib/gcc/x86_64-linux-gnu/8/include/immintrin.h:45,
                 from /home/membo/upmem-lib-membo/upmem-2021.3.0-Linux-x86_64/src/backends/build/CMakeFiles/CMakeTmp/src.c:2:
/usr/lib/gcc/x86_64-linux-gnu/8/include/avx512fintrin.h:11534:1: error: inlining failed in call to always_inline ‘_mm512_add_ps’: target specific option mismatch
 _mm512_add_ps (__m512 __A, __m512 __B)
 ^~~~~~~~~~~~~
/home/membo/upmem-lib-membo/upmem-2021.3.0-Linux-x86_64/src/backends/build/CMakeFiles/CMakeTmp/src.c:6:9: note: called from here
     a = _mm512_add_ps(a, _mm512_set1_ps(1.f));;
         ^~~~~~~~~~~~~~~~~~~~~~~~~~~~~~~~~~~~~
In file included from /usr/lib/gcc/x86_64-linux-gnu/8/include/immintrin.h:45,
                 from /home/membo/upmem-lib-membo/upmem-2021.3.0-Linux-x86_64/src/backends/build/CMakeFiles/CMakeTmp/src.c:2:
/usr/lib/gcc/x86_64-linux-gnu/8/include/avx512fintrin.h:201:1: error: inlining failed in call to always_inline ‘_mm512_set1_ps’: target specific option mismatch
 _mm512_set1_ps (float __A)
 ^~~~~~~~~~~~~~
/home/membo/upmem-lib-membo/upmem-2021.3.0-Linux-x86_64/src/backends/build/CMakeFiles/CMakeTmp/src.c:6:9: note: called from here
     a = _mm512_add_ps(a, _mm512_set1_ps(1.f));;
         ^~~~~~~~~~~~~~~~~~~~~~~~~~~~~~~~~~~~~
In file included from /usr/lib/gcc/x86_64-linux-gnu/8/include/immintrin.h:45,
                 from /home/membo/upmem-lib-membo/upmem-2021.3.0-Linux-x86_64/src/backends/build/CMakeFiles/CMakeTmp/src.c:2:
/usr/lib/gcc/x86_64-linux-gnu/8/include/avx512fintrin.h:201:1: error: inlining failed in call to always_inline ‘_mm512_set1_ps’: target specific option mismatch
 _mm512_set1_ps (float __A)
 ^~~~~~~~~~~~~~
/home/membo/upmem-lib-membo/upmem-2021.3.0-Linux-x86_64/src/backends/build/CMakeFiles/CMakeTmp/src.c:5:16: note: called from here
     __m512 a = _mm512_set1_ps(1.f);
                ^~~~~~~~~~~~~~~~~~~
cc1: all warnings being treated as errors
make[1]: *** [CMakeFiles/cmTC_96b02.dir/build.make:66: CMakeFiles/cmTC_96b02.dir/src.c.o] Error 1
make[1]: Leaving directory '/home/membo/upmem-lib-membo/upmem-2021.3.0-Linux-x86_64/src/backends/build/CMakeFiles/CMakeTmp'
make: *** [Makefile:121: cmTC_96b02/fast] Error 2


Source file was:

  #include <immintrin.h>
  int main()
  {
    __m512 a = _mm512_set1_ps(1.f);
    a = _mm512_add_ps(a, _mm512_set1_ps(1.f));;
    return 0;
  }

Performing C SOURCE FILE Test CXX_HAS_AVX512BW_1 failed with the following compile output:
Change Dir: /home/membo/upmem-lib-membo/upmem-2021.3.0-Linux-x86_64/src/backends/build/CMakeFiles/CMakeTmp

Run Build Command(s):/usr/bin/make cmTC_ccaaa/fast && /usr/bin/make -f CMakeFiles/cmTC_ccaaa.dir/build.make CMakeFiles/cmTC_ccaaa.dir/build
make[1]: Entering directory '/home/membo/upmem-lib-membo/upmem-2021.3.0-Linux-x86_64/src/backends/build/CMakeFiles/CMakeTmp'
Building C object CMakeFiles/cmTC_ccaaa.dir/src.c.o
/usr/bin/cc   -Wall -Werror -Wextra -std=gnu11  -DCXX_HAS_AVX512BW_1   -o CMakeFiles/cmTC_ccaaa.dir/src.c.o   -c /home/membo/upmem-lib-membo/upmem-2021.3.0-Linux-x86_64/src/backends/build/CMakeFiles/CMakeTmp/src.c
/home/membo/upmem-lib-membo/upmem-2021.3.0-Linux-x86_64/src/backends/build/CMakeFiles/CMakeTmp/src.c: In function ‘main’:
/home/membo/upmem-lib-membo/upmem-2021.3.0-Linux-x86_64/src/backends/build/CMakeFiles/CMakeTmp/src.c:5:13: error: AVX512F vector return without AVX512F enabled changes the ABI [-Werror=psabi]
     __m512i mask = _mm512_set_epi64(0, 0, 0, 0, 0, 0, 0, 0);
             ^~~~
In file included from /usr/lib/gcc/x86_64-linux-gnu/8/include/immintrin.h:55,
                 from /home/membo/upmem-lib-membo/upmem-2021.3.0-Linux-x86_64/src/backends/build/CMakeFiles/CMakeTmp/src.c:2:
/usr/lib/gcc/x86_64-linux-gnu/8/include/avx512bwintrin.h:1852:1: error: inlining failed in call to always_inline ‘_mm512_shuffle_epi8’: target specific option mismatch
 _mm512_shuffle_epi8 (__m512i __A, __m512i __B)
 ^~~~~~~~~~~~~~~~~~~
/home/membo/upmem-lib-membo/upmem-2021.3.0-Linux-x86_64/src/backends/build/CMakeFiles/CMakeTmp/src.c:7:12: note: called from here
     load = _mm512_shuffle_epi8(load, mask);
            ^~~~~~~~~~~~~~~~~~~~~~~~~~~~~~~
In file included from /usr/lib/gcc/x86_64-linux-gnu/8/include/immintrin.h:45,
                 from /home/membo/upmem-lib-membo/upmem-2021.3.0-Linux-x86_64/src/backends/build/CMakeFiles/CMakeTmp/src.c:2:
/usr/lib/gcc/x86_64-linux-gnu/8/include/avx512fintrin.h:79:1: error: inlining failed in call to always_inline ‘_mm512_set_epi64’: target specific option mismatch
 _mm512_set_epi64 (long long __A, long long __B, long long __C,
 ^~~~~~~~~~~~~~~~
/home/membo/upmem-lib-membo/upmem-2021.3.0-Linux-x86_64/src/backends/build/CMakeFiles/CMakeTmp/src.c:5:20: note: called from here
     __m512i mask = _mm512_set_epi64(0, 0, 0, 0, 0, 0, 0, 0);
                    ^~~~~~~~~~~~~~~~~~~~~~~~~~~~~~~~~~~~~~~~
cc1: all warnings being treated as errors
make[1]: *** [CMakeFiles/cmTC_ccaaa.dir/build.make:66: CMakeFiles/cmTC_ccaaa.dir/src.c.o] Error 1
make[1]: Leaving directory '/home/membo/upmem-lib-membo/upmem-2021.3.0-Linux-x86_64/src/backends/build/CMakeFiles/CMakeTmp'
make: *** [Makefile:121: cmTC_ccaaa/fast] Error 2


...and run output:

Return value: 1
Source file was:

  #include <immintrin.h>
  int main()
  {
    __m512i mask = _mm512_set_epi64(0, 0, 0, 0, 0, 0, 0, 0);
    __m512i load = {0};
    load = _mm512_shuffle_epi8(load, mask);
    return 0;
  }

Performing C SOURCE FILE Test CXX_COMPILES_AVX512BW_1 failed with the following output:
Change Dir: /home/membo/upmem-lib-membo/upmem-2021.3.0-Linux-x86_64/src/backends/build/CMakeFiles/CMakeTmp

Run Build Command(s):/usr/bin/make cmTC_d449c/fast && /usr/bin/make -f CMakeFiles/cmTC_d449c.dir/build.make CMakeFiles/cmTC_d449c.dir/build
make[1]: Entering directory '/home/membo/upmem-lib-membo/upmem-2021.3.0-Linux-x86_64/src/backends/build/CMakeFiles/CMakeTmp'
Building C object CMakeFiles/cmTC_d449c.dir/src.c.o
/usr/bin/cc   -Wall -Werror -Wextra -std=gnu11  -DCXX_COMPILES_AVX512BW_1   -o CMakeFiles/cmTC_d449c.dir/src.c.o   -c /home/membo/upmem-lib-membo/upmem-2021.3.0-Linux-x86_64/src/backends/build/CMakeFiles/CMakeTmp/src.c
/home/membo/upmem-lib-membo/upmem-2021.3.0-Linux-x86_64/src/backends/build/CMakeFiles/CMakeTmp/src.c: In function ‘main’:
/home/membo/upmem-lib-membo/upmem-2021.3.0-Linux-x86_64/src/backends/build/CMakeFiles/CMakeTmp/src.c:5:13: error: AVX512F vector return without AVX512F enabled changes the ABI [-Werror=psabi]
     __m512i mask = _mm512_set_epi64(0, 0, 0, 0, 0, 0, 0, 0);
             ^~~~
In file included from /usr/lib/gcc/x86_64-linux-gnu/8/include/immintrin.h:55,
                 from /home/membo/upmem-lib-membo/upmem-2021.3.0-Linux-x86_64/src/backends/build/CMakeFiles/CMakeTmp/src.c:2:
/usr/lib/gcc/x86_64-linux-gnu/8/include/avx512bwintrin.h:1852:1: error: inlining failed in call to always_inline ‘_mm512_shuffle_epi8’: target specific option mismatch
 _mm512_shuffle_epi8 (__m512i __A, __m512i __B)
 ^~~~~~~~~~~~~~~~~~~
/home/membo/upmem-lib-membo/upmem-2021.3.0-Linux-x86_64/src/backends/build/CMakeFiles/CMakeTmp/src.c:7:12: note: called from here
     load = _mm512_shuffle_epi8(load, mask);
            ^~~~~~~~~~~~~~~~~~~~~~~~~~~~~~~
In file included from /usr/lib/gcc/x86_64-linux-gnu/8/include/immintrin.h:45,
                 from /home/membo/upmem-lib-membo/upmem-2021.3.0-Linux-x86_64/src/backends/build/CMakeFiles/CMakeTmp/src.c:2:
/usr/lib/gcc/x86_64-linux-gnu/8/include/avx512fintrin.h:79:1: error: inlining failed in call to always_inline ‘_mm512_set_epi64’: target specific option mismatch
 _mm512_set_epi64 (long long __A, long long __B, long long __C,
 ^~~~~~~~~~~~~~~~
/home/membo/upmem-lib-membo/upmem-2021.3.0-Linux-x86_64/src/backends/build/CMakeFiles/CMakeTmp/src.c:5:20: note: called from here
     __m512i mask = _mm512_set_epi64(0, 0, 0, 0, 0, 0, 0, 0);
                    ^~~~~~~~~~~~~~~~~~~~~~~~~~~~~~~~~~~~~~~~
cc1: all warnings being treated as errors
make[1]: *** [CMakeFiles/cmTC_d449c.dir/build.make:66: CMakeFiles/cmTC_d449c.dir/src.c.o] Error 1
make[1]: Leaving directory '/home/membo/upmem-lib-membo/upmem-2021.3.0-Linux-x86_64/src/backends/build/CMakeFiles/CMakeTmp'
make: *** [Makefile:121: cmTC_d449c/fast] Error 2


Source file was:

  #include <immintrin.h>
  int main()
  {
    __m512i mask = _mm512_set_epi64(0, 0, 0, 0, 0, 0, 0, 0);
    __m512i load = {0};
    load = _mm512_shuffle_epi8(load, mask);
    return 0;
  }

Performing C SOURCE FILE Test CXX_HAS_CLFLUSHOPT_1 failed with the following compile output:
Change Dir: /home/membo/upmem-lib-membo/upmem-2021.3.0-Linux-x86_64/src/backends/build/CMakeFiles/CMakeTmp

Run Build Command(s):/usr/bin/make cmTC_e8e2e/fast && /usr/bin/make -f CMakeFiles/cmTC_e8e2e.dir/build.make CMakeFiles/cmTC_e8e2e.dir/build
make[1]: Entering directory '/home/membo/upmem-lib-membo/upmem-2021.3.0-Linux-x86_64/src/backends/build/CMakeFiles/CMakeTmp'
Building C object CMakeFiles/cmTC_e8e2e.dir/src.c.o
/usr/bin/cc   -Wall -Werror -Wextra -std=gnu11  -DCXX_HAS_CLFLUSHOPT_1   -o CMakeFiles/cmTC_e8e2e.dir/src.c.o   -c /home/membo/upmem-lib-membo/upmem-2021.3.0-Linux-x86_64/src/backends/build/CMakeFiles/CMakeTmp/src.c
/home/membo/upmem-lib-membo/upmem-2021.3.0-Linux-x86_64/src/backends/build/CMakeFiles/CMakeTmp/src.c: In function ‘main’:
/home/membo/upmem-lib-membo/upmem-2021.3.0-Linux-x86_64/src/backends/build/CMakeFiles/CMakeTmp/src.c:6:5: error: implicit declaration of function ‘__builtin_ia32_clflushopt’; did you mean ‘__builtin_ia32_clflush’? [-Werror=implicit-function-declaration]
     __builtin_ia32_clflushopt(&flush);
     ^~~~~~~~~~~~~~~~~~~~~~~~~
     __builtin_ia32_clflush
cc1: all warnings being treated as errors
make[1]: *** [CMakeFiles/cmTC_e8e2e.dir/build.make:66: CMakeFiles/cmTC_e8e2e.dir/src.c.o] Error 1
make[1]: Leaving directory '/home/membo/upmem-lib-membo/upmem-2021.3.0-Linux-x86_64/src/backends/build/CMakeFiles/CMakeTmp'
make: *** [Makefile:121: cmTC_e8e2e/fast] Error 2


...and run output:

Return value: 1
Source file was:

  #include <immintrin.h>
  int main()
  {
    int flush;
    __builtin_ia32_clflushopt(&flush);
    return 0;
  }

Performing C SOURCE FILE Test CXX_COMPILES_CLFLUSHOPT_1 failed with the following output:
Change Dir: /home/membo/upmem-lib-membo/upmem-2021.3.0-Linux-x86_64/src/backends/build/CMakeFiles/CMakeTmp

Run Build Command(s):/usr/bin/make cmTC_3fa2d/fast && /usr/bin/make -f CMakeFiles/cmTC_3fa2d.dir/build.make CMakeFiles/cmTC_3fa2d.dir/build
make[1]: Entering directory '/home/membo/upmem-lib-membo/upmem-2021.3.0-Linux-x86_64/src/backends/build/CMakeFiles/CMakeTmp'
Building C object CMakeFiles/cmTC_3fa2d.dir/src.c.o
/usr/bin/cc   -Wall -Werror -Wextra -std=gnu11  -DCXX_COMPILES_CLFLUSHOPT_1   -o CMakeFiles/cmTC_3fa2d.dir/src.c.o   -c /home/membo/upmem-lib-membo/upmem-2021.3.0-Linux-x86_64/src/backends/build/CMakeFiles/CMakeTmp/src.c
/home/membo/upmem-lib-membo/upmem-2021.3.0-Linux-x86_64/src/backends/build/CMakeFiles/CMakeTmp/src.c: In function ‘main’:
/home/membo/upmem-lib-membo/upmem-2021.3.0-Linux-x86_64/src/backends/build/CMakeFiles/CMakeTmp/src.c:6:5: error: implicit declaration of function ‘__builtin_ia32_clflushopt’; did you mean ‘__builtin_ia32_clflush’? [-Werror=implicit-function-declaration]
     __builtin_ia32_clflushopt(&flush);
     ^~~~~~~~~~~~~~~~~~~~~~~~~
     __builtin_ia32_clflush
cc1: all warnings being treated as errors
make[1]: *** [CMakeFiles/cmTC_3fa2d.dir/build.make:66: CMakeFiles/cmTC_3fa2d.dir/src.c.o] Error 1
make[1]: Leaving directory '/home/membo/upmem-lib-membo/upmem-2021.3.0-Linux-x86_64/src/backends/build/CMakeFiles/CMakeTmp'
make: *** [Makefile:121: cmTC_3fa2d/fast] Error 2


Source file was:

  #include <immintrin.h>
  int main()
  {
    int flush;
    __builtin_ia32_clflushopt(&flush);
    return 0;
  }

